2022-09-27 09:11:25,121 INFO impl.MetricsConfig: Loaded properties from hadoop-metrics2.properties
2022-09-27 09:11:25,192 INFO impl.MetricsSystemImpl: Scheduled Metric snapshot period at 10 second(s).
2022-09-27 09:11:25,193 INFO impl.MetricsSystemImpl: JobTracker metrics system started
2022-09-27 09:11:25,245 WARN mapreduce.JobResourceUploader: Hadoop command-line option parsing not performed. Implement the Tool interface and execute your application with ToolRunner to remedy this.
2022-09-27 09:11:25,272 INFO input.FileInputFormat: Total input files to process : 1
2022-09-27 09:11:25,297 INFO mapreduce.JobSubmitter: number of splits:1
2022-09-27 09:11:25,434 INFO mapreduce.JobSubmitter: Submitting tokens for job: job_local1761634429_0001
2022-09-27 09:11:25,434 INFO mapreduce.JobSubmitter: Executing with tokens: []
2022-09-27 09:11:25,520 INFO mapreduce.Job: The url to track the job: http://localhost:8080/
2022-09-27 09:11:25,522 INFO mapreduce.Job: Running job: job_local1761634429_0001
2022-09-27 09:11:25,527 INFO mapred.LocalJobRunner: OutputCommitter set in config null
2022-09-27 09:11:25,531 INFO output.FileOutputCommitter: File Output Committer Algorithm version is 2
2022-09-27 09:11:25,531 INFO output.FileOutputCommitter: FileOutputCommitter skip cleanup _temporary folders under output directory:false, ignore cleanup failures: false
2022-09-27 09:11:25,532 INFO mapred.LocalJobRunner: OutputCommitter is org.apache.hadoop.mapreduce.lib.output.FileOutputCommitter
2022-09-27 09:11:25,632 INFO mapred.LocalJobRunner: Waiting for map tasks
2022-09-27 09:11:25,632 INFO mapred.LocalJobRunner: Starting task: attempt_local1761634429_0001_m_000000_0
2022-09-27 09:11:25,646 INFO output.FileOutputCommitter: File Output Committer Algorithm version is 2
2022-09-27 09:11:25,646 INFO output.FileOutputCommitter: FileOutputCommitter skip cleanup _temporary folders under output directory:false, ignore cleanup failures: false
2022-09-27 09:11:25,666 INFO mapred.Task:  Using ResourceCalculatorProcessTree : [ ]
2022-09-27 09:11:25,668 INFO mapred.MapTask: Processing split: file:/home/vthamalla/project1/small-netflix.csv:0+252
2022-09-27 09:11:25,687 INFO mapred.MapTask: (EQUATOR) 0 kvi 26214396(104857584)
2022-09-27 09:11:25,687 INFO mapred.MapTask: mapreduce.task.io.sort.mb: 100
2022-09-27 09:11:25,687 INFO mapred.MapTask: soft limit at 83886080
2022-09-27 09:11:25,687 INFO mapred.MapTask: bufstart = 0; bufvoid = 104857600
2022-09-27 09:11:25,687 INFO mapred.MapTask: kvstart = 26214396; length = 6553600
2022-09-27 09:11:25,690 INFO mapred.MapTask: Map output collector class = org.apache.hadoop.mapred.MapTask$MapOutputBuffer
2022-09-27 09:11:25,710 INFO mapred.LocalJobRunner: 
2022-09-27 09:11:25,710 INFO mapred.MapTask: Starting flush of map output
2022-09-27 09:11:25,710 INFO mapred.MapTask: Spilling map output
2022-09-27 09:11:25,710 INFO mapred.MapTask: bufstart = 0; bufend = 120; bufvoid = 104857600
2022-09-27 09:11:25,710 INFO mapred.MapTask: kvstart = 26214396(104857584); kvend = 26214340(104857360); length = 57/6553600
2022-09-27 09:11:25,714 INFO mapred.MapTask: Finished spill 0
2022-09-27 09:11:25,719 INFO mapred.Task: Task:attempt_local1761634429_0001_m_000000_0 is done. And is in the process of committing
2022-09-27 09:11:25,721 INFO mapred.LocalJobRunner: map
2022-09-27 09:11:25,721 INFO mapred.Task: Task 'attempt_local1761634429_0001_m_000000_0' done.
2022-09-27 09:11:25,725 INFO mapred.Task: Final Counters for attempt_local1761634429_0001_m_000000_0: Counters: 17
	File System Counters
		FILE: Number of bytes read=5288
		FILE: Number of bytes written=551047
		FILE: Number of read operations=0
		FILE: Number of large read operations=0
		FILE: Number of write operations=0
	Map-Reduce Framework
		Map input records=18
		Map output records=15
		Map output bytes=120
		Map output materialized bytes=156
		Input split bytes=112
		Combine input records=0
		Spilled Records=15
		Failed Shuffles=0
		Merged Map outputs=0
		GC time elapsed (ms)=3
		Total committed heap usage (bytes)=322961408
	File Input Format Counters 
		Bytes Read=252
2022-09-27 09:11:25,725 INFO mapred.LocalJobRunner: Finishing task: attempt_local1761634429_0001_m_000000_0
2022-09-27 09:11:25,725 INFO mapred.LocalJobRunner: map task executor complete.
2022-09-27 09:11:25,727 INFO mapred.LocalJobRunner: Waiting for reduce tasks
2022-09-27 09:11:25,727 INFO mapred.LocalJobRunner: Starting task: attempt_local1761634429_0001_r_000000_0
2022-09-27 09:11:25,731 INFO output.FileOutputCommitter: File Output Committer Algorithm version is 2
2022-09-27 09:11:25,731 INFO output.FileOutputCommitter: FileOutputCommitter skip cleanup _temporary folders under output directory:false, ignore cleanup failures: false
2022-09-27 09:11:25,731 INFO mapred.Task:  Using ResourceCalculatorProcessTree : [ ]
2022-09-27 09:11:25,732 INFO mapred.ReduceTask: Using ShuffleConsumerPlugin: org.apache.hadoop.mapreduce.task.reduce.Shuffle@166bde9
2022-09-27 09:11:25,733 WARN impl.MetricsSystemImpl: JobTracker metrics system already initialized!
2022-09-27 09:11:25,754 INFO reduce.MergeManagerImpl: MergerManager: memoryLimit=3006477056, maxSingleShuffleLimit=751619264, mergeThreshold=1984274944, ioSortFactor=10, memToMemMergeOutputsThreshold=10
2022-09-27 09:11:25,756 INFO reduce.EventFetcher: attempt_local1761634429_0001_r_000000_0 Thread started: EventFetcher for fetching Map Completion Events
2022-09-27 09:11:25,775 INFO reduce.LocalFetcher: localfetcher#1 about to shuffle output of map attempt_local1761634429_0001_m_000000_0 decomp: 152 len: 156 to MEMORY
2022-09-27 09:11:25,777 INFO reduce.InMemoryMapOutput: Read 152 bytes from map-output for attempt_local1761634429_0001_m_000000_0
2022-09-27 09:11:25,778 INFO reduce.MergeManagerImpl: closeInMemoryFile -> map-output of size: 152, inMemoryMapOutputs.size() -> 1, commitMemory -> 0, usedMemory ->152
2022-09-27 09:11:25,779 INFO reduce.EventFetcher: EventFetcher is interrupted.. Returning
2022-09-27 09:11:25,780 INFO mapred.LocalJobRunner: 1 / 1 copied.
2022-09-27 09:11:25,780 INFO reduce.MergeManagerImpl: finalMerge called with 1 in-memory map-outputs and 0 on-disk map-outputs
2022-09-27 09:11:25,784 INFO mapred.Merger: Merging 1 sorted segments
2022-09-27 09:11:25,784 INFO mapred.Merger: Down to the last merge-pass, with 1 segments left of total size: 146 bytes
2022-09-27 09:11:25,784 INFO reduce.MergeManagerImpl: Merged 1 segments, 152 bytes to disk to satisfy reduce memory limit
2022-09-27 09:11:25,785 INFO reduce.MergeManagerImpl: Merging 1 files, 156 bytes from disk
2022-09-27 09:11:25,785 INFO reduce.MergeManagerImpl: Merging 0 segments, 0 bytes from memory into reduce
2022-09-27 09:11:25,785 INFO mapred.Merger: Merging 1 sorted segments
2022-09-27 09:11:25,785 INFO mapred.Merger: Down to the last merge-pass, with 1 segments left of total size: 146 bytes
2022-09-27 09:11:25,786 INFO mapred.LocalJobRunner: 1 / 1 copied.
2022-09-27 09:11:25,883 INFO Configuration.deprecation: mapred.skip.on is deprecated. Instead, use mapreduce.job.skiprecords
2022-09-27 09:11:25,904 INFO mapred.Task: Task:attempt_local1761634429_0001_r_000000_0 is done. And is in the process of committing
2022-09-27 09:11:25,905 INFO mapred.LocalJobRunner: 1 / 1 copied.
2022-09-27 09:11:25,905 INFO mapred.Task: Task attempt_local1761634429_0001_r_000000_0 is allowed to commit now
2022-09-27 09:11:25,914 INFO output.FileOutputCommitter: Saved output of task 'attempt_local1761634429_0001_r_000000_0' to file:/home/vthamalla/project1/temp
2022-09-27 09:11:25,915 INFO mapred.LocalJobRunner: reduce > reduce
2022-09-27 09:11:25,915 INFO mapred.Task: Task 'attempt_local1761634429_0001_r_000000_0' done.
2022-09-27 09:11:25,916 INFO mapred.Task: Final Counters for attempt_local1761634429_0001_r_000000_0: Counters: 24
	File System Counters
		FILE: Number of bytes read=5632
		FILE: Number of bytes written=551257
		FILE: Number of read operations=0
		FILE: Number of large read operations=0
		FILE: Number of write operations=0
	Map-Reduce Framework
		Combine input records=0
		Combine output records=0
		Reduce input groups=7
		Reduce shuffle bytes=156
		Reduce input records=15
		Reduce output records=7
		Spilled Records=15
		Shuffled Maps =1
		Failed Shuffles=0
		Merged Map outputs=1
		GC time elapsed (ms)=0
		Total committed heap usage (bytes)=322961408
	Shuffle Errors
		BAD_ID=0
		CONNECTION=0
		IO_ERROR=0
		WRONG_LENGTH=0
		WRONG_MAP=0
		WRONG_REDUCE=0
	File Output Format Counters 
		Bytes Written=54
2022-09-27 09:11:25,916 INFO mapred.LocalJobRunner: Finishing task: attempt_local1761634429_0001_r_000000_0
2022-09-27 09:11:25,916 INFO mapred.LocalJobRunner: reduce task executor complete.
2022-09-27 09:11:26,526 INFO mapreduce.Job: Job job_local1761634429_0001 running in uber mode : false
2022-09-27 09:11:26,527 INFO mapreduce.Job:  map 100% reduce 100%
2022-09-27 09:11:26,527 INFO mapreduce.Job: Job job_local1761634429_0001 completed successfully
2022-09-27 09:11:26,532 INFO mapreduce.Job: Counters: 30
	File System Counters
		FILE: Number of bytes read=10920
		FILE: Number of bytes written=1102304
		FILE: Number of read operations=0
		FILE: Number of large read operations=0
		FILE: Number of write operations=0
	Map-Reduce Framework
		Map input records=18
		Map output records=15
		Map output bytes=120
		Map output materialized bytes=156
		Input split bytes=112
		Combine input records=0
		Combine output records=0
		Reduce input groups=7
		Reduce shuffle bytes=156
		Reduce input records=15
		Reduce output records=7
		Spilled Records=30
		Shuffled Maps =1
		Failed Shuffles=0
		Merged Map outputs=1
		GC time elapsed (ms)=3
		Total committed heap usage (bytes)=645922816
	Shuffle Errors
		BAD_ID=0
		CONNECTION=0
		IO_ERROR=0
		WRONG_LENGTH=0
		WRONG_MAP=0
		WRONG_REDUCE=0
	File Input Format Counters 
		Bytes Read=252
	File Output Format Counters 
		Bytes Written=54
2022-09-27 09:11:26,545 WARN impl.MetricsSystemImpl: JobTracker metrics system already initialized!
2022-09-27 09:11:26,547 WARN mapreduce.JobResourceUploader: Hadoop command-line option parsing not performed. Implement the Tool interface and execute your application with ToolRunner to remedy this.
2022-09-27 09:11:26,552 INFO input.FileInputFormat: Total input files to process : 1
2022-09-27 09:11:26,554 INFO mapreduce.JobSubmitter: number of splits:1
2022-09-27 09:11:26,567 INFO mapreduce.JobSubmitter: Submitting tokens for job: job_local629420470_0002
2022-09-27 09:11:26,567 INFO mapreduce.JobSubmitter: Executing with tokens: []
2022-09-27 09:11:26,622 INFO mapreduce.Job: The url to track the job: http://localhost:8080/
2022-09-27 09:11:26,622 INFO mapreduce.Job: Running job: job_local629420470_0002
2022-09-27 09:11:26,623 INFO mapred.LocalJobRunner: OutputCommitter set in config null
2022-09-27 09:11:26,623 INFO output.FileOutputCommitter: File Output Committer Algorithm version is 2
2022-09-27 09:11:26,623 INFO output.FileOutputCommitter: FileOutputCommitter skip cleanup _temporary folders under output directory:false, ignore cleanup failures: false
2022-09-27 09:11:26,623 INFO mapred.LocalJobRunner: OutputCommitter is org.apache.hadoop.mapreduce.lib.output.FileOutputCommitter
2022-09-27 09:11:26,692 INFO mapred.LocalJobRunner: Waiting for map tasks
2022-09-27 09:11:26,692 INFO mapred.LocalJobRunner: Starting task: attempt_local629420470_0002_m_000000_0
2022-09-27 09:11:26,693 INFO output.FileOutputCommitter: File Output Committer Algorithm version is 2
2022-09-27 09:11:26,693 INFO output.FileOutputCommitter: FileOutputCommitter skip cleanup _temporary folders under output directory:false, ignore cleanup failures: false
2022-09-27 09:11:26,694 INFO mapred.Task:  Using ResourceCalculatorProcessTree : [ ]
2022-09-27 09:11:26,694 INFO mapred.MapTask: Processing split: file:/home/vthamalla/project1/temp/part-r-00000:0+42
2022-09-27 09:11:26,709 INFO mapred.MapTask: (EQUATOR) 0 kvi 26214396(104857584)
2022-09-27 09:11:26,710 INFO mapred.MapTask: mapreduce.task.io.sort.mb: 100
2022-09-27 09:11:26,710 INFO mapred.MapTask: soft limit at 83886080
2022-09-27 09:11:26,710 INFO mapred.MapTask: bufstart = 0; bufvoid = 104857600
2022-09-27 09:11:26,710 INFO mapred.MapTask: kvstart = 26214396; length = 6553600
2022-09-27 09:11:26,711 INFO mapred.MapTask: Map output collector class = org.apache.hadoop.mapred.MapTask$MapOutputBuffer
2022-09-27 09:11:26,718 INFO mapred.LocalJobRunner: 
2022-09-27 09:11:26,718 INFO mapred.MapTask: Starting flush of map output
2022-09-27 09:11:26,718 INFO mapred.MapTask: Spilling map output
2022-09-27 09:11:26,718 INFO mapred.MapTask: bufstart = 0; bufend = 84; bufvoid = 104857600
2022-09-27 09:11:26,718 INFO mapred.MapTask: kvstart = 26214396(104857584); kvend = 26214372(104857488); length = 25/6553600
2022-09-27 09:11:26,719 INFO mapred.MapTask: Finished spill 0
2022-09-27 09:11:26,720 INFO mapred.Task: Task:attempt_local629420470_0002_m_000000_0 is done. And is in the process of committing
2022-09-27 09:11:26,724 INFO mapred.LocalJobRunner: map
2022-09-27 09:11:26,724 INFO mapred.Task: Task 'attempt_local629420470_0002_m_000000_0' done.
2022-09-27 09:11:26,725 INFO mapred.Task: Final Counters for attempt_local629420470_0002_m_000000_0: Counters: 17
	File System Counters
		FILE: Number of bytes read=10725
		FILE: Number of bytes written=1099629
		FILE: Number of read operations=0
		FILE: Number of large read operations=0
		FILE: Number of write operations=0
	Map-Reduce Framework
		Map input records=7
		Map output records=7
		Map output bytes=84
		Map output materialized bytes=104
		Input split bytes=112
		Combine input records=0
		Spilled Records=7
		Failed Shuffles=0
		Merged Map outputs=0
		GC time elapsed (ms)=4
		Total committed heap usage (bytes)=322961408
	File Input Format Counters 
		Bytes Read=58
2022-09-27 09:11:26,725 INFO mapred.LocalJobRunner: Finishing task: attempt_local629420470_0002_m_000000_0
2022-09-27 09:11:26,725 INFO mapred.LocalJobRunner: map task executor complete.
2022-09-27 09:11:26,726 INFO mapred.LocalJobRunner: Waiting for reduce tasks
2022-09-27 09:11:26,726 INFO mapred.LocalJobRunner: Starting task: attempt_local629420470_0002_r_000000_0
2022-09-27 09:11:26,727 INFO output.FileOutputCommitter: File Output Committer Algorithm version is 2
2022-09-27 09:11:26,727 INFO output.FileOutputCommitter: FileOutputCommitter skip cleanup _temporary folders under output directory:false, ignore cleanup failures: false
2022-09-27 09:11:26,727 INFO mapred.Task:  Using ResourceCalculatorProcessTree : [ ]
2022-09-27 09:11:26,727 INFO mapred.ReduceTask: Using ShuffleConsumerPlugin: org.apache.hadoop.mapreduce.task.reduce.Shuffle@7b027b61
2022-09-27 09:11:26,727 WARN impl.MetricsSystemImpl: JobTracker metrics system already initialized!
2022-09-27 09:11:26,728 INFO reduce.MergeManagerImpl: MergerManager: memoryLimit=3006477056, maxSingleShuffleLimit=751619264, mergeThreshold=1984274944, ioSortFactor=10, memToMemMergeOutputsThreshold=10
2022-09-27 09:11:26,728 INFO reduce.EventFetcher: attempt_local629420470_0002_r_000000_0 Thread started: EventFetcher for fetching Map Completion Events
2022-09-27 09:11:26,729 INFO reduce.LocalFetcher: localfetcher#2 about to shuffle output of map attempt_local629420470_0002_m_000000_0 decomp: 100 len: 104 to MEMORY
2022-09-27 09:11:26,730 INFO reduce.InMemoryMapOutput: Read 100 bytes from map-output for attempt_local629420470_0002_m_000000_0
2022-09-27 09:11:26,730 INFO reduce.MergeManagerImpl: closeInMemoryFile -> map-output of size: 100, inMemoryMapOutputs.size() -> 1, commitMemory -> 0, usedMemory ->100
2022-09-27 09:11:26,730 INFO reduce.EventFetcher: EventFetcher is interrupted.. Returning
2022-09-27 09:11:26,730 INFO mapred.LocalJobRunner: 1 / 1 copied.
2022-09-27 09:11:26,730 INFO reduce.MergeManagerImpl: finalMerge called with 1 in-memory map-outputs and 0 on-disk map-outputs
2022-09-27 09:11:26,731 INFO mapred.Merger: Merging 1 sorted segments
2022-09-27 09:11:26,731 INFO mapred.Merger: Down to the last merge-pass, with 1 segments left of total size: 90 bytes
2022-09-27 09:11:26,732 INFO reduce.MergeManagerImpl: Merged 1 segments, 100 bytes to disk to satisfy reduce memory limit
2022-09-27 09:11:26,732 INFO reduce.MergeManagerImpl: Merging 1 files, 104 bytes from disk
2022-09-27 09:11:26,732 INFO reduce.MergeManagerImpl: Merging 0 segments, 0 bytes from memory into reduce
2022-09-27 09:11:26,732 INFO mapred.Merger: Merging 1 sorted segments
2022-09-27 09:11:26,732 INFO mapred.Merger: Down to the last merge-pass, with 1 segments left of total size: 90 bytes
2022-09-27 09:11:26,732 INFO mapred.LocalJobRunner: 1 / 1 copied.
2022-09-27 09:11:26,783 INFO mapred.Task: Task:attempt_local629420470_0002_r_000000_0 is done. And is in the process of committing
2022-09-27 09:11:26,784 INFO mapred.LocalJobRunner: 1 / 1 copied.
2022-09-27 09:11:26,784 INFO mapred.Task: Task attempt_local629420470_0002_r_000000_0 is allowed to commit now
2022-09-27 09:11:26,793 INFO output.FileOutputCommitter: Saved output of task 'attempt_local629420470_0002_r_000000_0' to file:/home/vthamalla/project1/output
2022-09-27 09:11:26,793 INFO mapred.LocalJobRunner: reduce > reduce
2022-09-27 09:11:26,793 INFO mapred.Task: Task 'attempt_local629420470_0002_r_000000_0' done.
2022-09-27 09:11:26,793 INFO mapred.Task: Final Counters for attempt_local629420470_0002_r_000000_0: Counters: 24
	File System Counters
		FILE: Number of bytes read=10965
		FILE: Number of bytes written=1099781
		FILE: Number of read operations=0
		FILE: Number of large read operations=0
		FILE: Number of write operations=0
	Map-Reduce Framework
		Combine input records=0
		Combine output records=0
		Reduce input groups=6
		Reduce shuffle bytes=104
		Reduce input records=7
		Reduce output records=6
		Spilled Records=7
		Shuffled Maps =1
		Failed Shuffles=0
		Merged Map outputs=1
		GC time elapsed (ms)=0
		Total committed heap usage (bytes)=322961408
	Shuffle Errors
		BAD_ID=0
		CONNECTION=0
		IO_ERROR=0
		WRONG_LENGTH=0
		WRONG_MAP=0
		WRONG_REDUCE=0
	File Output Format Counters 
		Bytes Written=48
2022-09-27 09:11:26,793 INFO mapred.LocalJobRunner: Finishing task: attempt_local629420470_0002_r_000000_0
2022-09-27 09:11:26,794 INFO mapred.LocalJobRunner: reduce task executor complete.
2022-09-27 09:11:27,622 INFO mapreduce.Job: Job job_local629420470_0002 running in uber mode : false
2022-09-27 09:11:27,623 INFO mapreduce.Job:  map 100% reduce 100%
2022-09-27 09:11:27,623 INFO mapreduce.Job: Job job_local629420470_0002 completed successfully
2022-09-27 09:11:27,625 INFO mapreduce.Job: Counters: 30
	File System Counters
		FILE: Number of bytes read=21690
		FILE: Number of bytes written=2199410
		FILE: Number of read operations=0
		FILE: Number of large read operations=0
		FILE: Number of write operations=0
	Map-Reduce Framework
		Map input records=7
		Map output records=7
		Map output bytes=84
		Map output materialized bytes=104
		Input split bytes=112
		Combine input records=0
		Combine output records=0
		Reduce input groups=6
		Reduce shuffle bytes=104
		Reduce input records=7
		Reduce output records=6
		Spilled Records=14
		Shuffled Maps =1
		Failed Shuffles=0
		Merged Map outputs=1
		GC time elapsed (ms)=4
		Total committed heap usage (bytes)=645922816
	Shuffle Errors
		BAD_ID=0
		CONNECTION=0
		IO_ERROR=0
		WRONG_LENGTH=0
		WRONG_MAP=0
		WRONG_REDUCE=0
	File Input Format Counters 
		Bytes Read=58
	File Output Format Counters 
		Bytes Written=48
