myHadoop: Using HADOOP_HOME=/expanse/lustre/projects/uot182/fegaras/hadoop-3.2.2
myHadoop: Using MH_SCRATCH_DIR=/scratch/vthamalla/job_17380671
myHadoop: Using JAVA_HOME=/cm/shared/apps/spack/cpu/opt/spack/linux-centos8-zen2/gcc-10.2.0/openjdk-11.0.2-ysua3xn34v6hnko3reiffhlg2r2q7fol
myHadoop: Generating Hadoop configuration in directory in /home/vthamalla/expansecluster...
myHadoop: Backing up old config dir to /home/vthamalla/expansecluster.0...
renamed '/home/vthamalla/expansecluster' -> '/home/vthamalla/expansecluster.0'
myHadoop: Designating exp-9-03 as master node (namenode, secondary namenode, and jobtracker)
myHadoop: The following nodes will be slaves (datanode, tasktracer):
exp-9-03
WARNING: /scratch/vthamalla/job_17380671/pids does not exist. Creating.
WARNING: /scratch/vthamalla/job_17380671/logs does not exist. Creating.
2022-11-08 20:26:52,528 INFO namenode.NameNode: STARTUP_MSG: 
/************************************************************
STARTUP_MSG: Starting NameNode
STARTUP_MSG:   host = exp-9-03/198.202.102.28
STARTUP_MSG:   args = [-format, -nonInteractive, -force]
STARTUP_MSG:   version = 3.2.2
STARTUP_MSG:   classpath = /home/vthamalla/expansecluster:/expanse/lustre/projects/uot182/fegaras/hadoop-3.2.2/share/hadoop/common/lib/jackson-databind-2.9.10.4.jar:/expanse/lustre/projects/uot182/fegaras/hadoop-3.2.2/share/hadoop/common/lib/jsp-api-2.1.jar:/expanse/lustre/projects/uot182/fegaras/hadoop-3.2.2/share/hadoop/common/lib/jackson-jaxrs-1.9.13.jar:/expanse/lustre/projects/uot182/fegaras/hadoop-3.2.2/share/hadoop/common/lib/kerb-identity-1.0.1.jar:/expanse/lustre/projects/uot182/fegaras/hadoop-3.2.2/share/hadoop/common/lib/snappy-java-1.0.5.jar:/expanse/lustre/projects/uot182/fegaras/hadoop-3.2.2/share/hadoop/common/lib/failureaccess-1.0.jar:/expanse/lustre/projects/uot182/fegaras/hadoop-3.2.2/share/hadoop/common/lib/error_prone_annotations-2.2.0.jar:/expanse/lustre/projects/uot182/fegaras/hadoop-3.2.2/share/hadoop/common/lib/protobuf-java-2.5.0.jar:/expanse/lustre/projects/uot182/fegaras/hadoop-3.2.2/share/hadoop/common/lib/jaxb-api-2.2.11.jar:/expanse/lustre/projects/uot182/fegaras/hadoop-3.2.2/share/hadoop/common/lib/commons-beanutils-1.9.4.jar:/expanse/lustre/projects/uot182/fegaras/hadoop-3.2.2/share/hadoop/common/lib/kerb-client-1.0.1.jar:/expanse/lustre/projects/uot182/fegaras/hadoop-3.2.2/share/hadoop/common/lib/jul-to-slf4j-1.7.25.jar:/expanse/lustre/projects/uot182/fegaras/hadoop-3.2.2/share/hadoop/common/lib/commons-logging-1.1.3.jar:/expanse/lustre/projects/uot182/fegaras/hadoop-3.2.2/share/hadoop/common/lib/hadoop-annotations-3.2.2.jar:/expanse/lustre/projects/uot182/fegaras/hadoop-3.2.2/share/hadoop/common/lib/kerb-common-1.0.1.jar:/expanse/lustre/projects/uot182/fegaras/hadoop-3.2.2/share/hadoop/common/lib/kerb-simplekdc-1.0.1.jar:/expanse/lustre/projects/uot182/fegaras/hadoop-3.2.2/share/hadoop/common/lib/woodstox-core-5.0.3.jar:/expanse/lustre/projects/uot182/fegaras/hadoop-3.2.2/share/hadoop/common/lib/metrics-core-3.2.4.jar:/expanse/lustre/projects/uot182/fegaras/hadoop-3.2.2/share/hadoop/common/lib/stax2-api-3.1.4.jar:/expanse/lustre/projects/uot182/fegaras/hadoop-3.2.2/share/hadoop/common/lib/jetty-security-9.4.20.v20190813.jar:/expanse/lustre/projects/uot182/fegaras/hadoop-3.2.2/share/hadoop/common/lib/avro-1.7.7.jar:/expanse/lustre/projects/uot182/fegaras/hadoop-3.2.2/share/hadoop/common/lib/accessors-smart-1.2.jar:/expanse/lustre/projects/uot182/fegaras/hadoop-3.2.2/share/hadoop/common/lib/jersey-servlet-1.19.jar:/expanse/lustre/projects/uot182/fegaras/hadoop-3.2.2/share/hadoop/common/lib/kerb-server-1.0.1.jar:/expanse/lustre/projects/uot182/fegaras/hadoop-3.2.2/share/hadoop/common/lib/jackson-core-asl-1.9.13.jar:/expanse/lustre/projects/uot182/fegaras/hadoop-3.2.2/share/hadoop/common/lib/kerb-crypto-1.0.1.jar:/expanse/lustre/projects/uot182/fegaras/hadoop-3.2.2/share/hadoop/common/lib/jcip-annotations-1.0-1.jar:/expanse/lustre/projects/uot182/fegaras/hadoop-3.2.2/share/hadoop/common/lib/kerby-util-1.0.1.jar:/expanse/lustre/projects/uot182/fegaras/hadoop-3.2.2/share/hadoop/common/lib/jetty-io-9.4.20.v20190813.jar:/expanse/lustre/projects/uot182/fegaras/hadoop-3.2.2/share/hadoop/common/lib/commons-cli-1.2.jar:/expanse/lustre/projects/uot182/fegaras/hadoop-3.2.2/share/hadoop/common/lib/re2j-1.1.jar:/expanse/lustre/projects/uot182/fegaras/hadoop-3.2.2/share/hadoop/common/lib/j2objc-annotations-1.1.jar:/expanse/lustre/projects/uot182/fegaras/hadoop-3.2.2/share/hadoop/common/lib/jsr305-3.0.2.jar:/expanse/lustre/projects/uot182/fegaras/hadoop-3.2.2/share/hadoop/common/lib/nimbus-jose-jwt-7.9.jar:/expanse/lustre/projects/uot182/fegaras/hadoop-3.2.2/share/hadoop/common/lib/commons-lang3-3.7.jar:/expanse/lustre/projects/uot182/fegaras/hadoop-3.2.2/share/hadoop/common/lib/gson-2.2.4.jar:/expanse/lustre/projects/uot182/fegaras/hadoop-3.2.2/share/hadoop/common/lib/token-provider-1.0.1.jar:/expanse/lustre/projects/uot182/fegaras/hadoop-3.2.2/share/hadoop/common/lib/jackson-xc-1.9.13.jar:/expanse/lustre/projects/uot182/fegaras/hadoop-3.2.2/share/hadoop/common/lib/jersey-server-1.19.jar:/expanse/lustre/projects/uot182/fegaras/hadoop-3.2.2/share/hadoop/common/lib/kerb-util-1.0.1.jar:/expanse/lustre/projects/uot182/fegaras/hadoop-3.2.2/share/hadoop/common/lib/kerby-xdr-1.0.1.jar:/expanse/lustre/projects/uot182/fegaras/hadoop-3.2.2/share/hadoop/common/lib/jettison-1.1.jar:/expanse/lustre/projects/uot182/fegaras/hadoop-3.2.2/share/hadoop/common/lib/kerby-asn1-1.0.1.jar:/expanse/lustre/projects/uot182/fegaras/hadoop-3.2.2/share/hadoop/common/lib/hadoop-auth-3.2.2.jar:/expanse/lustre/projects/uot182/fegaras/hadoop-3.2.2/share/hadoop/common/lib/curator-recipes-2.13.0.jar:/expanse/lustre/projects/uot182/fegaras/hadoop-3.2.2/share/hadoop/common/lib/kerby-pkix-1.0.1.jar:/expanse/lustre/projects/uot182/fegaras/hadoop-3.2.2/share/hadoop/common/lib/jersey-core-1.19.jar:/expanse/lustre/projects/uot182/fegaras/hadoop-3.2.2/share/hadoop/common/lib/commons-compress-1.19.jar:/expanse/lustre/projects/uot182/fegaras/hadoop-3.2.2/share/hadoop/common/lib/commons-text-1.4.jar:/expanse/lustre/projects/uot182/fegaras/hadoop-3.2.2/share/hadoop/common/lib/httpcore-4.4.13.jar:/expanse/lustre/projects/uot182/fegaras/hadoop-3.2.2/share/hadoop/common/lib/jetty-server-9.4.20.v20190813.jar:/expanse/lustre/projects/uot182/fegaras/hadoop-3.2.2/share/hadoop/common/lib/json-smart-2.3.jar:/expanse/lustre/projects/uot182/fegaras/hadoop-3.2.2/share/hadoop/common/lib/jetty-webapp-9.4.20.v20190813.jar:/expanse/lustre/projects/uot182/fegaras/hadoop-3.2.2/share/hadoop/common/lib/dnsjava-2.1.7.jar:/expanse/lustre/projects/uot182/fegaras/hadoop-3.2.2/share/hadoop/common/lib/jetty-servlet-9.4.20.v20190813.jar:/expanse/lustre/projects/uot182/fegaras/hadoop-3.2.2/share/hadoop/common/lib/asm-5.0.4.jar:/expanse/lustre/projects/uot182/fegaras/hadoop-3.2.2/share/hadoop/common/lib/log4j-1.2.17.jar:/expanse/lustre/projects/uot182/fegaras/hadoop-3.2.2/share/hadoop/common/lib/jetty-xml-9.4.20.v20190813.jar:/expanse/lustre/projects/uot182/fegaras/hadoop-3.2.2/share/hadoop/common/lib/jackson-annotations-2.9.10.jar:/expanse/lustre/projects/uot182/fegaras/hadoop-3.2.2/share/hadoop/common/lib/htrace-core4-4.1.0-incubating.jar:/expanse/lustre/projects/uot182/fegaras/hadoop-3.2.2/share/hadoop/common/lib/kerb-admin-1.0.1.jar:/expanse/lustre/projects/uot182/fegaras/hadoop-3.2.2/share/hadoop/common/lib/audience-annotations-0.5.0.jar:/expanse/lustre/projects/uot182/fegaras/hadoop-3.2.2/share/hadoop/common/lib/commons-net-3.6.jar:/expanse/lustre/projects/uot182/fegaras/hadoop-3.2.2/share/hadoop/common/lib/javax.servlet-api-3.1.0.jar:/expanse/lustre/projects/uot182/fegaras/hadoop-3.2.2/share/hadoop/common/lib/guava-27.0-jre.jar:/expanse/lustre/projects/uot182/fegaras/hadoop-3.2.2/share/hadoop/common/lib/javax.activation-api-1.2.0.jar:/expanse/lustre/projects/uot182/fegaras/hadoop-3.2.2/share/hadoop/common/lib/kerb-core-1.0.1.jar:/expanse/lustre/projects/uot182/fegaras/hadoop-3.2.2/share/hadoop/common/lib/commons-math3-3.1.1.jar:/expanse/lustre/projects/uot182/fegaras/hadoop-3.2.2/share/hadoop/common/lib/commons-collections-3.2.2.jar:/expanse/lustre/projects/uot182/fegaras/hadoop-3.2.2/share/hadoop/common/lib/jetty-util-9.4.20.v20190813.jar:/expanse/lustre/projects/uot182/fegaras/hadoop-3.2.2/share/hadoop/common/lib/jaxb-impl-2.2.3-1.jar:/expanse/lustre/projects/uot182/fegaras/hadoop-3.2.2/share/hadoop/common/lib/jackson-core-2.9.10.jar:/expanse/lustre/projects/uot182/fegaras/hadoop-3.2.2/share/hadoop/common/lib/zookeeper-3.4.13.jar:/expanse/lustre/projects/uot182/fegaras/hadoop-3.2.2/share/hadoop/common/lib/slf4j-log4j12-1.7.25.jar:/expanse/lustre/projects/uot182/fegaras/hadoop-3.2.2/share/hadoop/common/lib/curator-client-2.13.0.jar:/expanse/lustre/projects/uot182/fegaras/hadoop-3.2.2/share/hadoop/common/lib/checker-qual-2.5.2.jar:/expanse/lustre/projects/uot182/fegaras/hadoop-3.2.2/share/hadoop/common/lib/commons-io-2.5.jar:/expanse/lustre/projects/uot182/fegaras/hadoop-3.2.2/share/hadoop/common/lib/jetty-http-9.4.20.v20190813.jar:/expanse/lustre/projects/uot182/fegaras/hadoop-3.2.2/share/hadoop/common/lib/jsch-0.1.55.jar:/expanse/lustre/projects/uot182/fegaras/hadoop-3.2.2/share/hadoop/common/lib/commons-codec-1.11.jar:/expanse/lustre/projects/uot182/fegaras/hadoop-3.2.2/share/hadoop/common/lib/httpclient-4.5.13.jar:/expanse/lustre/projects/uot182/fegaras/hadoop-3.2.2/share/hadoop/common/lib/commons-configuration2-2.1.1.jar:/expanse/lustre/projects/uot182/fegaras/hadoop-3.2.2/share/hadoop/common/lib/kerby-config-1.0.1.jar:/expanse/lustre/projects/uot182/fegaras/hadoop-3.2.2/share/hadoop/common/lib/animal-sniffer-annotations-1.17.jar:/expanse/lustre/projects/uot182/fegaras/hadoop-3.2.2/share/hadoop/common/lib/listenablefuture-9999.0-empty-to-avoid-conflict-with-guava.jar:/expanse/lustre/projects/uot182/fegaras/hadoop-3.2.2/share/hadoop/common/lib/curator-framework-2.13.0.jar:/expanse/lustre/projects/uot182/fegaras/hadoop-3.2.2/share/hadoop/common/lib/netty-3.10.6.Final.jar:/expanse/lustre/projects/uot182/fegaras/hadoop-3.2.2/share/hadoop/common/lib/paranamer-2.3.jar:/expanse/lustre/projects/uot182/fegaras/hadoop-3.2.2/share/hadoop/common/lib/jsr311-api-1.1.1.jar:/expanse/lustre/projects/uot182/fegaras/hadoop-3.2.2/share/hadoop/common/lib/slf4j-api-1.7.25.jar:/expanse/lustre/projects/uot182/fegaras/hadoop-3.2.2/share/hadoop/common/lib/jackson-mapper-asl-1.9.13.jar:/expanse/lustre/projects/uot182/fegaras/hadoop-3.2.2/share/hadoop/common/lib/jersey-json-1.19.jar:/expanse/lustre/projects/uot182/fegaras/hadoop-3.2.2/share/hadoop/common/hadoop-common-3.2.2.jar:/expanse/lustre/projects/uot182/fegaras/hadoop-3.2.2/share/hadoop/common/hadoop-kms-3.2.2.jar:/expanse/lustre/projects/uot182/fegaras/hadoop-3.2.2/share/hadoop/common/hadoop-common-3.2.2-tests.jar:/expanse/lustre/projects/uot182/fegaras/hadoop-3.2.2/share/hadoop/common/hadoop-nfs-3.2.2.jar:/expanse/lustre/projects/uot182/fegaras/hadoop-3.2.2/share/hadoop/hdfs:/expanse/lustre/projects/uot182/fegaras/hadoop-3.2.2/share/hadoop/hdfs/lib/kerb-identity-1.0.1.jar:/expanse/lustre/projects/uot182/fegaras/hadoop-3.2.2/share/hadoop/hdfs/lib/commons-io-2.5.jar:/expanse/lustre/projects/uot182/fegaras/hadoop-3.2.2/share/hadoop/hdfs/lib/commons-cli-1.2.jar:/expanse/lustre/projects/uot182/fegaras/hadoop-3.2.2/share/hadoop/hdfs/lib/kerby-pkix-1.0.1.jar:/expanse/lustre/projects/uot182/fegaras/hadoop-3.2.2/share/hadoop/hdfs/lib/kerb-util-1.0.1.jar:/expanse/lustre/projects/uot182/fegaras/hadoop-3.2.2/share/hadoop/hdfs/lib/okio-1.6.0.jar:/expanse/lustre/projects/uot182/fegaras/hadoop-3.2.2/share/hadoop/hdfs/lib/protobuf-java-2.5.0.jar:/expanse/lustre/projects/uot182/fegaras/hadoop-3.2.2/share/hadoop/hdfs/lib/kerby-asn1-1.0.1.jar:/expanse/lustre/projects/uot182/fegaras/hadoop-3.2.2/share/hadoop/hdfs/lib/kerby-xdr-1.0.1.jar:/expanse/lustre/projects/uot182/fegaras/hadoop-3.2.2/share/hadoop/hdfs/lib/jackson-mapper-asl-1.9.13.jar:/expanse/lustre/projects/uot182/fegaras/hadoop-3.2.2/share/hadoop/hdfs/lib/jersey-core-1.19.jar:/expanse/lustre/projects/uot182/fegaras/hadoop-3.2.2/share/hadoop/hdfs/lib/gson-2.2.4.jar:/expanse/lustre/projects/uot182/fegaras/hadoop-3.2.2/share/hadoop/hdfs/lib/httpclient-4.5.13.jar:/expanse/lustre/projects/uot182/fegaras/hadoop-3.2.2/share/hadoop/hdfs/lib/commons-configuration2-2.1.1.jar:/expanse/lustre/projects/uot182/fegaras/hadoop-3.2.2/share/hadoop/hdfs/lib/re2j-1.1.jar:/expanse/lustre/projects/uot182/fegaras/hadoop-3.2.2/share/hadoop/hdfs/lib/commons-text-1.4.jar:/expanse/lustre/projects/uot182/fegaras/hadoop-3.2.2/share/hadoop/hdfs/lib/curator-framework-2.13.0.jar:/expanse/lustre/projects/uot182/fegaras/hadoop-3.2.2/share/hadoop/hdfs/lib/jetty-server-9.4.20.v20190813.jar:/expanse/lustre/projects/uot182/fegaras/hadoop-3.2.2/share/hadoop/hdfs/lib/jetty-webapp-9.4.20.v20190813.jar:/expanse/lustre/projects/uot182/fegaras/hadoop-3.2.2/share/hadoop/hdfs/lib/woodstox-core-5.0.3.jar:/expanse/lustre/projects/uot182/fegaras/hadoop-3.2.2/share/hadoop/hdfs/lib/jersey-servlet-1.19.jar:/expanse/lustre/projects/uot182/fegaras/hadoop-3.2.2/share/hadoop/hdfs/lib/accessors-smart-1.2.jar:/expanse/lustre/projects/uot182/fegaras/hadoop-3.2.2/share/hadoop/hdfs/lib/jcip-annotations-1.0-1.jar:/expanse/lustre/projects/uot182/fegaras/hadoop-3.2.2/share/hadoop/hdfs/lib/asm-5.0.4.jar:/expanse/lustre/projects/uot182/fegaras/hadoop-3.2.2/share/hadoop/hdfs/lib/log4j-1.2.17.jar:/expanse/lustre/projects/uot182/fegaras/hadoop-3.2.2/share/hadoop/hdfs/lib/paranamer-2.3.jar:/expanse/lustre/projects/uot182/fegaras/hadoop-3.2.2/share/hadoop/hdfs/lib/httpcore-4.4.13.jar:/expanse/lustre/projects/uot182/fegaras/hadoop-3.2.2/share/hadoop/hdfs/lib/j2objc-annotations-1.1.jar:/expanse/lustre/projects/uot182/fegaras/hadoop-3.2.2/share/hadoop/hdfs/lib/error_prone_annotations-2.2.0.jar:/expanse/lustre/projects/uot182/fegaras/hadoop-3.2.2/share/hadoop/hdfs/lib/commons-codec-1.11.jar:/expanse/lustre/projects/uot182/fegaras/hadoop-3.2.2/share/hadoop/hdfs/lib/okhttp-2.7.5.jar:/expanse/lustre/projects/uot182/fegaras/hadoop-3.2.2/share/hadoop/hdfs/lib/kerby-util-1.0.1.jar:/expanse/lustre/projects/uot182/fegaras/hadoop-3.2.2/share/hadoop/hdfs/lib/kerby-config-1.0.1.jar:/expanse/lustre/projects/uot182/fegaras/hadoop-3.2.2/share/hadoop/hdfs/lib/json-simple-1.1.1.jar:/expanse/lustre/projects/uot182/fegaras/hadoop-3.2.2/share/hadoop/hdfs/lib/guava-27.0-jre.jar:/expanse/lustre/projects/uot182/fegaras/hadoop-3.2.2/share/hadoop/hdfs/lib/checker-qual-2.5.2.jar:/expanse/lustre/projects/uot182/fegaras/hadoop-3.2.2/share/hadoop/hdfs/lib/nimbus-jose-jwt-7.9.jar:/expanse/lustre/projects/uot182/fegaras/hadoop-3.2.2/share/hadoop/hdfs/lib/jaxb-api-2.2.11.jar:/expanse/lustre/projects/uot182/fegaras/hadoop-3.2.2/share/hadoop/hdfs/lib/leveldbjni-all-1.8.jar:/expanse/lustre/projects/uot182/fegaras/hadoop-3.2.2/share/hadoop/hdfs/lib/netty-all-4.1.48.Final.jar:/expanse/lustre/projects/uot182/fegaras/hadoop-3.2.2/share/hadoop/hdfs/lib/jetty-util-ajax-9.4.20.v20190813.jar:/expanse/lustre/projects/uot182/fegaras/hadoop-3.2.2/share/hadoop/hdfs/lib/curator-client-2.13.0.jar:/expanse/lustre/projects/uot182/fegaras/hadoop-3.2.2/share/hadoop/hdfs/lib/curator-recipes-2.13.0.jar:/expanse/lustre/projects/uot182/fegaras/hadoop-3.2.2/share/hadoop/hdfs/lib/jaxb-impl-2.2.3-1.jar:/expanse/lustre/projects/uot182/fegaras/hadoop-3.2.2/share/hadoop/hdfs/lib/javax.servlet-api-3.1.0.jar:/expanse/lustre/projects/uot182/fegaras/hadoop-3.2.2/share/hadoop/hdfs/lib/jetty-security-9.4.20.v20190813.jar:/expanse/lustre/projects/uot182/fegaras/hadoop-3.2.2/share/hadoop/hdfs/lib/netty-3.10.6.Final.jar:/expanse/lustre/projects/uot182/fegaras/hadoop-3.2.2/share/hadoop/hdfs/lib/commons-collections-3.2.2.jar:/expanse/lustre/projects/uot182/fegaras/hadoop-3.2.2/share/hadoop/hdfs/lib/avro-1.7.7.jar:/expanse/lustre/projects/uot182/fegaras/hadoop-3.2.2/share/hadoop/hdfs/lib/stax2-api-3.1.4.jar:/expanse/lustre/projects/uot182/fegaras/hadoop-3.2.2/share/hadoop/hdfs/lib/jetty-http-9.4.20.v20190813.jar:/expanse/lustre/projects/uot182/fegaras/hadoop-3.2.2/share/hadoop/hdfs/lib/jsr311-api-1.1.1.jar:/expanse/lustre/projects/uot182/fegaras/hadoop-3.2.2/share/hadoop/hdfs/lib/jersey-json-1.19.jar:/expanse/lustre/projects/uot182/fegaras/hadoop-3.2.2/share/hadoop/hdfs/lib/jackson-xc-1.9.13.jar:/expanse/lustre/projects/uot182/fegaras/hadoop-3.2.2/share/hadoop/hdfs/lib/commons-lang3-3.7.jar:/expanse/lustre/projects/uot182/fegaras/hadoop-3.2.2/share/hadoop/hdfs/lib/commons-math3-3.1.1.jar:/expanse/lustre/projects/uot182/fegaras/hadoop-3.2.2/share/hadoop/hdfs/lib/kerb-simplekdc-1.0.1.jar:/expanse/lustre/projects/uot182/fegaras/hadoop-3.2.2/share/hadoop/hdfs/lib/animal-sniffer-annotations-1.17.jar:/expanse/lustre/projects/uot182/fegaras/hadoop-3.2.2/share/hadoop/hdfs/lib/dnsjava-2.1.7.jar:/expanse/lustre/projects/uot182/fegaras/hadoop-3.2.2/share/hadoop/hdfs/lib/jackson-core-2.9.10.jar:/expanse/lustre/projects/uot182/fegaras/hadoop-3.2.2/share/hadoop/hdfs/lib/jsch-0.1.55.jar:/expanse/lustre/projects/uot182/fegaras/hadoop-3.2.2/share/hadoop/hdfs/lib/hadoop-auth-3.2.2.jar:/expanse/lustre/projects/uot182/fegaras/hadoop-3.2.2/share/hadoop/hdfs/lib/jackson-jaxrs-1.9.13.jar:/expanse/lustre/projects/uot182/fegaras/hadoop-3.2.2/share/hadoop/hdfs/lib/commons-daemon-1.0.13.jar:/expanse/lustre/projects/uot182/fegaras/hadoop-3.2.2/share/hadoop/hdfs/lib/commons-compress-1.19.jar:/expanse/lustre/projects/uot182/fegaras/hadoop-3.2.2/share/hadoop/hdfs/lib/json-smart-2.3.jar:/expanse/lustre/projects/uot182/fegaras/hadoop-3.2.2/share/hadoop/hdfs/lib/failureaccess-1.0.jar:/expanse/lustre/projects/uot182/fegaras/hadoop-3.2.2/share/hadoop/hdfs/lib/snappy-java-1.0.5.jar:/expanse/lustre/projects/uot182/fegaras/hadoop-3.2.2/share/hadoop/hdfs/lib/htrace-core4-4.1.0-incubating.jar:/expanse/lustre/projects/uot182/fegaras/hadoop-3.2.2/share/hadoop/hdfs/lib/jersey-server-1.19.jar:/expanse/lustre/projects/uot182/fegaras/hadoop-3.2.2/share/hadoop/hdfs/lib/jetty-servlet-9.4.20.v20190813.jar:/expanse/lustre/projects/uot182/fegaras/hadoop-3.2.2/share/hadoop/hdfs/lib/kerb-client-1.0.1.jar:/expanse/lustre/projects/uot182/fegaras/hadoop-3.2.2/share/hadoop/hdfs/lib/jackson-core-asl-1.9.13.jar:/expanse/lustre/projects/uot182/fegaras/hadoop-3.2.2/share/hadoop/hdfs/lib/hadoop-annotations-3.2.2.jar:/expanse/lustre/projects/uot182/fegaras/hadoop-3.2.2/share/hadoop/hdfs/lib/kerb-core-1.0.1.jar:/expanse/lustre/projects/uot182/fegaras/hadoop-3.2.2/share/hadoop/hdfs/lib/commons-net-3.6.jar:/expanse/lustre/projects/uot182/fegaras/hadoop-3.2.2/share/hadoop/hdfs/lib/jetty-io-9.4.20.v20190813.jar:/expanse/lustre/projects/uot182/fegaras/hadoop-3.2.2/share/hadoop/hdfs/lib/zookeeper-3.4.13.jar:/expanse/lustre/projects/uot182/fegaras/hadoop-3.2.2/share/hadoop/hdfs/lib/jetty-util-9.4.20.v20190813.jar:/expanse/lustre/projects/uot182/fegaras/hadoop-3.2.2/share/hadoop/hdfs/lib/jackson-databind-2.9.10.4.jar:/expanse/lustre/projects/uot182/fegaras/hadoop-3.2.2/share/hadoop/hdfs/lib/javax.activation-api-1.2.0.jar:/expanse/lustre/projects/uot182/fegaras/hadoop-3.2.2/share/hadoop/hdfs/lib/jettison-1.1.jar:/expanse/lustre/projects/uot182/fegaras/hadoop-3.2.2/share/hadoop/hdfs/lib/kerb-admin-1.0.1.jar:/expanse/lustre/projects/uot182/fegaras/hadoop-3.2.2/share/hadoop/hdfs/lib/audience-annotations-0.5.0.jar:/expanse/lustre/projects/uot182/fegaras/hadoop-3.2.2/share/hadoop/hdfs/lib/kerb-common-1.0.1.jar:/expanse/lustre/projects/uot182/fegaras/hadoop-3.2.2/share/hadoop/hdfs/lib/jetty-xml-9.4.20.v20190813.jar:/expanse/lustre/projects/uot182/fegaras/hadoop-3.2.2/share/hadoop/hdfs/lib/jackson-annotations-2.9.10.jar:/expanse/lustre/projects/uot182/fegaras/hadoop-3.2.2/share/hadoop/hdfs/lib/token-provider-1.0.1.jar:/expanse/lustre/projects/uot182/fegaras/hadoop-3.2.2/share/hadoop/hdfs/lib/jsr305-3.0.2.jar:/expanse/lustre/projects/uot182/fegaras/hadoop-3.2.2/share/hadoop/hdfs/lib/listenablefuture-9999.0-empty-to-avoid-conflict-with-guava.jar:/expanse/lustre/projects/uot182/fegaras/hadoop-3.2.2/share/hadoop/hdfs/lib/commons-beanutils-1.9.4.jar:/expanse/lustre/projects/uot182/fegaras/hadoop-3.2.2/share/hadoop/hdfs/lib/commons-logging-1.1.3.jar:/expanse/lustre/projects/uot182/fegaras/hadoop-3.2.2/share/hadoop/hdfs/lib/kerb-crypto-1.0.1.jar:/expanse/lustre/projects/uot182/fegaras/hadoop-3.2.2/share/hadoop/hdfs/lib/kerb-server-1.0.1.jar:/expanse/lustre/projects/uot182/fegaras/hadoop-3.2.2/share/hadoop/hdfs/hadoop-hdfs-httpfs-3.2.2.jar:/expanse/lustre/projects/uot182/fegaras/hadoop-3.2.2/share/hadoop/hdfs/hadoop-hdfs-native-client-3.2.2.jar:/expanse/lustre/projects/uot182/fegaras/hadoop-3.2.2/share/hadoop/hdfs/hadoop-hdfs-client-3.2.2-tests.jar:/expanse/lustre/projects/uot182/fegaras/hadoop-3.2.2/share/hadoop/hdfs/hadoop-hdfs-native-client-3.2.2-tests.jar:/expanse/lustre/projects/uot182/fegaras/hadoop-3.2.2/share/hadoop/hdfs/hadoop-hdfs-rbf-3.2.2-tests.jar:/expanse/lustre/projects/uot182/fegaras/hadoop-3.2.2/share/hadoop/hdfs/hadoop-hdfs-3.2.2-tests.jar:/expanse/lustre/projects/uot182/fegaras/hadoop-3.2.2/share/hadoop/hdfs/hadoop-hdfs-3.2.2.jar:/expanse/lustre/projects/uot182/fegaras/hadoop-3.2.2/share/hadoop/hdfs/hadoop-hdfs-nfs-3.2.2.jar:/expanse/lustre/projects/uot182/fegaras/hadoop-3.2.2/share/hadoop/hdfs/hadoop-hdfs-client-3.2.2.jar:/expanse/lustre/projects/uot182/fegaras/hadoop-3.2.2/share/hadoop/hdfs/hadoop-hdfs-rbf-3.2.2.jar:/expanse/lustre/projects/uot182/fegaras/hadoop-3.2.2/share/hadoop/mapreduce/lib/hamcrest-core-1.3.jar:/expanse/lustre/projects/uot182/fegaras/hadoop-3.2.2/share/hadoop/mapreduce/lib/junit-4.11.jar:/expanse/lustre/projects/uot182/fegaras/hadoop-3.2.2/share/hadoop/mapreduce/hadoop-mapreduce-client-core-3.2.2.jar:/expanse/lustre/projects/uot182/fegaras/hadoop-3.2.2/share/hadoop/mapreduce/hadoop-mapreduce-client-jobclient-3.2.2.jar:/expanse/lustre/projects/uot182/fegaras/hadoop-3.2.2/share/hadoop/mapreduce/hadoop-mapreduce-client-common-3.2.2.jar:/expanse/lustre/projects/uot182/fegaras/hadoop-3.2.2/share/hadoop/mapreduce/hadoop-mapreduce-client-hs-3.2.2.jar:/expanse/lustre/projects/uot182/fegaras/hadoop-3.2.2/share/hadoop/mapreduce/hadoop-mapreduce-client-jobclient-3.2.2-tests.jar:/expanse/lustre/projects/uot182/fegaras/hadoop-3.2.2/share/hadoop/mapreduce/hadoop-mapreduce-examples-3.2.2.jar:/expanse/lustre/projects/uot182/fegaras/hadoop-3.2.2/share/hadoop/mapreduce/hadoop-mapreduce-client-hs-plugins-3.2.2.jar:/expanse/lustre/projects/uot182/fegaras/hadoop-3.2.2/share/hadoop/mapreduce/hadoop-mapreduce-client-uploader-3.2.2.jar:/expanse/lustre/projects/uot182/fegaras/hadoop-3.2.2/share/hadoop/mapreduce/hadoop-mapreduce-client-nativetask-3.2.2.jar:/expanse/lustre/projects/uot182/fegaras/hadoop-3.2.2/share/hadoop/mapreduce/hadoop-mapreduce-client-shuffle-3.2.2.jar:/expanse/lustre/projects/uot182/fegaras/hadoop-3.2.2/share/hadoop/mapreduce/hadoop-mapreduce-client-app-3.2.2.jar:/expanse/lustre/projects/uot182/fegaras/hadoop-3.2.2/share/hadoop/yarn:/expanse/lustre/projects/uot182/fegaras/hadoop-3.2.2/share/hadoop/yarn/lib/java-util-1.9.0.jar:/expanse/lustre/projects/uot182/fegaras/hadoop-3.2.2/share/hadoop/yarn/lib/jackson-jaxrs-base-2.9.10.jar:/expanse/lustre/projects/uot182/fegaras/hadoop-3.2.2/share/hadoop/yarn/lib/mssql-jdbc-6.2.1.jre7.jar:/expanse/lustre/projects/uot182/fegaras/hadoop-3.2.2/share/hadoop/yarn/lib/json-io-2.5.1.jar:/expanse/lustre/projects/uot182/fegaras/hadoop-3.2.2/share/hadoop/yarn/lib/bcprov-jdk15on-1.60.jar:/expanse/lustre/projects/uot182/fegaras/hadoop-3.2.2/share/hadoop/yarn/lib/ehcache-3.3.1.jar:/expanse/lustre/projects/uot182/fegaras/hadoop-3.2.2/share/hadoop/yarn/lib/fst-2.50.jar:/expanse/lustre/projects/uot182/fegaras/hadoop-3.2.2/share/hadoop/yarn/lib/guice-4.0.jar:/expanse/lustre/projects/uot182/fegaras/hadoop-3.2.2/share/hadoop/yarn/lib/bcpkix-jdk15on-1.60.jar:/expanse/lustre/projects/uot182/fegaras/hadoop-3.2.2/share/hadoop/yarn/lib/objenesis-1.0.jar:/expanse/lustre/projects/uot182/fegaras/hadoop-3.2.2/share/hadoop/yarn/lib/jackson-module-jaxb-annotations-2.9.10.jar:/expanse/lustre/projects/uot182/fegaras/hadoop-3.2.2/share/hadoop/yarn/lib/aopalliance-1.0.jar:/expanse/lustre/projects/uot182/fegaras/hadoop-3.2.2/share/hadoop/yarn/lib/jersey-client-1.19.jar:/expanse/lustre/projects/uot182/fegaras/hadoop-3.2.2/share/hadoop/yarn/lib/snakeyaml-1.16.jar:/expanse/lustre/projects/uot182/fegaras/hadoop-3.2.2/share/hadoop/yarn/lib/jackson-jaxrs-json-provider-2.9.10.jar:/expanse/lustre/projects/uot182/fegaras/hadoop-3.2.2/share/hadoop/yarn/lib/javax.inject-1.jar:/expanse/lustre/projects/uot182/fegaras/hadoop-3.2.2/share/hadoop/yarn/lib/jersey-guice-1.19.jar:/expanse/lustre/projects/uot182/fegaras/hadoop-3.2.2/share/hadoop/yarn/lib/geronimo-jcache_1.0_spec-1.0-alpha-1.jar:/expanse/lustre/projects/uot182/fegaras/hadoop-3.2.2/share/hadoop/yarn/lib/swagger-annotations-1.5.4.jar:/expanse/lustre/projects/uot182/fegaras/hadoop-3.2.2/share/hadoop/yarn/lib/guice-servlet-4.0.jar:/expanse/lustre/projects/uot182/fegaras/hadoop-3.2.2/share/hadoop/yarn/lib/metrics-core-3.2.4.jar:/expanse/lustre/projects/uot182/fegaras/hadoop-3.2.2/share/hadoop/yarn/lib/HikariCP-java7-2.4.12.jar:/expanse/lustre/projects/uot182/fegaras/hadoop-3.2.2/share/hadoop/yarn/hadoop-yarn-applications-distributedshell-3.2.2.jar:/expanse/lustre/projects/uot182/fegaras/hadoop-3.2.2/share/hadoop/yarn/hadoop-yarn-server-web-proxy-3.2.2.jar:/expanse/lustre/projects/uot182/fegaras/hadoop-3.2.2/share/hadoop/yarn/hadoop-yarn-services-core-3.2.2.jar:/expanse/lustre/projects/uot182/fegaras/hadoop-3.2.2/share/hadoop/yarn/hadoop-yarn-server-common-3.2.2.jar:/expanse/lustre/projects/uot182/fegaras/hadoop-3.2.2/share/hadoop/yarn/hadoop-yarn-server-sharedcachemanager-3.2.2.jar:/expanse/lustre/projects/uot182/fegaras/hadoop-3.2.2/share/hadoop/yarn/hadoop-yarn-server-router-3.2.2.jar:/expanse/lustre/projects/uot182/fegaras/hadoop-3.2.2/share/hadoop/yarn/hadoop-yarn-api-3.2.2.jar:/expanse/lustre/projects/uot182/fegaras/hadoop-3.2.2/share/hadoop/yarn/hadoop-yarn-registry-3.2.2.jar:/expanse/lustre/projects/uot182/fegaras/hadoop-3.2.2/share/hadoop/yarn/hadoop-yarn-server-timeline-pluginstorage-3.2.2.jar:/expanse/lustre/projects/uot182/fegaras/hadoop-3.2.2/share/hadoop/yarn/hadoop-yarn-server-tests-3.2.2.jar:/expanse/lustre/projects/uot182/fegaras/hadoop-3.2.2/share/hadoop/yarn/hadoop-yarn-services-api-3.2.2.jar:/expanse/lustre/projects/uot182/fegaras/hadoop-3.2.2/share/hadoop/yarn/hadoop-yarn-server-nodemanager-3.2.2.jar:/expanse/lustre/projects/uot182/fegaras/hadoop-3.2.2/share/hadoop/yarn/hadoop-yarn-applications-unmanaged-am-launcher-3.2.2.jar:/expanse/lustre/projects/uot182/fegaras/hadoop-3.2.2/share/hadoop/yarn/hadoop-yarn-server-resourcemanager-3.2.2.jar:/expanse/lustre/projects/uot182/fegaras/hadoop-3.2.2/share/hadoop/yarn/hadoop-yarn-client-3.2.2.jar:/expanse/lustre/projects/uot182/fegaras/hadoop-3.2.2/share/hadoop/yarn/hadoop-yarn-server-applicationhistoryservice-3.2.2.jar:/expanse/lustre/projects/uot182/fegaras/hadoop-3.2.2/share/hadoop/yarn/hadoop-yarn-common-3.2.2.jar:/expanse/lustre/projects/uot182/fegaras/hadoop-3.2.2/share/hadoop/yarn/hadoop-yarn-submarine-3.2.2.jar
STARTUP_MSG:   build = Unknown -r 7a3bc90b05f257c8ace2f76d74264906f0f7a932; compiled by 'hexiaoqiao' on 2021-01-03T09:26Z
STARTUP_MSG:   java = 11.0.2
************************************************************/
2022-11-08 20:26:52,534 INFO namenode.NameNode: registered UNIX signal handlers for [TERM, HUP, INT]
2022-11-08 20:26:52,588 INFO namenode.NameNode: createNameNode [-format, -nonInteractive, -force]
2022-11-08 20:26:52,880 INFO common.Util: Assuming 'file' scheme for path /scratch/vthamalla/job_17380671/namenode_data in configuration.
2022-11-08 20:26:52,881 INFO common.Util: Assuming 'file' scheme for path /scratch/vthamalla/job_17380671/namenode_data in configuration.
Formatting using clusterid: CID-280d1ba2-6b09-466a-8734-a8f38decc22c
2022-11-08 20:26:52,901 INFO namenode.FSEditLog: Edit logging is async:true
2022-11-08 20:26:52,920 INFO namenode.FSNamesystem: KeyProvider: null
2022-11-08 20:26:52,920 INFO namenode.FSNamesystem: fsLock is fair: true
2022-11-08 20:26:52,921 INFO namenode.FSNamesystem: Detailed lock hold time metrics enabled: false
2022-11-08 20:26:52,947 INFO namenode.FSNamesystem: fsOwner             = vthamalla (auth:SIMPLE)
2022-11-08 20:26:52,947 INFO namenode.FSNamesystem: supergroup          = supergroup
2022-11-08 20:26:52,948 INFO namenode.FSNamesystem: isPermissionEnabled = true
2022-11-08 20:26:52,948 INFO namenode.FSNamesystem: HA Enabled: false
2022-11-08 20:26:53,036 INFO common.Util: dfs.datanode.fileio.profiling.sampling.percentage set to 0. Disabling file IO profiling
2022-11-08 20:26:53,042 INFO blockmanagement.DatanodeManager: dfs.block.invalidate.limit: configured=1000, counted=60, effected=1000
2022-11-08 20:26:53,043 INFO blockmanagement.DatanodeManager: dfs.namenode.datanode.registration.ip-hostname-check=true
2022-11-08 20:26:53,045 INFO blockmanagement.BlockManager: dfs.namenode.startup.delay.block.deletion.sec is set to 000:00:00:00.000
2022-11-08 20:26:53,045 INFO blockmanagement.BlockManager: The block deletion will start around 2022 Nov 08 20:26:53
2022-11-08 20:26:53,046 INFO util.GSet: Computing capacity for map BlocksMap
2022-11-08 20:26:53,046 INFO util.GSet: VM type       = 64-bit
2022-11-08 20:26:53,047 INFO util.GSet: 2.0% max memory 30.0 GB = 613.8 MB
2022-11-08 20:26:53,047 INFO util.GSet: capacity      = 2^26 = 67108864 entries
2022-11-08 20:26:53,079 INFO blockmanagement.BlockManager: Storage policy satisfier is disabled
2022-11-08 20:26:53,079 INFO blockmanagement.BlockManager: dfs.block.access.token.enable = false
2022-11-08 20:26:53,083 INFO Configuration.deprecation: No unit for dfs.namenode.safemode.extension(30000) assuming MILLISECONDS
2022-11-08 20:26:53,083 INFO blockmanagement.BlockManagerSafeMode: dfs.namenode.safemode.threshold-pct = 0.9990000128746033
2022-11-08 20:26:53,083 INFO blockmanagement.BlockManagerSafeMode: dfs.namenode.safemode.min.datanodes = 0
2022-11-08 20:26:53,084 INFO blockmanagement.BlockManagerSafeMode: dfs.namenode.safemode.extension = 30000
2022-11-08 20:26:53,084 INFO blockmanagement.BlockManager: defaultReplication         = 3
2022-11-08 20:26:53,084 INFO blockmanagement.BlockManager: maxReplication             = 512
2022-11-08 20:26:53,084 INFO blockmanagement.BlockManager: minReplication             = 1
2022-11-08 20:26:53,084 INFO blockmanagement.BlockManager: maxReplicationStreams      = 2
2022-11-08 20:26:53,084 INFO blockmanagement.BlockManager: redundancyRecheckInterval  = 3000ms
2022-11-08 20:26:53,084 INFO blockmanagement.BlockManager: encryptDataTransfer        = false
2022-11-08 20:26:53,084 INFO blockmanagement.BlockManager: maxNumBlocksToLog          = 1000
2022-11-08 20:26:53,098 INFO namenode.FSDirectory: GLOBAL serial map: bits=29 maxEntries=536870911
2022-11-08 20:26:53,098 INFO namenode.FSDirectory: USER serial map: bits=24 maxEntries=16777215
2022-11-08 20:26:53,098 INFO namenode.FSDirectory: GROUP serial map: bits=24 maxEntries=16777215
2022-11-08 20:26:53,098 INFO namenode.FSDirectory: XATTR serial map: bits=24 maxEntries=16777215
2022-11-08 20:26:53,104 INFO util.GSet: Computing capacity for map INodeMap
2022-11-08 20:26:53,105 INFO util.GSet: VM type       = 64-bit
2022-11-08 20:26:53,105 INFO util.GSet: 1.0% max memory 30.0 GB = 306.9 MB
2022-11-08 20:26:53,105 INFO util.GSet: capacity      = 2^25 = 33554432 entries
2022-11-08 20:26:53,118 INFO namenode.FSDirectory: ACLs enabled? false
2022-11-08 20:26:53,119 INFO namenode.FSDirectory: POSIX ACL inheritance enabled? true
2022-11-08 20:26:53,119 INFO namenode.FSDirectory: XAttrs enabled? true
2022-11-08 20:26:53,119 INFO namenode.NameNode: Caching file names occurring more than 10 times
2022-11-08 20:26:53,123 INFO snapshot.SnapshotManager: Loaded config captureOpenFiles: false, skipCaptureAccessTimeOnlyChange: false, snapshotDiffAllowSnapRootDescendant: true, maxSnapshotLimit: 65536
2022-11-08 20:26:53,124 INFO snapshot.SnapshotManager: SkipList is disabled
2022-11-08 20:26:53,127 INFO util.GSet: Computing capacity for map cachedBlocks
2022-11-08 20:26:53,127 INFO util.GSet: VM type       = 64-bit
2022-11-08 20:26:53,127 INFO util.GSet: 0.25% max memory 30.0 GB = 76.7 MB
2022-11-08 20:26:53,127 INFO util.GSet: capacity      = 2^23 = 8388608 entries
2022-11-08 20:26:53,137 INFO metrics.TopMetrics: NNTop conf: dfs.namenode.top.window.num.buckets = 10
2022-11-08 20:26:53,137 INFO metrics.TopMetrics: NNTop conf: dfs.namenode.top.num.users = 10
2022-11-08 20:26:53,137 INFO metrics.TopMetrics: NNTop conf: dfs.namenode.top.windows.minutes = 1,5,25
2022-11-08 20:26:53,139 INFO namenode.FSNamesystem: Retry cache on namenode is enabled
2022-11-08 20:26:53,139 INFO namenode.FSNamesystem: Retry cache will use 0.03 of total heap and retry cache entry expiry time is 600000 millis
2022-11-08 20:26:53,140 INFO util.GSet: Computing capacity for map NameNodeRetryCache
2022-11-08 20:26:53,140 INFO util.GSet: VM type       = 64-bit
2022-11-08 20:26:53,140 INFO util.GSet: 0.029999999329447746% max memory 30.0 GB = 9.2 MB
2022-11-08 20:26:53,141 INFO util.GSet: capacity      = 2^20 = 1048576 entries
2022-11-08 20:26:53,156 INFO namenode.FSImage: Allocated new BlockPoolId: BP-587403748-198.202.102.28-1667968013152
2022-11-08 20:26:53,166 INFO common.Storage: Storage directory /scratch/vthamalla/job_17380671/namenode_data has been successfully formatted.
2022-11-08 20:26:53,191 INFO namenode.FSImageFormatProtobuf: Saving image file /scratch/vthamalla/job_17380671/namenode_data/current/fsimage.ckpt_0000000000000000000 using no compression
2022-11-08 20:26:53,270 INFO namenode.FSImageFormatProtobuf: Image file /scratch/vthamalla/job_17380671/namenode_data/current/fsimage.ckpt_0000000000000000000 of size 404 bytes saved in 0 seconds .
2022-11-08 20:26:53,282 INFO namenode.NNStorageRetentionManager: Going to retain 1 images with txid >= 0
2022-11-08 20:26:53,286 INFO namenode.FSImage: FSImageSaver clean checkpoint: txid=0 when meet shutdown.
2022-11-08 20:26:53,287 INFO namenode.NameNode: SHUTDOWN_MSG: 
/************************************************************
SHUTDOWN_MSG: Shutting down NameNode at exp-9-03/198.202.102.28
************************************************************/
myHadoop:  
myHadoop: Enabling experimental Spark support
myHadoop: Using SPARK_CONF_DIR=/home/vthamalla/expansecluster/spark
myHadoop:  
To use Spark, you will want to type the following commands:"
  source /home/vthamalla/expansecluster/spark/spark-env.sh
  myspark start
Starting namenodes on [exp-9-03]
Starting datanodes
WARNING: HADOOP_SECURE_DN_PID_DIR has been replaced by HADOOP_SECURE_PID_DIR. Using value of HADOOP_SECURE_DN_PID_DIR.
localhost: @@@@@@@@@@@@@@@@@@@@@@@@@@@@@@@@@@@@@@@@@@@@@@@@@@@@@@@@@@@
localhost: @    WARNING: REMOTE HOST IDENTIFICATION HAS CHANGED!     @
localhost: @@@@@@@@@@@@@@@@@@@@@@@@@@@@@@@@@@@@@@@@@@@@@@@@@@@@@@@@@@@
localhost: IT IS POSSIBLE THAT SOMEONE IS DOING SOMETHING NASTY!
localhost: Someone could be eavesdropping on you right now (man-in-the-middle attack)!
localhost: It is also possible that a host key has just been changed.
localhost: The fingerprint for the ED25519 key sent by the remote host is
localhost: SHA256:coSf9ckqtaM7o/oRr9TYtw9+AhlCJat8xJ/t4pU1mNo.
localhost: Please contact your system administrator.
localhost: Add correct host key in /home/vthamalla/.ssh/known_hosts to get rid of this message.
localhost: Offending ED25519 key in /home/vthamalla/.ssh/known_hosts:1
localhost: Password authentication is disabled to avoid man-in-the-middle attacks.
localhost: Keyboard-interactive authentication is disabled to avoid man-in-the-middle attacks.
localhost: WARNING: HADOOP_SECURE_DN_PID_DIR has been replaced by HADOOP_SECURE_PID_DIR. Using value of HADOOP_SECURE_DN_PID_DIR.
Starting secondary namenodes [exp-9-03]
starting org.apache.spark.deploy.master.Master, logging to /scratch/vthamalla/job_17380671/logs/spark-vthamalla-org.apache.spark.deploy.master.Master-1-exp-9-03.out
exp-9-03: starting org.apache.spark.deploy.worker.Worker, logging to /expanse/lustre/projects/uot182/fegaras/spark-3.1.2-bin-hadoop3.2/logs/spark-vthamalla-org.apache.spark.deploy.worker.Worker-1-exp-9-03.out
WARNING: An illegal reflective access operation has occurred
WARNING: Illegal reflective access by org.apache.spark.unsafe.Platform (file:/expanse/lustre/projects/uot182/fegaras/spark-3.1.2-bin-hadoop3.2/jars/spark-unsafe_2.12-3.1.2.jar) to constructor java.nio.DirectByteBuffer(long,int)
WARNING: Please consider reporting this to the maintainers of org.apache.spark.unsafe.Platform
WARNING: Use --illegal-access=warn to enable warnings of further illegal reflective access operations
WARNING: All illegal access operations will be denied in a future release
2022-11-08 20:27:15,878 WARN util.NativeCodeLoader: Unable to load native-hadoop library for your platform... using builtin-java classes where applicable
2022-11-08 20:27:16,023 INFO spark.SparkContext: Running Spark version 3.1.2
2022-11-08 20:27:16,053 INFO resource.ResourceUtils: ==============================================================
2022-11-08 20:27:16,053 INFO resource.ResourceUtils: No custom resources configured for spark.driver.
2022-11-08 20:27:16,053 INFO resource.ResourceUtils: ==============================================================
2022-11-08 20:27:16,053 INFO spark.SparkContext: Submitted application: Graph
2022-11-08 20:27:16,068 INFO resource.ResourceProfile: Default ResourceProfile created, executor resources: Map(cores -> name: cores, amount: 1, script: , vendor: , memory -> name: memory, amount: 1024, script: , vendor: , offHeap -> name: offHeap, amount: 0, script: , vendor: ), task resources: Map(cpus -> name: cpus, amount: 1.0)
2022-11-08 20:27:16,084 INFO resource.ResourceProfile: Limiting resource is cpu
2022-11-08 20:27:16,084 INFO resource.ResourceProfileManager: Added ResourceProfile id: 0
2022-11-08 20:27:16,117 INFO spark.SecurityManager: Changing view acls to: vthamalla
2022-11-08 20:27:16,117 INFO spark.SecurityManager: Changing modify acls to: vthamalla
2022-11-08 20:27:16,117 INFO spark.SecurityManager: Changing view acls groups to: 
2022-11-08 20:27:16,117 INFO spark.SecurityManager: Changing modify acls groups to: 
2022-11-08 20:27:16,117 INFO spark.SecurityManager: SecurityManager: authentication disabled; ui acls disabled; users  with view permissions: Set(vthamalla); groups with view permissions: Set(); users  with modify permissions: Set(vthamalla); groups with modify permissions: Set()
2022-11-08 20:27:16,286 INFO util.Utils: Successfully started service 'sparkDriver' on port 42953.
2022-11-08 20:27:16,312 INFO spark.SparkEnv: Registering MapOutputTracker
2022-11-08 20:27:16,334 INFO spark.SparkEnv: Registering BlockManagerMaster
2022-11-08 20:27:16,348 INFO storage.BlockManagerMasterEndpoint: Using org.apache.spark.storage.DefaultTopologyMapper for getting topology information
2022-11-08 20:27:16,349 INFO storage.BlockManagerMasterEndpoint: BlockManagerMasterEndpoint up
2022-11-08 20:27:16,352 INFO spark.SparkEnv: Registering BlockManagerMasterHeartbeat
2022-11-08 20:27:16,362 INFO storage.DiskBlockManager: Created local directory at /tmp/blockmgr-b8719711-8164-4ff0-b448-bcfb5661242c
2022-11-08 20:27:16,387 INFO memory.MemoryStore: MemoryStore started with capacity 434.4 MiB
2022-11-08 20:27:16,401 INFO spark.SparkEnv: Registering OutputCommitCoordinator
2022-11-08 20:27:16,470 INFO util.log: Logging initialized @1695ms to org.sparkproject.jetty.util.log.Slf4jLog
2022-11-08 20:27:16,518 INFO server.Server: jetty-9.4.40.v20210413; built: 2021-04-13T20:42:42.668Z; git: b881a572662e1943a14ae12e7e1207989f218b74; jvm 11.0.2+9
2022-11-08 20:27:16,532 INFO server.Server: Started @1757ms
2022-11-08 20:27:16,559 INFO server.AbstractConnector: Started ServerConnector@7a29cc5f{HTTP/1.1, (http/1.1)}{exp-9-03:4040}
2022-11-08 20:27:16,559 INFO util.Utils: Successfully started service 'SparkUI' on port 4040.
2022-11-08 20:27:16,576 INFO handler.ContextHandler: Started o.s.j.s.ServletContextHandler@6ba7383d{/jobs,null,AVAILABLE,@Spark}
2022-11-08 20:27:16,577 INFO handler.ContextHandler: Started o.s.j.s.ServletContextHandler@7efe7b87{/jobs/json,null,AVAILABLE,@Spark}
2022-11-08 20:27:16,578 INFO handler.ContextHandler: Started o.s.j.s.ServletContextHandler@5a2bd7c8{/jobs/job,null,AVAILABLE,@Spark}
2022-11-08 20:27:16,580 INFO handler.ContextHandler: Started o.s.j.s.ServletContextHandler@64f1fd08{/jobs/job/json,null,AVAILABLE,@Spark}
2022-11-08 20:27:16,581 INFO handler.ContextHandler: Started o.s.j.s.ServletContextHandler@282ffbf5{/stages,null,AVAILABLE,@Spark}
2022-11-08 20:27:16,581 INFO handler.ContextHandler: Started o.s.j.s.ServletContextHandler@55e2fe3c{/stages/json,null,AVAILABLE,@Spark}
2022-11-08 20:27:16,582 INFO handler.ContextHandler: Started o.s.j.s.ServletContextHandler@12c60152{/stages/stage,null,AVAILABLE,@Spark}
2022-11-08 20:27:16,584 INFO handler.ContextHandler: Started o.s.j.s.ServletContextHandler@4c18621b{/stages/stage/json,null,AVAILABLE,@Spark}
2022-11-08 20:27:16,584 INFO handler.ContextHandler: Started o.s.j.s.ServletContextHandler@1cec219f{/stages/pool,null,AVAILABLE,@Spark}
2022-11-08 20:27:16,585 INFO handler.ContextHandler: Started o.s.j.s.ServletContextHandler@6629ad09{/stages/pool/json,null,AVAILABLE,@Spark}
2022-11-08 20:27:16,586 INFO handler.ContextHandler: Started o.s.j.s.ServletContextHandler@3e7c4815{/storage,null,AVAILABLE,@Spark}
2022-11-08 20:27:16,586 INFO handler.ContextHandler: Started o.s.j.s.ServletContextHandler@c35af2a{/storage/json,null,AVAILABLE,@Spark}
2022-11-08 20:27:16,587 INFO handler.ContextHandler: Started o.s.j.s.ServletContextHandler@1835d3ed{/storage/rdd,null,AVAILABLE,@Spark}
2022-11-08 20:27:16,588 INFO handler.ContextHandler: Started o.s.j.s.ServletContextHandler@66213a0d{/storage/rdd/json,null,AVAILABLE,@Spark}
2022-11-08 20:27:16,588 INFO handler.ContextHandler: Started o.s.j.s.ServletContextHandler@3cb8c8ce{/environment,null,AVAILABLE,@Spark}
2022-11-08 20:27:16,589 INFO handler.ContextHandler: Started o.s.j.s.ServletContextHandler@70c0a3d5{/environment/json,null,AVAILABLE,@Spark}
2022-11-08 20:27:16,590 INFO handler.ContextHandler: Started o.s.j.s.ServletContextHandler@260a3a5e{/executors,null,AVAILABLE,@Spark}
2022-11-08 20:27:16,590 INFO handler.ContextHandler: Started o.s.j.s.ServletContextHandler@3c0bbc9f{/executors/json,null,AVAILABLE,@Spark}
2022-11-08 20:27:16,591 INFO handler.ContextHandler: Started o.s.j.s.ServletContextHandler@6438a7fe{/executors/threadDump,null,AVAILABLE,@Spark}
2022-11-08 20:27:16,593 INFO handler.ContextHandler: Started o.s.j.s.ServletContextHandler@4f5f6e45{/executors/threadDump/json,null,AVAILABLE,@Spark}
2022-11-08 20:27:16,600 INFO handler.ContextHandler: Started o.s.j.s.ServletContextHandler@407873d3{/static,null,AVAILABLE,@Spark}
2022-11-08 20:27:16,601 INFO handler.ContextHandler: Started o.s.j.s.ServletContextHandler@53830483{/,null,AVAILABLE,@Spark}
2022-11-08 20:27:16,602 INFO handler.ContextHandler: Started o.s.j.s.ServletContextHandler@43a0a32d{/api,null,AVAILABLE,@Spark}
2022-11-08 20:27:16,602 INFO handler.ContextHandler: Started o.s.j.s.ServletContextHandler@1174a305{/jobs/job/kill,null,AVAILABLE,@Spark}
2022-11-08 20:27:16,603 INFO handler.ContextHandler: Started o.s.j.s.ServletContextHandler@1866da85{/stages/stage/kill,null,AVAILABLE,@Spark}
2022-11-08 20:27:16,605 INFO ui.SparkUI: Bound SparkUI to exp-9-03, and started at http://exp-9-03.expanse.sdsc.edu:4040
2022-11-08 20:27:16,620 INFO spark.SparkContext: Added JAR file:/home/vthamalla/project5/graph.jar at spark://exp-9-03.expanse.sdsc.edu:42953/jars/graph.jar with timestamp 1667968036016
2022-11-08 20:27:16,786 INFO client.StandaloneAppClient$ClientEndpoint: Connecting to master spark://exp-9-03:7077...
2022-11-08 20:27:16,824 INFO client.TransportClientFactory: Successfully created connection to exp-9-03/198.202.102.28:7077 after 21 ms (0 ms spent in bootstraps)
2022-11-08 20:27:16,936 INFO cluster.StandaloneSchedulerBackend: Connected to Spark cluster with app ID app-20221108202716-0000
2022-11-08 20:27:16,942 INFO util.Utils: Successfully started service 'org.apache.spark.network.netty.NettyBlockTransferService' on port 41203.
2022-11-08 20:27:16,942 INFO netty.NettyBlockTransferService: Server created on exp-9-03.expanse.sdsc.edu:41203
2022-11-08 20:27:16,944 INFO storage.BlockManager: Using org.apache.spark.storage.RandomBlockReplicationPolicy for block replication policy
2022-11-08 20:27:16,949 INFO storage.BlockManagerMaster: Registering BlockManager BlockManagerId(driver, exp-9-03.expanse.sdsc.edu, 41203, None)
2022-11-08 20:27:16,952 INFO client.StandaloneAppClient$ClientEndpoint: Executor added: app-20221108202716-0000/0 on worker-20221108202710-198.202.102.28-38455 (198.202.102.28:38455) with 128 core(s)
2022-11-08 20:27:16,952 INFO storage.BlockManagerMasterEndpoint: Registering block manager exp-9-03.expanse.sdsc.edu:41203 with 434.4 MiB RAM, BlockManagerId(driver, exp-9-03.expanse.sdsc.edu, 41203, None)
2022-11-08 20:27:16,954 INFO cluster.StandaloneSchedulerBackend: Granted executor ID app-20221108202716-0000/0 on hostPort 198.202.102.28:38455 with 128 core(s), 1024.0 MiB RAM
2022-11-08 20:27:16,955 INFO storage.BlockManagerMaster: Registered BlockManager BlockManagerId(driver, exp-9-03.expanse.sdsc.edu, 41203, None)
2022-11-08 20:27:16,956 INFO storage.BlockManager: Initialized BlockManager: BlockManagerId(driver, exp-9-03.expanse.sdsc.edu, 41203, None)
2022-11-08 20:27:17,066 INFO client.StandaloneAppClient$ClientEndpoint: Executor updated: app-20221108202716-0000/0 is now RUNNING
2022-11-08 20:27:17,070 INFO handler.ContextHandler: Started o.s.j.s.ServletContextHandler@3902bd2c{/metrics/json,null,AVAILABLE,@Spark}
2022-11-08 20:27:17,102 INFO cluster.StandaloneSchedulerBackend: SchedulerBackend is ready for scheduling beginning after reached minRegisteredResourcesRatio: 0.0
2022-11-08 20:27:17,446 INFO memory.MemoryStore: Block broadcast_0 stored as values in memory (estimated size 177.3 KiB, free 434.2 MiB)
2022-11-08 20:27:17,496 INFO memory.MemoryStore: Block broadcast_0_piece0 stored as bytes in memory (estimated size 27.6 KiB, free 434.2 MiB)
2022-11-08 20:27:17,498 INFO storage.BlockManagerInfo: Added broadcast_0_piece0 in memory on exp-9-03.expanse.sdsc.edu:41203 (size: 27.6 KiB, free: 434.4 MiB)
2022-11-08 20:27:17,501 INFO spark.SparkContext: Created broadcast 0 from textFile at Graph.scala:16
2022-11-08 20:27:17,865 INFO mapred.FileInputFormat: Total input files to process : 1
2022-11-08 20:27:18,021 INFO spark.SparkContext: Starting job: countByKey at Graph.scala:35
2022-11-08 20:27:18,225 INFO scheduler.DAGScheduler: Registering RDD 5 (map at Graph.scala:30) as input to shuffle 0
2022-11-08 20:27:18,227 INFO scheduler.DAGScheduler: Registering RDD 3 (flatMap at Graph.scala:26) as input to shuffle 10
2022-11-08 20:27:18,228 INFO scheduler.DAGScheduler: Registering RDD 12 (map at Graph.scala:30) as input to shuffle 1
2022-11-08 20:27:18,228 INFO scheduler.DAGScheduler: Registering RDD 10 (flatMap at Graph.scala:26) as input to shuffle 9
2022-11-08 20:27:18,229 INFO scheduler.DAGScheduler: Registering RDD 17 (flatMap at Graph.scala:26) as input to shuffle 8
2022-11-08 20:27:18,229 INFO scheduler.DAGScheduler: Registering RDD 19 (map at Graph.scala:30) as input to shuffle 2
2022-11-08 20:27:18,230 INFO scheduler.DAGScheduler: Registering RDD 24 (flatMap at Graph.scala:26) as input to shuffle 7
2022-11-08 20:27:18,230 INFO scheduler.DAGScheduler: Registering RDD 26 (map at Graph.scala:30) as input to shuffle 3
2022-11-08 20:27:18,231 INFO scheduler.DAGScheduler: Registering RDD 33 (map at Graph.scala:30) as input to shuffle 4
2022-11-08 20:27:18,231 INFO scheduler.DAGScheduler: Registering RDD 31 (flatMap at Graph.scala:26) as input to shuffle 6
2022-11-08 20:27:18,231 INFO scheduler.DAGScheduler: Registering RDD 39 (countByKey at Graph.scala:35) as input to shuffle 5
2022-11-08 20:27:18,233 INFO scheduler.DAGScheduler: Got job 0 (countByKey at Graph.scala:35) with 2 output partitions
2022-11-08 20:27:18,233 INFO scheduler.DAGScheduler: Final stage: ResultStage 11 (countByKey at Graph.scala:35)
2022-11-08 20:27:18,233 INFO scheduler.DAGScheduler: Parents of final stage: List(ShuffleMapStage 10)
2022-11-08 20:27:18,234 INFO scheduler.DAGScheduler: Missing parents: List(ShuffleMapStage 10)
2022-11-08 20:27:18,240 INFO scheduler.DAGScheduler: Submitting ShuffleMapStage 0 (MapPartitionsRDD[5] at map at Graph.scala:30), which has no missing parents
2022-11-08 20:27:18,267 INFO memory.MemoryStore: Block broadcast_1 stored as values in memory (estimated size 6.0 KiB, free 434.2 MiB)
2022-11-08 20:27:18,269 INFO memory.MemoryStore: Block broadcast_1_piece0 stored as bytes in memory (estimated size 3.4 KiB, free 434.2 MiB)
2022-11-08 20:27:18,270 INFO storage.BlockManagerInfo: Added broadcast_1_piece0 in memory on exp-9-03.expanse.sdsc.edu:41203 (size: 3.4 KiB, free: 434.4 MiB)
2022-11-08 20:27:18,271 INFO spark.SparkContext: Created broadcast 1 from broadcast at DAGScheduler.scala:1388
2022-11-08 20:27:18,283 INFO scheduler.DAGScheduler: Submitting 2 missing tasks from ShuffleMapStage 0 (MapPartitionsRDD[5] at map at Graph.scala:30) (first 15 tasks are for partitions Vector(0, 1))
2022-11-08 20:27:18,283 INFO scheduler.TaskSchedulerImpl: Adding task set 0.0 with 2 tasks resource profile 0
2022-11-08 20:27:18,299 INFO scheduler.DAGScheduler: Submitting ShuffleMapStage 1 (MapPartitionsRDD[3] at flatMap at Graph.scala:26), which has no missing parents
2022-11-08 20:27:18,306 INFO memory.MemoryStore: Block broadcast_2 stored as values in memory (estimated size 6.9 KiB, free 434.2 MiB)
2022-11-08 20:27:18,307 INFO memory.MemoryStore: Block broadcast_2_piece0 stored as bytes in memory (estimated size 4.0 KiB, free 434.2 MiB)
2022-11-08 20:27:18,308 INFO storage.BlockManagerInfo: Added broadcast_2_piece0 in memory on exp-9-03.expanse.sdsc.edu:41203 (size: 4.0 KiB, free: 434.4 MiB)
2022-11-08 20:27:18,308 INFO spark.SparkContext: Created broadcast 2 from broadcast at DAGScheduler.scala:1388
2022-11-08 20:27:18,309 INFO scheduler.DAGScheduler: Submitting 2 missing tasks from ShuffleMapStage 1 (MapPartitionsRDD[3] at flatMap at Graph.scala:26) (first 15 tasks are for partitions Vector(0, 1))
2022-11-08 20:27:18,309 INFO scheduler.TaskSchedulerImpl: Adding task set 1.0 with 2 tasks resource profile 0
2022-11-08 20:27:18,754 INFO cluster.CoarseGrainedSchedulerBackend$DriverEndpoint: Registered executor NettyRpcEndpointRef(spark-client://Executor) (198.202.102.28:36958) with ID 0,  ResourceProfileId 0
2022-11-08 20:27:18,868 INFO storage.BlockManagerMasterEndpoint: Registering block manager 198.202.102.28:45667 with 434.4 MiB RAM, BlockManagerId(0, 198.202.102.28, 45667, None)
2022-11-08 20:27:18,973 INFO scheduler.TaskSetManager: Starting task 0.0 in stage 0.0 (TID 0) (198.202.102.28, executor 0, partition 0, ANY, 4514 bytes) taskResourceAssignments Map()
2022-11-08 20:27:18,975 INFO scheduler.TaskSetManager: Starting task 1.0 in stage 0.0 (TID 1) (198.202.102.28, executor 0, partition 1, ANY, 4514 bytes) taskResourceAssignments Map()
2022-11-08 20:27:18,976 INFO scheduler.TaskSetManager: Starting task 0.0 in stage 1.0 (TID 2) (198.202.102.28, executor 0, partition 0, ANY, 4514 bytes) taskResourceAssignments Map()
2022-11-08 20:27:18,976 INFO scheduler.TaskSetManager: Starting task 1.0 in stage 1.0 (TID 3) (198.202.102.28, executor 0, partition 1, ANY, 4514 bytes) taskResourceAssignments Map()
2022-11-08 20:27:19,169 INFO storage.BlockManagerInfo: Added broadcast_2_piece0 in memory on 198.202.102.28:45667 (size: 4.0 KiB, free: 434.4 MiB)
2022-11-08 20:27:19,169 INFO storage.BlockManagerInfo: Added broadcast_1_piece0 in memory on 198.202.102.28:45667 (size: 3.4 KiB, free: 434.4 MiB)
2022-11-08 20:27:19,395 INFO storage.BlockManagerInfo: Added broadcast_0_piece0 in memory on 198.202.102.28:45667 (size: 27.6 KiB, free: 434.4 MiB)
2022-11-08 20:27:20,414 INFO scheduler.TaskSetManager: Finished task 0.0 in stage 0.0 (TID 0) in 1465 ms on 198.202.102.28 (executor 0) (1/2)
2022-11-08 20:27:20,415 INFO scheduler.TaskSetManager: Finished task 1.0 in stage 0.0 (TID 1) in 1441 ms on 198.202.102.28 (executor 0) (2/2)
2022-11-08 20:27:20,415 INFO scheduler.TaskSchedulerImpl: Removed TaskSet 0.0, whose tasks have all completed, from pool 
2022-11-08 20:27:20,421 INFO scheduler.DAGScheduler: ShuffleMapStage 0 (map at Graph.scala:30) finished in 2.166 s
2022-11-08 20:27:20,429 INFO scheduler.DAGScheduler: looking for newly runnable stages
2022-11-08 20:27:20,429 INFO scheduler.DAGScheduler: running: Set(ShuffleMapStage 1)
2022-11-08 20:27:20,429 INFO scheduler.DAGScheduler: waiting: Set(ShuffleMapStage 9, ShuffleMapStage 5, ShuffleMapStage 2, ShuffleMapStage 6, ShuffleMapStage 3, ShuffleMapStage 10, ShuffleMapStage 7, ShuffleMapStage 4, ResultStage 11, ShuffleMapStage 8)
2022-11-08 20:27:20,430 INFO scheduler.DAGScheduler: failed: Set()
2022-11-08 20:27:20,998 INFO scheduler.TaskSetManager: Finished task 0.0 in stage 1.0 (TID 2) in 2023 ms on 198.202.102.28 (executor 0) (1/2)
2022-11-08 20:27:20,998 INFO scheduler.TaskSetManager: Finished task 1.0 in stage 1.0 (TID 3) in 2022 ms on 198.202.102.28 (executor 0) (2/2)
2022-11-08 20:27:20,998 INFO scheduler.TaskSchedulerImpl: Removed TaskSet 1.0, whose tasks have all completed, from pool 
2022-11-08 20:27:20,999 INFO scheduler.DAGScheduler: ShuffleMapStage 1 (flatMap at Graph.scala:26) finished in 2.699 s
2022-11-08 20:27:21,000 INFO scheduler.DAGScheduler: looking for newly runnable stages
2022-11-08 20:27:21,000 INFO scheduler.DAGScheduler: running: Set()
2022-11-08 20:27:21,000 INFO scheduler.DAGScheduler: waiting: Set(ShuffleMapStage 9, ShuffleMapStage 5, ShuffleMapStage 2, ShuffleMapStage 6, ShuffleMapStage 3, ShuffleMapStage 10, ShuffleMapStage 7, ShuffleMapStage 4, ResultStage 11, ShuffleMapStage 8)
2022-11-08 20:27:21,000 INFO scheduler.DAGScheduler: failed: Set()
2022-11-08 20:27:21,000 INFO scheduler.DAGScheduler: Submitting ShuffleMapStage 2 (MapPartitionsRDD[12] at map at Graph.scala:30), which has no missing parents
2022-11-08 20:27:21,012 INFO memory.MemoryStore: Block broadcast_3 stored as values in memory (estimated size 6.7 KiB, free 434.2 MiB)
2022-11-08 20:27:21,013 INFO memory.MemoryStore: Block broadcast_3_piece0 stored as bytes in memory (estimated size 3.7 KiB, free 434.2 MiB)
2022-11-08 20:27:21,014 INFO storage.BlockManagerInfo: Added broadcast_3_piece0 in memory on exp-9-03.expanse.sdsc.edu:41203 (size: 3.7 KiB, free: 434.4 MiB)
2022-11-08 20:27:21,014 INFO spark.SparkContext: Created broadcast 3 from broadcast at DAGScheduler.scala:1388
2022-11-08 20:27:21,015 INFO scheduler.DAGScheduler: Submitting 2 missing tasks from ShuffleMapStage 2 (MapPartitionsRDD[12] at map at Graph.scala:30) (first 15 tasks are for partitions Vector(0, 1))
2022-11-08 20:27:21,015 INFO scheduler.TaskSchedulerImpl: Adding task set 2.0 with 2 tasks resource profile 0
2022-11-08 20:27:21,016 INFO scheduler.DAGScheduler: Submitting ShuffleMapStage 3 (MapPartitionsRDD[10] at flatMap at Graph.scala:26), which has no missing parents
2022-11-08 20:27:21,019 INFO memory.MemoryStore: Block broadcast_4 stored as values in memory (estimated size 6.7 KiB, free 434.2 MiB)
2022-11-08 20:27:21,019 INFO scheduler.TaskSetManager: Starting task 0.0 in stage 2.0 (TID 4) (198.202.102.28, executor 0, partition 0, NODE_LOCAL, 4481 bytes) taskResourceAssignments Map()
2022-11-08 20:27:21,020 INFO scheduler.TaskSetManager: Starting task 1.0 in stage 2.0 (TID 5) (198.202.102.28, executor 0, partition 1, NODE_LOCAL, 4481 bytes) taskResourceAssignments Map()
2022-11-08 20:27:21,020 INFO memory.MemoryStore: Block broadcast_4_piece0 stored as bytes in memory (estimated size 3.8 KiB, free 434.2 MiB)
2022-11-08 20:27:21,021 INFO storage.BlockManagerInfo: Added broadcast_4_piece0 in memory on exp-9-03.expanse.sdsc.edu:41203 (size: 3.8 KiB, free: 434.4 MiB)
2022-11-08 20:27:21,021 INFO spark.SparkContext: Created broadcast 4 from broadcast at DAGScheduler.scala:1388
2022-11-08 20:27:21,021 INFO scheduler.DAGScheduler: Submitting 2 missing tasks from ShuffleMapStage 3 (MapPartitionsRDD[10] at flatMap at Graph.scala:26) (first 15 tasks are for partitions Vector(0, 1))
2022-11-08 20:27:21,021 INFO scheduler.TaskSchedulerImpl: Adding task set 3.0 with 2 tasks resource profile 0
2022-11-08 20:27:21,022 INFO scheduler.TaskSetManager: Starting task 0.0 in stage 3.0 (TID 6) (198.202.102.28, executor 0, partition 0, NODE_LOCAL, 4481 bytes) taskResourceAssignments Map()
2022-11-08 20:27:21,023 INFO scheduler.TaskSetManager: Starting task 1.0 in stage 3.0 (TID 7) (198.202.102.28, executor 0, partition 1, NODE_LOCAL, 4481 bytes) taskResourceAssignments Map()
2022-11-08 20:27:21,049 INFO storage.BlockManagerInfo: Added broadcast_3_piece0 in memory on 198.202.102.28:45667 (size: 3.7 KiB, free: 434.4 MiB)
2022-11-08 20:27:21,049 INFO storage.BlockManagerInfo: Added broadcast_4_piece0 in memory on 198.202.102.28:45667 (size: 3.8 KiB, free: 434.4 MiB)
2022-11-08 20:27:21,080 INFO spark.MapOutputTrackerMasterEndpoint: Asked to send map output locations for shuffle 10 to 198.202.102.28:36958
2022-11-08 20:27:21,426 INFO spark.MapOutputTrackerMasterEndpoint: Asked to send map output locations for shuffle 0 to 198.202.102.28:36958
2022-11-08 20:27:22,543 INFO scheduler.TaskSetManager: Finished task 0.0 in stage 3.0 (TID 6) in 1521 ms on 198.202.102.28 (executor 0) (1/2)
2022-11-08 20:27:22,566 INFO scheduler.TaskSetManager: Finished task 1.0 in stage 3.0 (TID 7) in 1543 ms on 198.202.102.28 (executor 0) (2/2)
2022-11-08 20:27:22,566 INFO scheduler.TaskSchedulerImpl: Removed TaskSet 3.0, whose tasks have all completed, from pool 
2022-11-08 20:27:22,566 INFO scheduler.DAGScheduler: ShuffleMapStage 3 (flatMap at Graph.scala:26) finished in 1.549 s
2022-11-08 20:27:22,567 INFO scheduler.DAGScheduler: looking for newly runnable stages
2022-11-08 20:27:22,567 INFO scheduler.DAGScheduler: running: Set(ShuffleMapStage 2)
2022-11-08 20:27:22,567 INFO scheduler.DAGScheduler: waiting: Set(ShuffleMapStage 9, ShuffleMapStage 5, ShuffleMapStage 6, ShuffleMapStage 10, ShuffleMapStage 7, ShuffleMapStage 4, ResultStage 11, ShuffleMapStage 8)
2022-11-08 20:27:22,567 INFO scheduler.DAGScheduler: failed: Set()
2022-11-08 20:27:22,622 INFO scheduler.TaskSetManager: Finished task 1.0 in stage 2.0 (TID 5) in 1603 ms on 198.202.102.28 (executor 0) (1/2)
2022-11-08 20:27:22,630 INFO scheduler.TaskSetManager: Finished task 0.0 in stage 2.0 (TID 4) in 1614 ms on 198.202.102.28 (executor 0) (2/2)
2022-11-08 20:27:22,630 INFO scheduler.TaskSchedulerImpl: Removed TaskSet 2.0, whose tasks have all completed, from pool 
2022-11-08 20:27:22,631 INFO scheduler.DAGScheduler: ShuffleMapStage 2 (map at Graph.scala:30) finished in 1.624 s
2022-11-08 20:27:22,631 INFO scheduler.DAGScheduler: looking for newly runnable stages
2022-11-08 20:27:22,631 INFO scheduler.DAGScheduler: running: Set()
2022-11-08 20:27:22,631 INFO scheduler.DAGScheduler: waiting: Set(ShuffleMapStage 9, ShuffleMapStage 5, ShuffleMapStage 6, ShuffleMapStage 10, ShuffleMapStage 7, ShuffleMapStage 4, ResultStage 11, ShuffleMapStage 8)
2022-11-08 20:27:22,631 INFO scheduler.DAGScheduler: failed: Set()
2022-11-08 20:27:22,632 INFO scheduler.DAGScheduler: Submitting ShuffleMapStage 5 (MapPartitionsRDD[19] at map at Graph.scala:30), which has no missing parents
2022-11-08 20:27:22,636 INFO memory.MemoryStore: Block broadcast_5 stored as values in memory (estimated size 6.7 KiB, free 434.2 MiB)
2022-11-08 20:27:22,637 INFO memory.MemoryStore: Block broadcast_5_piece0 stored as bytes in memory (estimated size 3.7 KiB, free 434.1 MiB)
2022-11-08 20:27:22,638 INFO storage.BlockManagerInfo: Added broadcast_5_piece0 in memory on exp-9-03.expanse.sdsc.edu:41203 (size: 3.7 KiB, free: 434.4 MiB)
2022-11-08 20:27:22,638 INFO spark.SparkContext: Created broadcast 5 from broadcast at DAGScheduler.scala:1388
2022-11-08 20:27:22,638 INFO scheduler.DAGScheduler: Submitting 2 missing tasks from ShuffleMapStage 5 (MapPartitionsRDD[19] at map at Graph.scala:30) (first 15 tasks are for partitions Vector(0, 1))
2022-11-08 20:27:22,638 INFO scheduler.TaskSchedulerImpl: Adding task set 5.0 with 2 tasks resource profile 0
2022-11-08 20:27:22,639 INFO scheduler.DAGScheduler: Submitting ShuffleMapStage 4 (MapPartitionsRDD[17] at flatMap at Graph.scala:26), which has no missing parents
2022-11-08 20:27:22,639 INFO scheduler.TaskSetManager: Starting task 0.0 in stage 5.0 (TID 8) (198.202.102.28, executor 0, partition 0, NODE_LOCAL, 4481 bytes) taskResourceAssignments Map()
2022-11-08 20:27:22,640 INFO scheduler.TaskSetManager: Starting task 1.0 in stage 5.0 (TID 9) (198.202.102.28, executor 0, partition 1, NODE_LOCAL, 4481 bytes) taskResourceAssignments Map()
2022-11-08 20:27:22,641 INFO memory.MemoryStore: Block broadcast_6 stored as values in memory (estimated size 6.7 KiB, free 434.1 MiB)
2022-11-08 20:27:22,642 INFO memory.MemoryStore: Block broadcast_6_piece0 stored as bytes in memory (estimated size 3.8 KiB, free 434.1 MiB)
2022-11-08 20:27:22,643 INFO storage.BlockManagerInfo: Added broadcast_6_piece0 in memory on exp-9-03.expanse.sdsc.edu:41203 (size: 3.8 KiB, free: 434.4 MiB)
2022-11-08 20:27:22,643 INFO spark.SparkContext: Created broadcast 6 from broadcast at DAGScheduler.scala:1388
2022-11-08 20:27:22,644 INFO scheduler.DAGScheduler: Submitting 2 missing tasks from ShuffleMapStage 4 (MapPartitionsRDD[17] at flatMap at Graph.scala:26) (first 15 tasks are for partitions Vector(0, 1))
2022-11-08 20:27:22,644 INFO scheduler.TaskSchedulerImpl: Adding task set 4.0 with 2 tasks resource profile 0
2022-11-08 20:27:22,645 INFO scheduler.TaskSetManager: Starting task 0.0 in stage 4.0 (TID 10) (198.202.102.28, executor 0, partition 0, NODE_LOCAL, 4481 bytes) taskResourceAssignments Map()
2022-11-08 20:27:22,645 INFO scheduler.TaskSetManager: Starting task 1.0 in stage 4.0 (TID 11) (198.202.102.28, executor 0, partition 1, NODE_LOCAL, 4481 bytes) taskResourceAssignments Map()
2022-11-08 20:27:22,658 INFO storage.BlockManagerInfo: Added broadcast_5_piece0 in memory on 198.202.102.28:45667 (size: 3.7 KiB, free: 434.4 MiB)
2022-11-08 20:27:22,658 INFO storage.BlockManagerInfo: Added broadcast_6_piece0 in memory on 198.202.102.28:45667 (size: 3.8 KiB, free: 434.4 MiB)
2022-11-08 20:27:22,665 INFO spark.MapOutputTrackerMasterEndpoint: Asked to send map output locations for shuffle 9 to 198.202.102.28:36958
2022-11-08 20:27:22,763 INFO spark.MapOutputTrackerMasterEndpoint: Asked to send map output locations for shuffle 1 to 198.202.102.28:36958
2022-11-08 20:27:23,265 INFO scheduler.TaskSetManager: Finished task 0.0 in stage 5.0 (TID 8) in 626 ms on 198.202.102.28 (executor 0) (1/2)
2022-11-08 20:27:23,270 INFO scheduler.TaskSetManager: Finished task 1.0 in stage 5.0 (TID 9) in 631 ms on 198.202.102.28 (executor 0) (2/2)
2022-11-08 20:27:23,270 INFO scheduler.TaskSchedulerImpl: Removed TaskSet 5.0, whose tasks have all completed, from pool 
2022-11-08 20:27:23,271 INFO scheduler.DAGScheduler: ShuffleMapStage 5 (map at Graph.scala:30) finished in 0.637 s
2022-11-08 20:27:23,271 INFO scheduler.DAGScheduler: looking for newly runnable stages
2022-11-08 20:27:23,271 INFO scheduler.DAGScheduler: running: Set(ShuffleMapStage 4)
2022-11-08 20:27:23,271 INFO scheduler.DAGScheduler: waiting: Set(ShuffleMapStage 9, ShuffleMapStage 6, ShuffleMapStage 10, ShuffleMapStage 7, ResultStage 11, ShuffleMapStage 8)
2022-11-08 20:27:23,271 INFO scheduler.DAGScheduler: failed: Set()
2022-11-08 20:27:23,344 INFO scheduler.TaskSetManager: Finished task 0.0 in stage 4.0 (TID 10) in 699 ms on 198.202.102.28 (executor 0) (1/2)
2022-11-08 20:27:23,347 INFO scheduler.TaskSetManager: Finished task 1.0 in stage 4.0 (TID 11) in 702 ms on 198.202.102.28 (executor 0) (2/2)
2022-11-08 20:27:23,348 INFO scheduler.TaskSchedulerImpl: Removed TaskSet 4.0, whose tasks have all completed, from pool 
2022-11-08 20:27:23,348 INFO scheduler.DAGScheduler: ShuffleMapStage 4 (flatMap at Graph.scala:26) finished in 0.708 s
2022-11-08 20:27:23,348 INFO scheduler.DAGScheduler: looking for newly runnable stages
2022-11-08 20:27:23,348 INFO scheduler.DAGScheduler: running: Set()
2022-11-08 20:27:23,348 INFO scheduler.DAGScheduler: waiting: Set(ShuffleMapStage 9, ShuffleMapStage 6, ShuffleMapStage 10, ShuffleMapStage 7, ResultStage 11, ShuffleMapStage 8)
2022-11-08 20:27:23,348 INFO scheduler.DAGScheduler: failed: Set()
2022-11-08 20:27:23,348 INFO scheduler.DAGScheduler: Submitting ShuffleMapStage 6 (MapPartitionsRDD[24] at flatMap at Graph.scala:26), which has no missing parents
2022-11-08 20:27:23,351 INFO memory.MemoryStore: Block broadcast_7 stored as values in memory (estimated size 6.7 KiB, free 434.1 MiB)
2022-11-08 20:27:23,352 INFO memory.MemoryStore: Block broadcast_7_piece0 stored as bytes in memory (estimated size 3.8 KiB, free 434.1 MiB)
2022-11-08 20:27:23,353 INFO storage.BlockManagerInfo: Added broadcast_7_piece0 in memory on exp-9-03.expanse.sdsc.edu:41203 (size: 3.8 KiB, free: 434.3 MiB)
2022-11-08 20:27:23,353 INFO spark.SparkContext: Created broadcast 7 from broadcast at DAGScheduler.scala:1388
2022-11-08 20:27:23,353 INFO scheduler.DAGScheduler: Submitting 2 missing tasks from ShuffleMapStage 6 (MapPartitionsRDD[24] at flatMap at Graph.scala:26) (first 15 tasks are for partitions Vector(0, 1))
2022-11-08 20:27:23,353 INFO scheduler.TaskSchedulerImpl: Adding task set 6.0 with 2 tasks resource profile 0
2022-11-08 20:27:23,354 INFO scheduler.DAGScheduler: Submitting ShuffleMapStage 7 (MapPartitionsRDD[26] at map at Graph.scala:30), which has no missing parents
2022-11-08 20:27:23,355 INFO scheduler.TaskSetManager: Starting task 0.0 in stage 6.0 (TID 12) (198.202.102.28, executor 0, partition 0, NODE_LOCAL, 4481 bytes) taskResourceAssignments Map()
2022-11-08 20:27:23,355 INFO scheduler.TaskSetManager: Starting task 1.0 in stage 6.0 (TID 13) (198.202.102.28, executor 0, partition 1, NODE_LOCAL, 4481 bytes) taskResourceAssignments Map()
2022-11-08 20:27:23,356 INFO memory.MemoryStore: Block broadcast_8 stored as values in memory (estimated size 6.7 KiB, free 434.1 MiB)
2022-11-08 20:27:23,358 INFO memory.MemoryStore: Block broadcast_8_piece0 stored as bytes in memory (estimated size 3.7 KiB, free 434.1 MiB)
2022-11-08 20:27:23,358 INFO storage.BlockManagerInfo: Added broadcast_8_piece0 in memory on exp-9-03.expanse.sdsc.edu:41203 (size: 3.7 KiB, free: 434.3 MiB)
2022-11-08 20:27:23,358 INFO spark.SparkContext: Created broadcast 8 from broadcast at DAGScheduler.scala:1388
2022-11-08 20:27:23,359 INFO scheduler.DAGScheduler: Submitting 2 missing tasks from ShuffleMapStage 7 (MapPartitionsRDD[26] at map at Graph.scala:30) (first 15 tasks are for partitions Vector(0, 1))
2022-11-08 20:27:23,359 INFO scheduler.TaskSchedulerImpl: Adding task set 7.0 with 2 tasks resource profile 0
2022-11-08 20:27:23,360 INFO scheduler.TaskSetManager: Starting task 0.0 in stage 7.0 (TID 14) (198.202.102.28, executor 0, partition 0, NODE_LOCAL, 4481 bytes) taskResourceAssignments Map()
2022-11-08 20:27:23,360 INFO scheduler.TaskSetManager: Starting task 1.0 in stage 7.0 (TID 15) (198.202.102.28, executor 0, partition 1, NODE_LOCAL, 4481 bytes) taskResourceAssignments Map()
2022-11-08 20:27:23,363 INFO storage.BlockManagerInfo: Added broadcast_7_piece0 in memory on 198.202.102.28:45667 (size: 3.8 KiB, free: 434.3 MiB)
2022-11-08 20:27:23,369 INFO storage.BlockManagerInfo: Added broadcast_8_piece0 in memory on 198.202.102.28:45667 (size: 3.7 KiB, free: 434.3 MiB)
2022-11-08 20:27:23,369 INFO spark.MapOutputTrackerMasterEndpoint: Asked to send map output locations for shuffle 8 to 198.202.102.28:36958
2022-11-08 20:27:23,522 INFO spark.MapOutputTrackerMasterEndpoint: Asked to send map output locations for shuffle 2 to 198.202.102.28:36958
2022-11-08 20:27:24,070 INFO scheduler.TaskSetManager: Finished task 0.0 in stage 6.0 (TID 12) in 716 ms on 198.202.102.28 (executor 0) (1/2)
2022-11-08 20:27:24,123 INFO scheduler.TaskSetManager: Finished task 0.0 in stage 7.0 (TID 14) in 763 ms on 198.202.102.28 (executor 0) (1/2)
2022-11-08 20:27:24,125 INFO scheduler.TaskSetManager: Finished task 1.0 in stage 6.0 (TID 13) in 770 ms on 198.202.102.28 (executor 0) (2/2)
2022-11-08 20:27:24,125 INFO scheduler.TaskSchedulerImpl: Removed TaskSet 6.0, whose tasks have all completed, from pool 
2022-11-08 20:27:24,126 INFO scheduler.DAGScheduler: ShuffleMapStage 6 (flatMap at Graph.scala:26) finished in 0.775 s
2022-11-08 20:27:24,126 INFO scheduler.DAGScheduler: looking for newly runnable stages
2022-11-08 20:27:24,126 INFO scheduler.DAGScheduler: running: Set(ShuffleMapStage 7)
2022-11-08 20:27:24,126 INFO scheduler.DAGScheduler: waiting: Set(ShuffleMapStage 9, ShuffleMapStage 10, ResultStage 11, ShuffleMapStage 8)
2022-11-08 20:27:24,126 INFO scheduler.DAGScheduler: failed: Set()
2022-11-08 20:27:24,166 INFO scheduler.TaskSetManager: Finished task 1.0 in stage 7.0 (TID 15) in 806 ms on 198.202.102.28 (executor 0) (2/2)
2022-11-08 20:27:24,166 INFO scheduler.TaskSchedulerImpl: Removed TaskSet 7.0, whose tasks have all completed, from pool 
2022-11-08 20:27:24,166 INFO scheduler.DAGScheduler: ShuffleMapStage 7 (map at Graph.scala:30) finished in 0.811 s
2022-11-08 20:27:24,166 INFO scheduler.DAGScheduler: looking for newly runnable stages
2022-11-08 20:27:24,166 INFO scheduler.DAGScheduler: running: Set()
2022-11-08 20:27:24,166 INFO scheduler.DAGScheduler: waiting: Set(ShuffleMapStage 9, ShuffleMapStage 10, ResultStage 11, ShuffleMapStage 8)
2022-11-08 20:27:24,166 INFO scheduler.DAGScheduler: failed: Set()
2022-11-08 20:27:24,167 INFO scheduler.DAGScheduler: Submitting ShuffleMapStage 9 (MapPartitionsRDD[31] at flatMap at Graph.scala:26), which has no missing parents
2022-11-08 20:27:24,169 INFO memory.MemoryStore: Block broadcast_9 stored as values in memory (estimated size 6.7 KiB, free 434.1 MiB)
2022-11-08 20:27:24,170 INFO memory.MemoryStore: Block broadcast_9_piece0 stored as bytes in memory (estimated size 3.8 KiB, free 434.1 MiB)
2022-11-08 20:27:24,170 INFO storage.BlockManagerInfo: Added broadcast_9_piece0 in memory on exp-9-03.expanse.sdsc.edu:41203 (size: 3.8 KiB, free: 434.3 MiB)
2022-11-08 20:27:24,171 INFO spark.SparkContext: Created broadcast 9 from broadcast at DAGScheduler.scala:1388
2022-11-08 20:27:24,171 INFO scheduler.DAGScheduler: Submitting 2 missing tasks from ShuffleMapStage 9 (MapPartitionsRDD[31] at flatMap at Graph.scala:26) (first 15 tasks are for partitions Vector(0, 1))
2022-11-08 20:27:24,171 INFO scheduler.TaskSchedulerImpl: Adding task set 9.0 with 2 tasks resource profile 0
2022-11-08 20:27:24,172 INFO scheduler.DAGScheduler: Submitting ShuffleMapStage 8 (MapPartitionsRDD[33] at map at Graph.scala:30), which has no missing parents
2022-11-08 20:27:24,172 INFO scheduler.TaskSetManager: Starting task 0.0 in stage 9.0 (TID 16) (198.202.102.28, executor 0, partition 0, NODE_LOCAL, 4481 bytes) taskResourceAssignments Map()
2022-11-08 20:27:24,173 INFO scheduler.TaskSetManager: Starting task 1.0 in stage 9.0 (TID 17) (198.202.102.28, executor 0, partition 1, NODE_LOCAL, 4481 bytes) taskResourceAssignments Map()
2022-11-08 20:27:24,174 INFO memory.MemoryStore: Block broadcast_10 stored as values in memory (estimated size 6.7 KiB, free 434.1 MiB)
2022-11-08 20:27:24,175 INFO memory.MemoryStore: Block broadcast_10_piece0 stored as bytes in memory (estimated size 3.7 KiB, free 434.1 MiB)
2022-11-08 20:27:24,175 INFO storage.BlockManagerInfo: Added broadcast_10_piece0 in memory on exp-9-03.expanse.sdsc.edu:41203 (size: 3.7 KiB, free: 434.3 MiB)
2022-11-08 20:27:24,176 INFO spark.SparkContext: Created broadcast 10 from broadcast at DAGScheduler.scala:1388
2022-11-08 20:27:24,176 INFO scheduler.DAGScheduler: Submitting 2 missing tasks from ShuffleMapStage 8 (MapPartitionsRDD[33] at map at Graph.scala:30) (first 15 tasks are for partitions Vector(0, 1))
2022-11-08 20:27:24,176 INFO scheduler.TaskSchedulerImpl: Adding task set 8.0 with 2 tasks resource profile 0
2022-11-08 20:27:24,177 INFO scheduler.TaskSetManager: Starting task 0.0 in stage 8.0 (TID 18) (198.202.102.28, executor 0, partition 0, NODE_LOCAL, 4481 bytes) taskResourceAssignments Map()
2022-11-08 20:27:24,178 INFO scheduler.TaskSetManager: Starting task 1.0 in stage 8.0 (TID 19) (198.202.102.28, executor 0, partition 1, NODE_LOCAL, 4481 bytes) taskResourceAssignments Map()
2022-11-08 20:27:24,181 INFO storage.BlockManagerInfo: Added broadcast_9_piece0 in memory on 198.202.102.28:45667 (size: 3.8 KiB, free: 434.3 MiB)
2022-11-08 20:27:24,185 INFO storage.BlockManagerInfo: Added broadcast_10_piece0 in memory on 198.202.102.28:45667 (size: 3.7 KiB, free: 434.3 MiB)
2022-11-08 20:27:24,185 INFO spark.MapOutputTrackerMasterEndpoint: Asked to send map output locations for shuffle 7 to 198.202.102.28:36958
2022-11-08 20:27:24,250 INFO spark.MapOutputTrackerMasterEndpoint: Asked to send map output locations for shuffle 3 to 198.202.102.28:36958
2022-11-08 20:27:24,745 INFO scheduler.TaskSetManager: Finished task 0.0 in stage 8.0 (TID 18) in 568 ms on 198.202.102.28 (executor 0) (1/2)
2022-11-08 20:27:24,749 INFO scheduler.TaskSetManager: Finished task 1.0 in stage 8.0 (TID 19) in 572 ms on 198.202.102.28 (executor 0) (2/2)
2022-11-08 20:27:24,749 INFO scheduler.TaskSchedulerImpl: Removed TaskSet 8.0, whose tasks have all completed, from pool 
2022-11-08 20:27:24,750 INFO scheduler.DAGScheduler: ShuffleMapStage 8 (map at Graph.scala:30) finished in 0.577 s
2022-11-08 20:27:24,750 INFO scheduler.DAGScheduler: looking for newly runnable stages
2022-11-08 20:27:24,750 INFO scheduler.DAGScheduler: running: Set(ShuffleMapStage 9)
2022-11-08 20:27:24,750 INFO scheduler.DAGScheduler: waiting: Set(ShuffleMapStage 10, ResultStage 11)
2022-11-08 20:27:24,750 INFO scheduler.DAGScheduler: failed: Set()
2022-11-08 20:27:24,803 INFO scheduler.TaskSetManager: Finished task 1.0 in stage 9.0 (TID 17) in 631 ms on 198.202.102.28 (executor 0) (1/2)
2022-11-08 20:27:24,808 INFO scheduler.TaskSetManager: Finished task 0.0 in stage 9.0 (TID 16) in 636 ms on 198.202.102.28 (executor 0) (2/2)
2022-11-08 20:27:24,808 INFO scheduler.TaskSchedulerImpl: Removed TaskSet 9.0, whose tasks have all completed, from pool 
2022-11-08 20:27:24,809 INFO scheduler.DAGScheduler: ShuffleMapStage 9 (flatMap at Graph.scala:26) finished in 0.641 s
2022-11-08 20:27:24,809 INFO scheduler.DAGScheduler: looking for newly runnable stages
2022-11-08 20:27:24,809 INFO scheduler.DAGScheduler: running: Set()
2022-11-08 20:27:24,809 INFO scheduler.DAGScheduler: waiting: Set(ShuffleMapStage 10, ResultStage 11)
2022-11-08 20:27:24,809 INFO scheduler.DAGScheduler: failed: Set()
2022-11-08 20:27:24,809 INFO scheduler.DAGScheduler: Submitting ShuffleMapStage 10 (MapPartitionsRDD[39] at countByKey at Graph.scala:35), which has no missing parents
2022-11-08 20:27:24,811 INFO memory.MemoryStore: Block broadcast_11 stored as values in memory (estimated size 7.0 KiB, free 434.1 MiB)
2022-11-08 20:27:24,812 INFO memory.MemoryStore: Block broadcast_11_piece0 stored as bytes in memory (estimated size 3.8 KiB, free 434.1 MiB)
2022-11-08 20:27:24,813 INFO storage.BlockManagerInfo: Added broadcast_11_piece0 in memory on exp-9-03.expanse.sdsc.edu:41203 (size: 3.8 KiB, free: 434.3 MiB)
2022-11-08 20:27:24,813 INFO spark.SparkContext: Created broadcast 11 from broadcast at DAGScheduler.scala:1388
2022-11-08 20:27:24,813 INFO scheduler.DAGScheduler: Submitting 2 missing tasks from ShuffleMapStage 10 (MapPartitionsRDD[39] at countByKey at Graph.scala:35) (first 15 tasks are for partitions Vector(0, 1))
2022-11-08 20:27:24,813 INFO scheduler.TaskSchedulerImpl: Adding task set 10.0 with 2 tasks resource profile 0
2022-11-08 20:27:24,814 INFO scheduler.TaskSetManager: Starting task 0.0 in stage 10.0 (TID 20) (198.202.102.28, executor 0, partition 0, NODE_LOCAL, 4481 bytes) taskResourceAssignments Map()
2022-11-08 20:27:24,815 INFO scheduler.TaskSetManager: Starting task 1.0 in stage 10.0 (TID 21) (198.202.102.28, executor 0, partition 1, NODE_LOCAL, 4481 bytes) taskResourceAssignments Map()
2022-11-08 20:27:24,822 INFO storage.BlockManagerInfo: Added broadcast_11_piece0 in memory on 198.202.102.28:45667 (size: 3.8 KiB, free: 434.3 MiB)
2022-11-08 20:27:24,827 INFO spark.MapOutputTrackerMasterEndpoint: Asked to send map output locations for shuffle 6 to 198.202.102.28:36958
2022-11-08 20:27:24,888 INFO spark.MapOutputTrackerMasterEndpoint: Asked to send map output locations for shuffle 4 to 198.202.102.28:36958
2022-11-08 20:27:25,206 INFO scheduler.TaskSetManager: Finished task 1.0 in stage 10.0 (TID 21) in 392 ms on 198.202.102.28 (executor 0) (1/2)
2022-11-08 20:27:25,206 INFO scheduler.TaskSetManager: Finished task 0.0 in stage 10.0 (TID 20) in 392 ms on 198.202.102.28 (executor 0) (2/2)
2022-11-08 20:27:25,206 INFO scheduler.TaskSchedulerImpl: Removed TaskSet 10.0, whose tasks have all completed, from pool 
2022-11-08 20:27:25,207 INFO scheduler.DAGScheduler: ShuffleMapStage 10 (countByKey at Graph.scala:35) finished in 0.397 s
2022-11-08 20:27:25,207 INFO scheduler.DAGScheduler: looking for newly runnable stages
2022-11-08 20:27:25,207 INFO scheduler.DAGScheduler: running: Set()
2022-11-08 20:27:25,207 INFO scheduler.DAGScheduler: waiting: Set(ResultStage 11)
2022-11-08 20:27:25,207 INFO scheduler.DAGScheduler: failed: Set()
2022-11-08 20:27:25,207 INFO scheduler.DAGScheduler: Submitting ResultStage 11 (ShuffledRDD[40] at countByKey at Graph.scala:35), which has no missing parents
2022-11-08 20:27:25,209 INFO memory.MemoryStore: Block broadcast_12 stored as values in memory (estimated size 4.2 KiB, free 434.1 MiB)
2022-11-08 20:27:25,211 INFO memory.MemoryStore: Block broadcast_12_piece0 stored as bytes in memory (estimated size 2.5 KiB, free 434.1 MiB)
2022-11-08 20:27:25,211 INFO storage.BlockManagerInfo: Added broadcast_12_piece0 in memory on exp-9-03.expanse.sdsc.edu:41203 (size: 2.5 KiB, free: 434.3 MiB)
2022-11-08 20:27:25,212 INFO spark.SparkContext: Created broadcast 12 from broadcast at DAGScheduler.scala:1388
2022-11-08 20:27:25,213 INFO scheduler.DAGScheduler: Submitting 2 missing tasks from ResultStage 11 (ShuffledRDD[40] at countByKey at Graph.scala:35) (first 15 tasks are for partitions Vector(0, 1))
2022-11-08 20:27:25,213 INFO scheduler.TaskSchedulerImpl: Adding task set 11.0 with 2 tasks resource profile 0
2022-11-08 20:27:25,214 INFO scheduler.TaskSetManager: Starting task 0.0 in stage 11.0 (TID 22) (198.202.102.28, executor 0, partition 0, NODE_LOCAL, 4275 bytes) taskResourceAssignments Map()
2022-11-08 20:27:25,214 INFO scheduler.TaskSetManager: Starting task 1.0 in stage 11.0 (TID 23) (198.202.102.28, executor 0, partition 1, NODE_LOCAL, 4275 bytes) taskResourceAssignments Map()
2022-11-08 20:27:25,223 INFO storage.BlockManagerInfo: Added broadcast_12_piece0 in memory on 198.202.102.28:45667 (size: 2.5 KiB, free: 434.3 MiB)
2022-11-08 20:27:25,227 INFO spark.MapOutputTrackerMasterEndpoint: Asked to send map output locations for shuffle 5 to 198.202.102.28:36958
2022-11-08 20:27:25,237 INFO scheduler.TaskSetManager: Finished task 0.0 in stage 11.0 (TID 22) in 24 ms on 198.202.102.28 (executor 0) (1/2)
2022-11-08 20:27:25,237 INFO scheduler.TaskSetManager: Finished task 1.0 in stage 11.0 (TID 23) in 23 ms on 198.202.102.28 (executor 0) (2/2)
2022-11-08 20:27:25,237 INFO scheduler.TaskSchedulerImpl: Removed TaskSet 11.0, whose tasks have all completed, from pool 
2022-11-08 20:27:25,237 INFO scheduler.DAGScheduler: ResultStage 11 (countByKey at Graph.scala:35) finished in 0.028 s
2022-11-08 20:27:25,240 INFO scheduler.DAGScheduler: Job 0 is finished. Cancelling potential speculative or zombie tasks for this job
2022-11-08 20:27:25,240 INFO scheduler.TaskSchedulerImpl: Killing all running tasks in stage 11: Stage finished
2022-11-08 20:27:25,241 INFO scheduler.DAGScheduler: Job 0 finished: countByKey at Graph.scala:35, took 7.220504 s
(0,92983)
(5,22)
(10,1)
(1,5847)
(6,12)
(9,2)
(2,752)
(7,2)
(3,331)
(11,1)
(8,1)
(4,46)
2022-11-08 20:27:25,254 INFO server.AbstractConnector: Stopped Spark@7a29cc5f{HTTP/1.1, (http/1.1)}{exp-9-03:4040}
2022-11-08 20:27:25,255 INFO ui.SparkUI: Stopped Spark web UI at http://exp-9-03.expanse.sdsc.edu:4040
2022-11-08 20:27:25,258 INFO cluster.StandaloneSchedulerBackend: Shutting down all executors
2022-11-08 20:27:25,258 INFO cluster.CoarseGrainedSchedulerBackend$DriverEndpoint: Asking each executor to shut down
2022-11-08 20:27:25,271 INFO spark.MapOutputTrackerMasterEndpoint: MapOutputTrackerMasterEndpoint stopped!
2022-11-08 20:27:25,292 INFO memory.MemoryStore: MemoryStore cleared
2022-11-08 20:27:25,293 INFO storage.BlockManager: BlockManager stopped
2022-11-08 20:27:25,296 INFO storage.BlockManagerMaster: BlockManagerMaster stopped
2022-11-08 20:27:25,298 INFO scheduler.OutputCommitCoordinator$OutputCommitCoordinatorEndpoint: OutputCommitCoordinator stopped!
2022-11-08 20:27:25,323 INFO spark.SparkContext: Successfully stopped SparkContext
2022-11-08 20:27:25,327 INFO util.ShutdownHookManager: Shutdown hook called
2022-11-08 20:27:25,328 INFO util.ShutdownHookManager: Deleting directory /tmp/spark-0ae9a0c3-eb0a-4064-8ab9-1313dd6ddd60
2022-11-08 20:27:25,343 INFO util.ShutdownHookManager: Deleting directory /tmp/spark-7ad1856c-84b7-41bf-bfc2-3195ea132505
Stopping namenodes on [exp-9-03]
Stopping datanodes
WARNING: HADOOP_SECURE_DN_PID_DIR has been replaced by HADOOP_SECURE_PID_DIR. Using value of HADOOP_SECURE_DN_PID_DIR.
localhost: @@@@@@@@@@@@@@@@@@@@@@@@@@@@@@@@@@@@@@@@@@@@@@@@@@@@@@@@@@@
localhost: @    WARNING: REMOTE HOST IDENTIFICATION HAS CHANGED!     @
localhost: @@@@@@@@@@@@@@@@@@@@@@@@@@@@@@@@@@@@@@@@@@@@@@@@@@@@@@@@@@@
localhost: IT IS POSSIBLE THAT SOMEONE IS DOING SOMETHING NASTY!
localhost: Someone could be eavesdropping on you right now (man-in-the-middle attack)!
localhost: It is also possible that a host key has just been changed.
localhost: The fingerprint for the ED25519 key sent by the remote host is
localhost: SHA256:coSf9ckqtaM7o/oRr9TYtw9+AhlCJat8xJ/t4pU1mNo.
localhost: Please contact your system administrator.
localhost: Add correct host key in /home/vthamalla/.ssh/known_hosts to get rid of this message.
localhost: Offending ED25519 key in /home/vthamalla/.ssh/known_hosts:1
localhost: Password authentication is disabled to avoid man-in-the-middle attacks.
localhost: Keyboard-interactive authentication is disabled to avoid man-in-the-middle attacks.
localhost: WARNING: HADOOP_SECURE_DN_PID_DIR has been replaced by HADOOP_SECURE_PID_DIR. Using value of HADOOP_SECURE_DN_PID_DIR.
Stopping secondary namenodes [exp-9-03]
Copying Hadoop logs back to /home/vthamalla/expansecluster/logs...
'/scratch/vthamalla/job_17380671/logs' -> '/home/vthamalla/expansecluster/logs'
'/scratch/vthamalla/job_17380671/logs/hadoop-vthamalla-namenode-exp-9-03.out' -> '/home/vthamalla/expansecluster/logs/hadoop-vthamalla-namenode-exp-9-03.out'
'/scratch/vthamalla/job_17380671/logs/SecurityAuth-vthamalla.audit' -> '/home/vthamalla/expansecluster/logs/SecurityAuth-vthamalla.audit'
'/scratch/vthamalla/job_17380671/logs/hadoop-vthamalla-datanode-exp-9-03.out' -> '/home/vthamalla/expansecluster/logs/hadoop-vthamalla-datanode-exp-9-03.out'
'/scratch/vthamalla/job_17380671/logs/hadoop-vthamalla-namenode-exp-9-03.log' -> '/home/vthamalla/expansecluster/logs/hadoop-vthamalla-namenode-exp-9-03.log'
'/scratch/vthamalla/job_17380671/logs/hadoop-vthamalla-datanode-exp-9-03.log' -> '/home/vthamalla/expansecluster/logs/hadoop-vthamalla-datanode-exp-9-03.log'
'/scratch/vthamalla/job_17380671/logs/hadoop-vthamalla-secondarynamenode-exp-9-03.out' -> '/home/vthamalla/expansecluster/logs/hadoop-vthamalla-secondarynamenode-exp-9-03.out'
'/scratch/vthamalla/job_17380671/logs/hadoop-vthamalla-secondarynamenode-exp-9-03.log' -> '/home/vthamalla/expansecluster/logs/hadoop-vthamalla-secondarynamenode-exp-9-03.log'
'/scratch/vthamalla/job_17380671/logs/spark-vthamalla-org.apache.spark.deploy.master.Master-1-exp-9-03.out' -> '/home/vthamalla/expansecluster/logs/spark-vthamalla-org.apache.spark.deploy.master.Master-1-exp-9-03.out'
removed directory '/scratch/vthamalla/job_17380671/tmp/dfs/namesecondary'
removed directory '/scratch/vthamalla/job_17380671/tmp/dfs'
removed directory '/scratch/vthamalla/job_17380671/tmp'
removed '/scratch/vthamalla/job_17380671/hdfs_data/current/BP-587403748-198.202.102.28-1667968013152/scanner.cursor'
removed '/scratch/vthamalla/job_17380671/hdfs_data/current/BP-587403748-198.202.102.28-1667968013152/current/dfsUsed'
removed '/scratch/vthamalla/job_17380671/hdfs_data/current/BP-587403748-198.202.102.28-1667968013152/current/VERSION'
removed '/scratch/vthamalla/job_17380671/hdfs_data/current/BP-587403748-198.202.102.28-1667968013152/current/finalized/subdir0/subdir0/blk_1073741825_1001.meta'
removed '/scratch/vthamalla/job_17380671/hdfs_data/current/BP-587403748-198.202.102.28-1667968013152/current/finalized/subdir0/subdir0/blk_1073741825'
removed directory '/scratch/vthamalla/job_17380671/hdfs_data/current/BP-587403748-198.202.102.28-1667968013152/current/finalized/subdir0/subdir0'
removed directory '/scratch/vthamalla/job_17380671/hdfs_data/current/BP-587403748-198.202.102.28-1667968013152/current/finalized/subdir0'
removed directory '/scratch/vthamalla/job_17380671/hdfs_data/current/BP-587403748-198.202.102.28-1667968013152/current/finalized'
removed directory '/scratch/vthamalla/job_17380671/hdfs_data/current/BP-587403748-198.202.102.28-1667968013152/current/rbw'
removed directory '/scratch/vthamalla/job_17380671/hdfs_data/current/BP-587403748-198.202.102.28-1667968013152/current'
removed directory '/scratch/vthamalla/job_17380671/hdfs_data/current/BP-587403748-198.202.102.28-1667968013152/tmp'
removed directory '/scratch/vthamalla/job_17380671/hdfs_data/current/BP-587403748-198.202.102.28-1667968013152'
removed '/scratch/vthamalla/job_17380671/hdfs_data/current/VERSION'
removed directory '/scratch/vthamalla/job_17380671/hdfs_data/current'
removed directory '/scratch/vthamalla/job_17380671/hdfs_data'
removed '/scratch/vthamalla/job_17380671/logs/SecurityAuth-vthamalla.audit'
removed '/scratch/vthamalla/job_17380671/logs/hadoop-vthamalla-namenode-exp-9-03.log'
removed '/scratch/vthamalla/job_17380671/logs/hadoop-vthamalla-namenode-exp-9-03.out'
removed '/scratch/vthamalla/job_17380671/logs/spark-vthamalla-org.apache.spark.deploy.master.Master-1-exp-9-03.out'
removed '/scratch/vthamalla/job_17380671/logs/hadoop-vthamalla-secondarynamenode-exp-9-03.out'
removed '/scratch/vthamalla/job_17380671/logs/hadoop-vthamalla-datanode-exp-9-03.log'
removed '/scratch/vthamalla/job_17380671/logs/hadoop-vthamalla-secondarynamenode-exp-9-03.log'
removed '/scratch/vthamalla/job_17380671/logs/hadoop-vthamalla-datanode-exp-9-03.out'
removed directory '/scratch/vthamalla/job_17380671/logs'
removed '/scratch/vthamalla/job_17380671/namenode_data/current/fsimage_0000000000000000000'
removed '/scratch/vthamalla/job_17380671/namenode_data/current/seen_txid'
removed '/scratch/vthamalla/job_17380671/namenode_data/current/VERSION'
removed '/scratch/vthamalla/job_17380671/namenode_data/current/fsimage_0000000000000000000.md5'
removed '/scratch/vthamalla/job_17380671/namenode_data/current/edits_inprogress_0000000000000000001'
removed directory '/scratch/vthamalla/job_17380671/namenode_data/current'
removed directory '/scratch/vthamalla/job_17380671/namenode_data'
removed directory '/scratch/vthamalla/job_17380671/pids'
