WARNING: log4j.properties is not found. HADOOP_CONF_DIR may be incomplete.
2022-10-18 11:27:13,411 WARN  [main] impl.MetricsConfig (MetricsConfig.java:loadFirst(136)) - Cannot locate configuration: tried hadoop-metrics2-jobtracker.properties,hadoop-metrics2.properties
2022-10-18 11:27:13,481 INFO  [main] impl.MetricsSystemImpl (MetricsSystemImpl.java:startTimer(378)) - Scheduled Metric snapshot period at 10 second(s).
2022-10-18 11:27:13,481 INFO  [main] impl.MetricsSystemImpl (MetricsSystemImpl.java:start(191)) - JobTracker metrics system started
2022-10-18 11:27:13,539 WARN  [main] mapreduce.JobResourceUploader (JobResourceUploader.java:uploadResourcesInternal(149)) - Hadoop command-line option parsing not performed. Implement the Tool interface and execute your application with ToolRunner to remedy this.
2022-10-18 11:27:13,565 INFO  [main] input.FileInputFormat (FileInputFormat.java:listStatus(292)) - Total input files to process : 1
2022-10-18 11:27:13,578 INFO  [main] mapreduce.JobSubmitter (JobSubmitter.java:submitJobInternal(202)) - number of splits:1
2022-10-18 11:27:13,783 INFO  [main] mapreduce.JobSubmitter (JobSubmitter.java:printTokens(298)) - Submitting tokens for job: job_local644311258_0001
2022-10-18 11:27:13,784 INFO  [main] mapreduce.JobSubmitter (JobSubmitter.java:printTokens(299)) - Executing with tokens: []
2022-10-18 11:27:13,865 INFO  [main] mapreduce.Job (Job.java:submit(1569)) - The url to track the job: http://localhost:8080/
2022-10-18 11:27:13,869 INFO  [main] mapreduce.Job (Job.java:monitorAndPrintJob(1614)) - Running job: job_local644311258_0001
2022-10-18 11:27:13,874 INFO  [Thread-4] mapred.LocalJobRunner (LocalJobRunner.java:createOutputCommitter(501)) - OutputCommitter set in config null
2022-10-18 11:27:13,882 INFO  [Thread-4] output.FileOutputCommitter (FileOutputCommitter.java:<init>(141)) - File Output Committer Algorithm version is 2
2022-10-18 11:27:13,882 INFO  [Thread-4] output.FileOutputCommitter (FileOutputCommitter.java:<init>(156)) - FileOutputCommitter skip cleanup _temporary folders under output directory:false, ignore cleanup failures: false
2022-10-18 11:27:13,882 INFO  [Thread-4] mapred.LocalJobRunner (LocalJobRunner.java:createOutputCommitter(519)) - OutputCommitter is org.apache.hadoop.mapreduce.lib.output.FileOutputCommitter
2022-10-18 11:27:13,981 INFO  [Thread-4] mapred.LocalJobRunner (LocalJobRunner.java:runTasks(478)) - Waiting for map tasks
2022-10-18 11:27:13,982 INFO  [LocalJobRunner Map Task Executor #0] mapred.LocalJobRunner (LocalJobRunner.java:run(252)) - Starting task: attempt_local644311258_0001_m_000000_0
2022-10-18 11:27:13,999 INFO  [LocalJobRunner Map Task Executor #0] output.FileOutputCommitter (FileOutputCommitter.java:<init>(141)) - File Output Committer Algorithm version is 2
2022-10-18 11:27:13,999 INFO  [LocalJobRunner Map Task Executor #0] output.FileOutputCommitter (FileOutputCommitter.java:<init>(156)) - FileOutputCommitter skip cleanup _temporary folders under output directory:false, ignore cleanup failures: false
2022-10-18 11:27:14,019 INFO  [LocalJobRunner Map Task Executor #0] mapred.Task (Task.java:initialize(626)) -  Using ResourceCalculatorProcessTree : [ ]
2022-10-18 11:27:14,021 INFO  [LocalJobRunner Map Task Executor #0] mapred.MapTask (MapTask.java:runNewMapper(768)) - Processing split: file:/home/vthamalla/project3/small-graph.txt:0+56
2022-10-18 11:27:14,085 INFO  [LocalJobRunner Map Task Executor #0] mapred.LocalJobRunner (LocalJobRunner.java:statusUpdate(634)) - 
2022-10-18 11:27:14,097 INFO  [LocalJobRunner Map Task Executor #0] mapred.Task (Task.java:done(1244)) - Task:attempt_local644311258_0001_m_000000_0 is done. And is in the process of committing
2022-10-18 11:27:14,098 INFO  [LocalJobRunner Map Task Executor #0] mapred.LocalJobRunner (LocalJobRunner.java:statusUpdate(634)) - 
2022-10-18 11:27:14,098 INFO  [LocalJobRunner Map Task Executor #0] mapred.Task (Task.java:commit(1421)) - Task attempt_local644311258_0001_m_000000_0 is allowed to commit now
2022-10-18 11:27:14,107 INFO  [LocalJobRunner Map Task Executor #0] output.FileOutputCommitter (FileOutputCommitter.java:commitTask(606)) - Saved output of task 'attempt_local644311258_0001_m_000000_0' to file:/home/vthamalla/project3/temp/f0
2022-10-18 11:27:14,108 INFO  [LocalJobRunner Map Task Executor #0] mapred.LocalJobRunner (LocalJobRunner.java:statusUpdate(634)) - map
2022-10-18 11:27:14,108 INFO  [LocalJobRunner Map Task Executor #0] mapred.Task (Task.java:sendDone(1380)) - Task 'attempt_local644311258_0001_m_000000_0' done.
2022-10-18 11:27:14,112 INFO  [LocalJobRunner Map Task Executor #0] mapred.Task (Task.java:done(1276)) - Final Counters for attempt_local644311258_0001_m_000000_0: Counters: 15
	File System Counters
		FILE: Number of bytes read=7767
		FILE: Number of bytes written=551213
		FILE: Number of read operations=0
		FILE: Number of large read operations=0
		FILE: Number of write operations=0
	Map-Reduce Framework
		Map input records=10
		Map output records=10
		Input split bytes=110
		Spilled Records=0
		Failed Shuffles=0
		Merged Map outputs=0
		GC time elapsed (ms)=0
		Total committed heap usage (bytes)=2147483648
	File Input Format Counters 
		Bytes Read=56
	File Output Format Counters 
		Bytes Written=607
2022-10-18 11:27:14,112 INFO  [LocalJobRunner Map Task Executor #0] mapred.LocalJobRunner (LocalJobRunner.java:run(277)) - Finishing task: attempt_local644311258_0001_m_000000_0
2022-10-18 11:27:14,113 INFO  [Thread-4] mapred.LocalJobRunner (LocalJobRunner.java:runTasks(486)) - map task executor complete.
2022-10-18 11:27:14,877 INFO  [main] mapreduce.Job (Job.java:monitorAndPrintJob(1635)) - Job job_local644311258_0001 running in uber mode : false
2022-10-18 11:27:14,879 INFO  [main] mapreduce.Job (Job.java:monitorAndPrintJob(1642)) -  map 100% reduce 0%
2022-10-18 11:27:14,880 INFO  [main] mapreduce.Job (Job.java:monitorAndPrintJob(1653)) - Job job_local644311258_0001 completed successfully
2022-10-18 11:27:14,884 INFO  [main] mapreduce.Job (Job.java:monitorAndPrintJob(1660)) - Counters: 15
	File System Counters
		FILE: Number of bytes read=7767
		FILE: Number of bytes written=551213
		FILE: Number of read operations=0
		FILE: Number of large read operations=0
		FILE: Number of write operations=0
	Map-Reduce Framework
		Map input records=10
		Map output records=10
		Input split bytes=110
		Spilled Records=0
		Failed Shuffles=0
		Merged Map outputs=0
		GC time elapsed (ms)=0
		Total committed heap usage (bytes)=2147483648
	File Input Format Counters 
		Bytes Read=56
	File Output Format Counters 
		Bytes Written=607
2022-10-18 11:27:14,899 WARN  [main] impl.MetricsSystemImpl (MetricsSystemImpl.java:init(151)) - JobTracker metrics system already initialized!
2022-10-18 11:27:14,903 WARN  [main] mapreduce.JobResourceUploader (JobResourceUploader.java:uploadResourcesInternal(149)) - Hadoop command-line option parsing not performed. Implement the Tool interface and execute your application with ToolRunner to remedy this.
2022-10-18 11:27:14,909 INFO  [main] input.FileInputFormat (FileInputFormat.java:listStatus(292)) - Total input files to process : 1
2022-10-18 11:27:14,911 INFO  [main] mapreduce.JobSubmitter (JobSubmitter.java:submitJobInternal(202)) - number of splits:1
2022-10-18 11:27:14,921 INFO  [main] mapreduce.JobSubmitter (JobSubmitter.java:printTokens(298)) - Submitting tokens for job: job_local1675795660_0002
2022-10-18 11:27:14,921 INFO  [main] mapreduce.JobSubmitter (JobSubmitter.java:printTokens(299)) - Executing with tokens: []
2022-10-18 11:27:14,967 INFO  [main] mapreduce.Job (Job.java:submit(1569)) - The url to track the job: http://localhost:8080/
2022-10-18 11:27:14,968 INFO  [main] mapreduce.Job (Job.java:monitorAndPrintJob(1614)) - Running job: job_local1675795660_0002
2022-10-18 11:27:14,968 INFO  [Thread-7] mapred.LocalJobRunner (LocalJobRunner.java:createOutputCommitter(501)) - OutputCommitter set in config null
2022-10-18 11:27:14,968 INFO  [Thread-7] output.FileOutputCommitter (FileOutputCommitter.java:<init>(141)) - File Output Committer Algorithm version is 2
2022-10-18 11:27:14,968 INFO  [Thread-7] output.FileOutputCommitter (FileOutputCommitter.java:<init>(156)) - FileOutputCommitter skip cleanup _temporary folders under output directory:false, ignore cleanup failures: false
2022-10-18 11:27:14,969 INFO  [Thread-7] mapred.LocalJobRunner (LocalJobRunner.java:createOutputCommitter(519)) - OutputCommitter is org.apache.hadoop.mapreduce.lib.output.FileOutputCommitter
2022-10-18 11:27:15,030 INFO  [Thread-7] mapred.LocalJobRunner (LocalJobRunner.java:runTasks(478)) - Waiting for map tasks
2022-10-18 11:27:15,030 INFO  [LocalJobRunner Map Task Executor #0] mapred.LocalJobRunner (LocalJobRunner.java:run(252)) - Starting task: attempt_local1675795660_0002_m_000000_0
2022-10-18 11:27:15,031 INFO  [LocalJobRunner Map Task Executor #0] output.FileOutputCommitter (FileOutputCommitter.java:<init>(141)) - File Output Committer Algorithm version is 2
2022-10-18 11:27:15,031 INFO  [LocalJobRunner Map Task Executor #0] output.FileOutputCommitter (FileOutputCommitter.java:<init>(156)) - FileOutputCommitter skip cleanup _temporary folders under output directory:false, ignore cleanup failures: false
2022-10-18 11:27:15,031 INFO  [LocalJobRunner Map Task Executor #0] mapred.Task (Task.java:initialize(626)) -  Using ResourceCalculatorProcessTree : [ ]
2022-10-18 11:27:15,032 INFO  [LocalJobRunner Map Task Executor #0] mapred.MapTask (MapTask.java:runNewMapper(768)) - Processing split: file:/home/vthamalla/project3/temp/f0/part-m-00000:0+591
2022-10-18 11:27:15,050 INFO  [LocalJobRunner Map Task Executor #0] mapred.MapTask (MapTask.java:setEquator(1219)) - (EQUATOR) 0 kvi 26214396(104857584)
2022-10-18 11:27:15,051 INFO  [LocalJobRunner Map Task Executor #0] mapred.MapTask (MapTask.java:init(1012)) - mapreduce.task.io.sort.mb: 100
2022-10-18 11:27:15,051 INFO  [LocalJobRunner Map Task Executor #0] mapred.MapTask (MapTask.java:init(1013)) - soft limit at 83886080
2022-10-18 11:27:15,051 INFO  [LocalJobRunner Map Task Executor #0] mapred.MapTask (MapTask.java:init(1014)) - bufstart = 0; bufvoid = 104857600
2022-10-18 11:27:15,051 INFO  [LocalJobRunner Map Task Executor #0] mapred.MapTask (MapTask.java:init(1015)) - kvstart = 26214396; length = 6553600
2022-10-18 11:27:15,053 INFO  [LocalJobRunner Map Task Executor #0] mapred.MapTask (MapTask.java:createSortingCollector(409)) - Map output collector class = org.apache.hadoop.mapred.MapTask$MapOutputBuffer
2022-10-18 11:27:15,060 INFO  [LocalJobRunner Map Task Executor #0] mapred.LocalJobRunner (LocalJobRunner.java:statusUpdate(634)) - 
2022-10-18 11:27:15,060 INFO  [LocalJobRunner Map Task Executor #0] mapred.MapTask (MapTask.java:flush(1476)) - Starting flush of map output
2022-10-18 11:27:15,060 INFO  [LocalJobRunner Map Task Executor #0] mapred.MapTask (MapTask.java:flush(1498)) - Spilling map output
2022-10-18 11:27:15,060 INFO  [LocalJobRunner Map Task Executor #0] mapred.MapTask (MapTask.java:flush(1499)) - bufstart = 0; bufend = 984; bufvoid = 104857600
2022-10-18 11:27:15,060 INFO  [LocalJobRunner Map Task Executor #0] mapred.MapTask (MapTask.java:flush(1501)) - kvstart = 26214396(104857584); kvend = 26214288(104857152); length = 109/6553600
2022-10-18 11:27:15,064 INFO  [LocalJobRunner Map Task Executor #0] mapred.MapTask (MapTask.java:sortAndSpill(1696)) - Finished spill 0
2022-10-18 11:27:15,065 INFO  [LocalJobRunner Map Task Executor #0] mapred.Task (Task.java:done(1244)) - Task:attempt_local1675795660_0002_m_000000_0 is done. And is in the process of committing
2022-10-18 11:27:15,067 INFO  [LocalJobRunner Map Task Executor #0] mapred.LocalJobRunner (LocalJobRunner.java:statusUpdate(634)) - map
2022-10-18 11:27:15,067 INFO  [LocalJobRunner Map Task Executor #0] mapred.Task (Task.java:sendDone(1380)) - Task 'attempt_local1675795660_0002_m_000000_0' done.
2022-10-18 11:27:15,067 INFO  [LocalJobRunner Map Task Executor #0] mapred.Task (Task.java:done(1276)) - Final Counters for attempt_local1675795660_0002_m_000000_0: Counters: 17
	File System Counters
		FILE: Number of bytes read=16092
		FILE: Number of bytes written=1107632
		FILE: Number of read operations=0
		FILE: Number of large read operations=0
		FILE: Number of write operations=0
	Map-Reduce Framework
		Map input records=10
		Map output records=28
		Map output bytes=984
		Map output materialized bytes=1046
		Input split bytes=115
		Combine input records=0
		Spilled Records=28
		Failed Shuffles=0
		Merged Map outputs=0
		GC time elapsed (ms)=0
		Total committed heap usage (bytes)=2147483648
	File Input Format Counters 
		Bytes Read=607
2022-10-18 11:27:15,068 INFO  [LocalJobRunner Map Task Executor #0] mapred.LocalJobRunner (LocalJobRunner.java:run(277)) - Finishing task: attempt_local1675795660_0002_m_000000_0
2022-10-18 11:27:15,068 INFO  [Thread-7] mapred.LocalJobRunner (LocalJobRunner.java:runTasks(486)) - map task executor complete.
2022-10-18 11:27:15,070 INFO  [Thread-7] mapred.LocalJobRunner (LocalJobRunner.java:runTasks(478)) - Waiting for reduce tasks
2022-10-18 11:27:15,070 INFO  [pool-6-thread-1] mapred.LocalJobRunner (LocalJobRunner.java:run(330)) - Starting task: attempt_local1675795660_0002_r_000000_0
2022-10-18 11:27:15,073 INFO  [pool-6-thread-1] output.FileOutputCommitter (FileOutputCommitter.java:<init>(141)) - File Output Committer Algorithm version is 2
2022-10-18 11:27:15,074 INFO  [pool-6-thread-1] output.FileOutputCommitter (FileOutputCommitter.java:<init>(156)) - FileOutputCommitter skip cleanup _temporary folders under output directory:false, ignore cleanup failures: false
2022-10-18 11:27:15,074 INFO  [pool-6-thread-1] mapred.Task (Task.java:initialize(626)) -  Using ResourceCalculatorProcessTree : [ ]
2022-10-18 11:27:15,075 INFO  [pool-6-thread-1] mapred.ReduceTask (ReduceTask.java:run(363)) - Using ShuffleConsumerPlugin: org.apache.hadoop.mapreduce.task.reduce.Shuffle@4c725618
2022-10-18 11:27:15,076 WARN  [pool-6-thread-1] impl.MetricsSystemImpl (MetricsSystemImpl.java:init(151)) - JobTracker metrics system already initialized!
2022-10-18 11:27:15,087 INFO  [pool-6-thread-1] reduce.MergeManagerImpl (MergeManagerImpl.java:<init>(198)) - The max number of bytes for a single in-memory shuffle cannot be larger than Integer.MAX_VALUE. Setting it to Integer.MAX_VALUE
2022-10-18 11:27:15,087 INFO  [pool-6-thread-1] reduce.MergeManagerImpl (MergeManagerImpl.java:<init>(208)) - MergerManager: memoryLimit=22525089792, maxSingleShuffleLimit=2147483647, mergeThreshold=14866560000, ioSortFactor=10, memToMemMergeOutputsThreshold=10
2022-10-18 11:27:15,117 INFO  [EventFetcher for fetching Map Completion Events] reduce.EventFetcher (EventFetcher.java:run(61)) - attempt_local1675795660_0002_r_000000_0 Thread started: EventFetcher for fetching Map Completion Events
2022-10-18 11:27:15,138 INFO  [localfetcher#1] reduce.LocalFetcher (LocalFetcher.java:copyMapOutput(145)) - localfetcher#1 about to shuffle output of map attempt_local1675795660_0002_m_000000_0 decomp: 1042 len: 1046 to MEMORY
2022-10-18 11:27:15,140 INFO  [localfetcher#1] reduce.InMemoryMapOutput (InMemoryMapOutput.java:doShuffle(94)) - Read 1042 bytes from map-output for attempt_local1675795660_0002_m_000000_0
2022-10-18 11:27:15,140 INFO  [localfetcher#1] reduce.MergeManagerImpl (MergeManagerImpl.java:closeInMemoryFile(323)) - closeInMemoryFile -> map-output of size: 1042, inMemoryMapOutputs.size() -> 1, commitMemory -> 0, usedMemory ->1042
2022-10-18 11:27:15,141 INFO  [EventFetcher for fetching Map Completion Events] reduce.EventFetcher (EventFetcher.java:run(76)) - EventFetcher is interrupted.. Returning
2022-10-18 11:27:15,142 INFO  [pool-6-thread-1] mapred.LocalJobRunner (LocalJobRunner.java:statusUpdate(634)) - 1 / 1 copied.
2022-10-18 11:27:15,142 INFO  [pool-6-thread-1] reduce.MergeManagerImpl (MergeManagerImpl.java:finalMerge(695)) - finalMerge called with 1 in-memory map-outputs and 0 on-disk map-outputs
2022-10-18 11:27:15,146 INFO  [pool-6-thread-1] mapred.Merger (Merger.java:merge(606)) - Merging 1 sorted segments
2022-10-18 11:27:15,146 INFO  [pool-6-thread-1] mapred.Merger (Merger.java:merge(705)) - Down to the last merge-pass, with 1 segments left of total size: 1032 bytes
2022-10-18 11:27:15,147 INFO  [pool-6-thread-1] reduce.MergeManagerImpl (MergeManagerImpl.java:finalMerge(762)) - Merged 1 segments, 1042 bytes to disk to satisfy reduce memory limit
2022-10-18 11:27:15,148 INFO  [pool-6-thread-1] reduce.MergeManagerImpl (MergeManagerImpl.java:finalMerge(792)) - Merging 1 files, 1046 bytes from disk
2022-10-18 11:27:15,148 INFO  [pool-6-thread-1] reduce.MergeManagerImpl (MergeManagerImpl.java:finalMerge(807)) - Merging 0 segments, 0 bytes from memory into reduce
2022-10-18 11:27:15,148 INFO  [pool-6-thread-1] mapred.Merger (Merger.java:merge(606)) - Merging 1 sorted segments
2022-10-18 11:27:15,148 INFO  [pool-6-thread-1] mapred.Merger (Merger.java:merge(705)) - Down to the last merge-pass, with 1 segments left of total size: 1032 bytes
2022-10-18 11:27:15,149 INFO  [pool-6-thread-1] mapred.LocalJobRunner (LocalJobRunner.java:statusUpdate(634)) - 1 / 1 copied.
2022-10-18 11:27:15,202 INFO  [pool-6-thread-1] Configuration.deprecation (Configuration.java:logDeprecation(1395)) - mapred.skip.on is deprecated. Instead, use mapreduce.job.skiprecords
2022-10-18 11:27:15,215 INFO  [pool-6-thread-1] mapred.Task (Task.java:done(1244)) - Task:attempt_local1675795660_0002_r_000000_0 is done. And is in the process of committing
2022-10-18 11:27:15,215 INFO  [pool-6-thread-1] mapred.LocalJobRunner (LocalJobRunner.java:statusUpdate(634)) - 1 / 1 copied.
2022-10-18 11:27:15,215 INFO  [pool-6-thread-1] mapred.Task (Task.java:commit(1421)) - Task attempt_local1675795660_0002_r_000000_0 is allowed to commit now
2022-10-18 11:27:15,225 INFO  [pool-6-thread-1] output.FileOutputCommitter (FileOutputCommitter.java:commitTask(606)) - Saved output of task 'attempt_local1675795660_0002_r_000000_0' to file:/home/vthamalla/project3/temp/f1
2022-10-18 11:27:15,226 INFO  [pool-6-thread-1] mapred.LocalJobRunner (LocalJobRunner.java:statusUpdate(634)) - reduce > reduce
2022-10-18 11:27:15,226 INFO  [pool-6-thread-1] mapred.Task (Task.java:sendDone(1380)) - Task 'attempt_local1675795660_0002_r_000000_0' done.
2022-10-18 11:27:15,226 INFO  [pool-6-thread-1] mapred.Task (Task.java:done(1276)) - Final Counters for attempt_local1675795660_0002_r_000000_0: Counters: 24
	File System Counters
		FILE: Number of bytes read=18216
		FILE: Number of bytes written=1109285
		FILE: Number of read operations=0
		FILE: Number of large read operations=0
		FILE: Number of write operations=0
	Map-Reduce Framework
		Combine input records=0
		Combine output records=0
		Reduce input groups=10
		Reduce shuffle bytes=1046
		Reduce input records=28
		Reduce output records=10
		Spilled Records=28
		Shuffled Maps =1
		Failed Shuffles=0
		Merged Map outputs=1
		GC time elapsed (ms)=28
		Total committed heap usage (bytes)=2147483648
	Shuffle Errors
		BAD_ID=0
		CONNECTION=0
		IO_ERROR=0
		WRONG_LENGTH=0
		WRONG_MAP=0
		WRONG_REDUCE=0
	File Output Format Counters 
		Bytes Written=607
2022-10-18 11:27:15,226 INFO  [pool-6-thread-1] mapred.LocalJobRunner (LocalJobRunner.java:run(353)) - Finishing task: attempt_local1675795660_0002_r_000000_0
2022-10-18 11:27:15,227 INFO  [Thread-7] mapred.LocalJobRunner (LocalJobRunner.java:runTasks(486)) - reduce task executor complete.
2022-10-18 11:27:15,968 INFO  [main] mapreduce.Job (Job.java:monitorAndPrintJob(1635)) - Job job_local1675795660_0002 running in uber mode : false
2022-10-18 11:27:15,969 INFO  [main] mapreduce.Job (Job.java:monitorAndPrintJob(1642)) -  map 100% reduce 100%
2022-10-18 11:27:15,969 INFO  [main] mapreduce.Job (Job.java:monitorAndPrintJob(1653)) - Job job_local1675795660_0002 completed successfully
2022-10-18 11:27:15,973 INFO  [main] mapreduce.Job (Job.java:monitorAndPrintJob(1660)) - Counters: 30
	File System Counters
		FILE: Number of bytes read=34308
		FILE: Number of bytes written=2216917
		FILE: Number of read operations=0
		FILE: Number of large read operations=0
		FILE: Number of write operations=0
	Map-Reduce Framework
		Map input records=10
		Map output records=28
		Map output bytes=984
		Map output materialized bytes=1046
		Input split bytes=115
		Combine input records=0
		Combine output records=0
		Reduce input groups=10
		Reduce shuffle bytes=1046
		Reduce input records=28
		Reduce output records=10
		Spilled Records=56
		Shuffled Maps =1
		Failed Shuffles=0
		Merged Map outputs=1
		GC time elapsed (ms)=28
		Total committed heap usage (bytes)=4294967296
	Shuffle Errors
		BAD_ID=0
		CONNECTION=0
		IO_ERROR=0
		WRONG_LENGTH=0
		WRONG_MAP=0
		WRONG_REDUCE=0
	File Input Format Counters 
		Bytes Read=607
	File Output Format Counters 
		Bytes Written=607
2022-10-18 11:27:15,984 WARN  [main] impl.MetricsSystemImpl (MetricsSystemImpl.java:init(151)) - JobTracker metrics system already initialized!
2022-10-18 11:27:15,986 WARN  [main] mapreduce.JobResourceUploader (JobResourceUploader.java:uploadResourcesInternal(149)) - Hadoop command-line option parsing not performed. Implement the Tool interface and execute your application with ToolRunner to remedy this.
2022-10-18 11:27:15,988 INFO  [main] input.FileInputFormat (FileInputFormat.java:listStatus(292)) - Total input files to process : 1
2022-10-18 11:27:15,989 INFO  [main] mapreduce.JobSubmitter (JobSubmitter.java:submitJobInternal(202)) - number of splits:1
2022-10-18 11:27:16,008 INFO  [main] mapreduce.JobSubmitter (JobSubmitter.java:printTokens(298)) - Submitting tokens for job: job_local719435570_0003
2022-10-18 11:27:16,008 INFO  [main] mapreduce.JobSubmitter (JobSubmitter.java:printTokens(299)) - Executing with tokens: []
2022-10-18 11:27:16,047 INFO  [main] mapreduce.Job (Job.java:submit(1569)) - The url to track the job: http://localhost:8080/
2022-10-18 11:27:16,048 INFO  [main] mapreduce.Job (Job.java:monitorAndPrintJob(1614)) - Running job: job_local719435570_0003
2022-10-18 11:27:16,048 INFO  [Thread-14] mapred.LocalJobRunner (LocalJobRunner.java:createOutputCommitter(501)) - OutputCommitter set in config null
2022-10-18 11:27:16,048 INFO  [Thread-14] output.FileOutputCommitter (FileOutputCommitter.java:<init>(141)) - File Output Committer Algorithm version is 2
2022-10-18 11:27:16,048 INFO  [Thread-14] output.FileOutputCommitter (FileOutputCommitter.java:<init>(156)) - FileOutputCommitter skip cleanup _temporary folders under output directory:false, ignore cleanup failures: false
2022-10-18 11:27:16,049 INFO  [Thread-14] mapred.LocalJobRunner (LocalJobRunner.java:createOutputCommitter(519)) - OutputCommitter is org.apache.hadoop.mapreduce.lib.output.FileOutputCommitter
2022-10-18 11:27:16,118 INFO  [Thread-14] mapred.LocalJobRunner (LocalJobRunner.java:runTasks(478)) - Waiting for map tasks
2022-10-18 11:27:16,119 INFO  [LocalJobRunner Map Task Executor #0] mapred.LocalJobRunner (LocalJobRunner.java:run(252)) - Starting task: attempt_local719435570_0003_m_000000_0
2022-10-18 11:27:16,119 INFO  [LocalJobRunner Map Task Executor #0] output.FileOutputCommitter (FileOutputCommitter.java:<init>(141)) - File Output Committer Algorithm version is 2
2022-10-18 11:27:16,120 INFO  [LocalJobRunner Map Task Executor #0] output.FileOutputCommitter (FileOutputCommitter.java:<init>(156)) - FileOutputCommitter skip cleanup _temporary folders under output directory:false, ignore cleanup failures: false
2022-10-18 11:27:16,120 INFO  [LocalJobRunner Map Task Executor #0] mapred.Task (Task.java:initialize(626)) -  Using ResourceCalculatorProcessTree : [ ]
2022-10-18 11:27:16,120 INFO  [LocalJobRunner Map Task Executor #0] mapred.MapTask (MapTask.java:runNewMapper(768)) - Processing split: file:/home/vthamalla/project3/temp/f1/part-r-00000:0+591
2022-10-18 11:27:16,128 INFO  [LocalJobRunner Map Task Executor #0] mapred.MapTask (MapTask.java:setEquator(1219)) - (EQUATOR) 0 kvi 26214396(104857584)
2022-10-18 11:27:16,128 INFO  [LocalJobRunner Map Task Executor #0] mapred.MapTask (MapTask.java:init(1012)) - mapreduce.task.io.sort.mb: 100
2022-10-18 11:27:16,128 INFO  [LocalJobRunner Map Task Executor #0] mapred.MapTask (MapTask.java:init(1013)) - soft limit at 83886080
2022-10-18 11:27:16,128 INFO  [LocalJobRunner Map Task Executor #0] mapred.MapTask (MapTask.java:init(1014)) - bufstart = 0; bufvoid = 104857600
2022-10-18 11:27:16,128 INFO  [LocalJobRunner Map Task Executor #0] mapred.MapTask (MapTask.java:init(1015)) - kvstart = 26214396; length = 6553600
2022-10-18 11:27:16,129 INFO  [LocalJobRunner Map Task Executor #0] mapred.MapTask (MapTask.java:createSortingCollector(409)) - Map output collector class = org.apache.hadoop.mapred.MapTask$MapOutputBuffer
2022-10-18 11:27:16,132 INFO  [LocalJobRunner Map Task Executor #0] mapred.LocalJobRunner (LocalJobRunner.java:statusUpdate(634)) - 
2022-10-18 11:27:16,132 INFO  [LocalJobRunner Map Task Executor #0] mapred.MapTask (MapTask.java:flush(1476)) - Starting flush of map output
2022-10-18 11:27:16,132 INFO  [LocalJobRunner Map Task Executor #0] mapred.MapTask (MapTask.java:flush(1498)) - Spilling map output
2022-10-18 11:27:16,132 INFO  [LocalJobRunner Map Task Executor #0] mapred.MapTask (MapTask.java:flush(1499)) - bufstart = 0; bufend = 984; bufvoid = 104857600
2022-10-18 11:27:16,132 INFO  [LocalJobRunner Map Task Executor #0] mapred.MapTask (MapTask.java:flush(1501)) - kvstart = 26214396(104857584); kvend = 26214288(104857152); length = 109/6553600
2022-10-18 11:27:16,134 INFO  [LocalJobRunner Map Task Executor #0] mapred.MapTask (MapTask.java:sortAndSpill(1696)) - Finished spill 0
2022-10-18 11:27:16,135 INFO  [LocalJobRunner Map Task Executor #0] mapred.Task (Task.java:done(1244)) - Task:attempt_local719435570_0003_m_000000_0 is done. And is in the process of committing
2022-10-18 11:27:16,136 INFO  [LocalJobRunner Map Task Executor #0] mapred.LocalJobRunner (LocalJobRunner.java:statusUpdate(634)) - map
2022-10-18 11:27:16,136 INFO  [LocalJobRunner Map Task Executor #0] mapred.Task (Task.java:sendDone(1380)) - Task 'attempt_local719435570_0003_m_000000_0' done.
2022-10-18 11:27:16,137 INFO  [LocalJobRunner Map Task Executor #0] mapred.Task (Task.java:done(1276)) - Final Counters for attempt_local719435570_0003_m_000000_0: Counters: 17
	File System Counters
		FILE: Number of bytes read=26541
		FILE: Number of bytes written=1663076
		FILE: Number of read operations=0
		FILE: Number of large read operations=0
		FILE: Number of write operations=0
	Map-Reduce Framework
		Map input records=10
		Map output records=28
		Map output bytes=984
		Map output materialized bytes=1046
		Input split bytes=115
		Combine input records=0
		Spilled Records=28
		Failed Shuffles=0
		Merged Map outputs=0
		GC time elapsed (ms)=0
		Total committed heap usage (bytes)=2147483648
	File Input Format Counters 
		Bytes Read=607
2022-10-18 11:27:16,137 INFO  [LocalJobRunner Map Task Executor #0] mapred.LocalJobRunner (LocalJobRunner.java:run(277)) - Finishing task: attempt_local719435570_0003_m_000000_0
2022-10-18 11:27:16,137 INFO  [Thread-14] mapred.LocalJobRunner (LocalJobRunner.java:runTasks(486)) - map task executor complete.
2022-10-18 11:27:16,138 INFO  [Thread-14] mapred.LocalJobRunner (LocalJobRunner.java:runTasks(478)) - Waiting for reduce tasks
2022-10-18 11:27:16,138 INFO  [pool-11-thread-1] mapred.LocalJobRunner (LocalJobRunner.java:run(330)) - Starting task: attempt_local719435570_0003_r_000000_0
2022-10-18 11:27:16,140 INFO  [pool-11-thread-1] output.FileOutputCommitter (FileOutputCommitter.java:<init>(141)) - File Output Committer Algorithm version is 2
2022-10-18 11:27:16,140 INFO  [pool-11-thread-1] output.FileOutputCommitter (FileOutputCommitter.java:<init>(156)) - FileOutputCommitter skip cleanup _temporary folders under output directory:false, ignore cleanup failures: false
2022-10-18 11:27:16,140 INFO  [pool-11-thread-1] mapred.Task (Task.java:initialize(626)) -  Using ResourceCalculatorProcessTree : [ ]
2022-10-18 11:27:16,140 INFO  [pool-11-thread-1] mapred.ReduceTask (ReduceTask.java:run(363)) - Using ShuffleConsumerPlugin: org.apache.hadoop.mapreduce.task.reduce.Shuffle@42868223
2022-10-18 11:27:16,140 WARN  [pool-11-thread-1] impl.MetricsSystemImpl (MetricsSystemImpl.java:init(151)) - JobTracker metrics system already initialized!
2022-10-18 11:27:16,141 INFO  [pool-11-thread-1] reduce.MergeManagerImpl (MergeManagerImpl.java:<init>(198)) - The max number of bytes for a single in-memory shuffle cannot be larger than Integer.MAX_VALUE. Setting it to Integer.MAX_VALUE
2022-10-18 11:27:16,141 INFO  [pool-11-thread-1] reduce.MergeManagerImpl (MergeManagerImpl.java:<init>(208)) - MergerManager: memoryLimit=22525089792, maxSingleShuffleLimit=2147483647, mergeThreshold=14866560000, ioSortFactor=10, memToMemMergeOutputsThreshold=10
2022-10-18 11:27:16,142 INFO  [EventFetcher for fetching Map Completion Events] reduce.EventFetcher (EventFetcher.java:run(61)) - attempt_local719435570_0003_r_000000_0 Thread started: EventFetcher for fetching Map Completion Events
2022-10-18 11:27:16,143 INFO  [localfetcher#2] reduce.LocalFetcher (LocalFetcher.java:copyMapOutput(145)) - localfetcher#2 about to shuffle output of map attempt_local719435570_0003_m_000000_0 decomp: 1042 len: 1046 to MEMORY
2022-10-18 11:27:16,144 INFO  [localfetcher#2] reduce.InMemoryMapOutput (InMemoryMapOutput.java:doShuffle(94)) - Read 1042 bytes from map-output for attempt_local719435570_0003_m_000000_0
2022-10-18 11:27:16,144 INFO  [localfetcher#2] reduce.MergeManagerImpl (MergeManagerImpl.java:closeInMemoryFile(323)) - closeInMemoryFile -> map-output of size: 1042, inMemoryMapOutputs.size() -> 1, commitMemory -> 0, usedMemory ->1042
2022-10-18 11:27:16,144 INFO  [EventFetcher for fetching Map Completion Events] reduce.EventFetcher (EventFetcher.java:run(76)) - EventFetcher is interrupted.. Returning
2022-10-18 11:27:16,145 INFO  [pool-11-thread-1] mapred.LocalJobRunner (LocalJobRunner.java:statusUpdate(634)) - 1 / 1 copied.
2022-10-18 11:27:16,145 INFO  [pool-11-thread-1] reduce.MergeManagerImpl (MergeManagerImpl.java:finalMerge(695)) - finalMerge called with 1 in-memory map-outputs and 0 on-disk map-outputs
2022-10-18 11:27:16,146 INFO  [pool-11-thread-1] mapred.Merger (Merger.java:merge(606)) - Merging 1 sorted segments
2022-10-18 11:27:16,146 INFO  [pool-11-thread-1] mapred.Merger (Merger.java:merge(705)) - Down to the last merge-pass, with 1 segments left of total size: 1032 bytes
2022-10-18 11:27:16,147 INFO  [pool-11-thread-1] reduce.MergeManagerImpl (MergeManagerImpl.java:finalMerge(762)) - Merged 1 segments, 1042 bytes to disk to satisfy reduce memory limit
2022-10-18 11:27:16,147 INFO  [pool-11-thread-1] reduce.MergeManagerImpl (MergeManagerImpl.java:finalMerge(792)) - Merging 1 files, 1046 bytes from disk
2022-10-18 11:27:16,147 INFO  [pool-11-thread-1] reduce.MergeManagerImpl (MergeManagerImpl.java:finalMerge(807)) - Merging 0 segments, 0 bytes from memory into reduce
2022-10-18 11:27:16,147 INFO  [pool-11-thread-1] mapred.Merger (Merger.java:merge(606)) - Merging 1 sorted segments
2022-10-18 11:27:16,147 INFO  [pool-11-thread-1] mapred.Merger (Merger.java:merge(705)) - Down to the last merge-pass, with 1 segments left of total size: 1032 bytes
2022-10-18 11:27:16,148 INFO  [pool-11-thread-1] mapred.LocalJobRunner (LocalJobRunner.java:statusUpdate(634)) - 1 / 1 copied.
2022-10-18 11:27:16,205 INFO  [pool-11-thread-1] mapred.Task (Task.java:done(1244)) - Task:attempt_local719435570_0003_r_000000_0 is done. And is in the process of committing
2022-10-18 11:27:16,205 INFO  [pool-11-thread-1] mapred.LocalJobRunner (LocalJobRunner.java:statusUpdate(634)) - 1 / 1 copied.
2022-10-18 11:27:16,206 INFO  [pool-11-thread-1] mapred.Task (Task.java:commit(1421)) - Task attempt_local719435570_0003_r_000000_0 is allowed to commit now
2022-10-18 11:27:16,227 INFO  [pool-11-thread-1] output.FileOutputCommitter (FileOutputCommitter.java:commitTask(606)) - Saved output of task 'attempt_local719435570_0003_r_000000_0' to file:/home/vthamalla/project3/temp/f2
2022-10-18 11:27:16,228 INFO  [pool-11-thread-1] mapred.LocalJobRunner (LocalJobRunner.java:statusUpdate(634)) - reduce > reduce
2022-10-18 11:27:16,228 INFO  [pool-11-thread-1] mapred.Task (Task.java:sendDone(1380)) - Task 'attempt_local719435570_0003_r_000000_0' done.
2022-10-18 11:27:16,228 INFO  [pool-11-thread-1] mapred.Task (Task.java:done(1276)) - Final Counters for attempt_local719435570_0003_r_000000_0: Counters: 24
	File System Counters
		FILE: Number of bytes read=28665
		FILE: Number of bytes written=1664729
		FILE: Number of read operations=0
		FILE: Number of large read operations=0
		FILE: Number of write operations=0
	Map-Reduce Framework
		Combine input records=0
		Combine output records=0
		Reduce input groups=10
		Reduce shuffle bytes=1046
		Reduce input records=28
		Reduce output records=10
		Spilled Records=28
		Shuffled Maps =1
		Failed Shuffles=0
		Merged Map outputs=1
		GC time elapsed (ms)=0
		Total committed heap usage (bytes)=2147483648
	Shuffle Errors
		BAD_ID=0
		CONNECTION=0
		IO_ERROR=0
		WRONG_LENGTH=0
		WRONG_MAP=0
		WRONG_REDUCE=0
	File Output Format Counters 
		Bytes Written=607
2022-10-18 11:27:16,228 INFO  [pool-11-thread-1] mapred.LocalJobRunner (LocalJobRunner.java:run(353)) - Finishing task: attempt_local719435570_0003_r_000000_0
2022-10-18 11:27:16,228 INFO  [Thread-14] mapred.LocalJobRunner (LocalJobRunner.java:runTasks(486)) - reduce task executor complete.
2022-10-18 11:27:17,048 INFO  [main] mapreduce.Job (Job.java:monitorAndPrintJob(1635)) - Job job_local719435570_0003 running in uber mode : false
2022-10-18 11:27:17,049 INFO  [main] mapreduce.Job (Job.java:monitorAndPrintJob(1642)) -  map 100% reduce 100%
2022-10-18 11:27:17,049 INFO  [main] mapreduce.Job (Job.java:monitorAndPrintJob(1653)) - Job job_local719435570_0003 completed successfully
2022-10-18 11:27:17,052 INFO  [main] mapreduce.Job (Job.java:monitorAndPrintJob(1660)) - Counters: 30
	File System Counters
		FILE: Number of bytes read=55206
		FILE: Number of bytes written=3327805
		FILE: Number of read operations=0
		FILE: Number of large read operations=0
		FILE: Number of write operations=0
	Map-Reduce Framework
		Map input records=10
		Map output records=28
		Map output bytes=984
		Map output materialized bytes=1046
		Input split bytes=115
		Combine input records=0
		Combine output records=0
		Reduce input groups=10
		Reduce shuffle bytes=1046
		Reduce input records=28
		Reduce output records=10
		Spilled Records=56
		Shuffled Maps =1
		Failed Shuffles=0
		Merged Map outputs=1
		GC time elapsed (ms)=0
		Total committed heap usage (bytes)=4294967296
	Shuffle Errors
		BAD_ID=0
		CONNECTION=0
		IO_ERROR=0
		WRONG_LENGTH=0
		WRONG_MAP=0
		WRONG_REDUCE=0
	File Input Format Counters 
		Bytes Read=607
	File Output Format Counters 
		Bytes Written=607
2022-10-18 11:27:17,062 WARN  [main] impl.MetricsSystemImpl (MetricsSystemImpl.java:init(151)) - JobTracker metrics system already initialized!
2022-10-18 11:27:17,063 WARN  [main] mapreduce.JobResourceUploader (JobResourceUploader.java:uploadResourcesInternal(149)) - Hadoop command-line option parsing not performed. Implement the Tool interface and execute your application with ToolRunner to remedy this.
2022-10-18 11:27:17,065 INFO  [main] input.FileInputFormat (FileInputFormat.java:listStatus(292)) - Total input files to process : 1
2022-10-18 11:27:17,066 INFO  [main] mapreduce.JobSubmitter (JobSubmitter.java:submitJobInternal(202)) - number of splits:1
2022-10-18 11:27:17,072 INFO  [main] mapreduce.JobSubmitter (JobSubmitter.java:printTokens(298)) - Submitting tokens for job: job_local1225944409_0004
2022-10-18 11:27:17,072 INFO  [main] mapreduce.JobSubmitter (JobSubmitter.java:printTokens(299)) - Executing with tokens: []
2022-10-18 11:27:17,110 INFO  [main] mapreduce.Job (Job.java:submit(1569)) - The url to track the job: http://localhost:8080/
2022-10-18 11:27:17,110 INFO  [main] mapreduce.Job (Job.java:monitorAndPrintJob(1614)) - Running job: job_local1225944409_0004
2022-10-18 11:27:17,110 INFO  [Thread-21] mapred.LocalJobRunner (LocalJobRunner.java:createOutputCommitter(501)) - OutputCommitter set in config null
2022-10-18 11:27:17,111 INFO  [Thread-21] output.FileOutputCommitter (FileOutputCommitter.java:<init>(141)) - File Output Committer Algorithm version is 2
2022-10-18 11:27:17,111 INFO  [Thread-21] output.FileOutputCommitter (FileOutputCommitter.java:<init>(156)) - FileOutputCommitter skip cleanup _temporary folders under output directory:false, ignore cleanup failures: false
2022-10-18 11:27:17,111 INFO  [Thread-21] mapred.LocalJobRunner (LocalJobRunner.java:createOutputCommitter(519)) - OutputCommitter is org.apache.hadoop.mapreduce.lib.output.FileOutputCommitter
2022-10-18 11:27:17,193 INFO  [Thread-21] mapred.LocalJobRunner (LocalJobRunner.java:runTasks(478)) - Waiting for map tasks
2022-10-18 11:27:17,193 INFO  [LocalJobRunner Map Task Executor #0] mapred.LocalJobRunner (LocalJobRunner.java:run(252)) - Starting task: attempt_local1225944409_0004_m_000000_0
2022-10-18 11:27:17,194 INFO  [LocalJobRunner Map Task Executor #0] output.FileOutputCommitter (FileOutputCommitter.java:<init>(141)) - File Output Committer Algorithm version is 2
2022-10-18 11:27:17,195 INFO  [LocalJobRunner Map Task Executor #0] output.FileOutputCommitter (FileOutputCommitter.java:<init>(156)) - FileOutputCommitter skip cleanup _temporary folders under output directory:false, ignore cleanup failures: false
2022-10-18 11:27:17,195 INFO  [LocalJobRunner Map Task Executor #0] mapred.Task (Task.java:initialize(626)) -  Using ResourceCalculatorProcessTree : [ ]
2022-10-18 11:27:17,195 INFO  [LocalJobRunner Map Task Executor #0] mapred.MapTask (MapTask.java:runNewMapper(768)) - Processing split: file:/home/vthamalla/project3/temp/f2/part-r-00000:0+591
2022-10-18 11:27:17,207 INFO  [LocalJobRunner Map Task Executor #0] mapred.MapTask (MapTask.java:setEquator(1219)) - (EQUATOR) 0 kvi 26214396(104857584)
2022-10-18 11:27:17,207 INFO  [LocalJobRunner Map Task Executor #0] mapred.MapTask (MapTask.java:init(1012)) - mapreduce.task.io.sort.mb: 100
2022-10-18 11:27:17,207 INFO  [LocalJobRunner Map Task Executor #0] mapred.MapTask (MapTask.java:init(1013)) - soft limit at 83886080
2022-10-18 11:27:17,207 INFO  [LocalJobRunner Map Task Executor #0] mapred.MapTask (MapTask.java:init(1014)) - bufstart = 0; bufvoid = 104857600
2022-10-18 11:27:17,207 INFO  [LocalJobRunner Map Task Executor #0] mapred.MapTask (MapTask.java:init(1015)) - kvstart = 26214396; length = 6553600
2022-10-18 11:27:17,208 INFO  [LocalJobRunner Map Task Executor #0] mapred.MapTask (MapTask.java:createSortingCollector(409)) - Map output collector class = org.apache.hadoop.mapred.MapTask$MapOutputBuffer
2022-10-18 11:27:17,210 INFO  [LocalJobRunner Map Task Executor #0] mapred.LocalJobRunner (LocalJobRunner.java:statusUpdate(634)) - 
2022-10-18 11:27:17,210 INFO  [LocalJobRunner Map Task Executor #0] mapred.MapTask (MapTask.java:flush(1476)) - Starting flush of map output
2022-10-18 11:27:17,210 INFO  [LocalJobRunner Map Task Executor #0] mapred.MapTask (MapTask.java:flush(1498)) - Spilling map output
2022-10-18 11:27:17,210 INFO  [LocalJobRunner Map Task Executor #0] mapred.MapTask (MapTask.java:flush(1499)) - bufstart = 0; bufend = 984; bufvoid = 104857600
2022-10-18 11:27:17,210 INFO  [LocalJobRunner Map Task Executor #0] mapred.MapTask (MapTask.java:flush(1501)) - kvstart = 26214396(104857584); kvend = 26214288(104857152); length = 109/6553600
2022-10-18 11:27:17,211 INFO  [LocalJobRunner Map Task Executor #0] mapred.MapTask (MapTask.java:sortAndSpill(1696)) - Finished spill 0
2022-10-18 11:27:17,212 INFO  [LocalJobRunner Map Task Executor #0] mapred.Task (Task.java:done(1244)) - Task:attempt_local1225944409_0004_m_000000_0 is done. And is in the process of committing
2022-10-18 11:27:17,213 INFO  [LocalJobRunner Map Task Executor #0] mapred.LocalJobRunner (LocalJobRunner.java:statusUpdate(634)) - map
2022-10-18 11:27:17,213 INFO  [LocalJobRunner Map Task Executor #0] mapred.Task (Task.java:sendDone(1380)) - Task 'attempt_local1225944409_0004_m_000000_0' done.
2022-10-18 11:27:17,213 INFO  [LocalJobRunner Map Task Executor #0] mapred.Task (Task.java:done(1276)) - Final Counters for attempt_local1225944409_0004_m_000000_0: Counters: 17
	File System Counters
		FILE: Number of bytes read=36990
		FILE: Number of bytes written=2221148
		FILE: Number of read operations=0
		FILE: Number of large read operations=0
		FILE: Number of write operations=0
	Map-Reduce Framework
		Map input records=10
		Map output records=28
		Map output bytes=984
		Map output materialized bytes=1046
		Input split bytes=115
		Combine input records=0
		Spilled Records=28
		Failed Shuffles=0
		Merged Map outputs=0
		GC time elapsed (ms)=0
		Total committed heap usage (bytes)=2147483648
	File Input Format Counters 
		Bytes Read=607
2022-10-18 11:27:17,213 INFO  [LocalJobRunner Map Task Executor #0] mapred.LocalJobRunner (LocalJobRunner.java:run(277)) - Finishing task: attempt_local1225944409_0004_m_000000_0
2022-10-18 11:27:17,213 INFO  [Thread-21] mapred.LocalJobRunner (LocalJobRunner.java:runTasks(486)) - map task executor complete.
2022-10-18 11:27:17,214 INFO  [Thread-21] mapred.LocalJobRunner (LocalJobRunner.java:runTasks(478)) - Waiting for reduce tasks
2022-10-18 11:27:17,214 INFO  [pool-14-thread-1] mapred.LocalJobRunner (LocalJobRunner.java:run(330)) - Starting task: attempt_local1225944409_0004_r_000000_0
2022-10-18 11:27:17,215 INFO  [pool-14-thread-1] output.FileOutputCommitter (FileOutputCommitter.java:<init>(141)) - File Output Committer Algorithm version is 2
2022-10-18 11:27:17,216 INFO  [pool-14-thread-1] output.FileOutputCommitter (FileOutputCommitter.java:<init>(156)) - FileOutputCommitter skip cleanup _temporary folders under output directory:false, ignore cleanup failures: false
2022-10-18 11:27:17,216 INFO  [pool-14-thread-1] mapred.Task (Task.java:initialize(626)) -  Using ResourceCalculatorProcessTree : [ ]
2022-10-18 11:27:17,216 INFO  [pool-14-thread-1] mapred.ReduceTask (ReduceTask.java:run(363)) - Using ShuffleConsumerPlugin: org.apache.hadoop.mapreduce.task.reduce.Shuffle@1efc65a6
2022-10-18 11:27:17,216 WARN  [pool-14-thread-1] impl.MetricsSystemImpl (MetricsSystemImpl.java:init(151)) - JobTracker metrics system already initialized!
2022-10-18 11:27:17,217 INFO  [pool-14-thread-1] reduce.MergeManagerImpl (MergeManagerImpl.java:<init>(198)) - The max number of bytes for a single in-memory shuffle cannot be larger than Integer.MAX_VALUE. Setting it to Integer.MAX_VALUE
2022-10-18 11:27:17,217 INFO  [pool-14-thread-1] reduce.MergeManagerImpl (MergeManagerImpl.java:<init>(208)) - MergerManager: memoryLimit=22525089792, maxSingleShuffleLimit=2147483647, mergeThreshold=14866560000, ioSortFactor=10, memToMemMergeOutputsThreshold=10
2022-10-18 11:27:17,217 INFO  [EventFetcher for fetching Map Completion Events] reduce.EventFetcher (EventFetcher.java:run(61)) - attempt_local1225944409_0004_r_000000_0 Thread started: EventFetcher for fetching Map Completion Events
2022-10-18 11:27:17,218 INFO  [localfetcher#3] reduce.LocalFetcher (LocalFetcher.java:copyMapOutput(145)) - localfetcher#3 about to shuffle output of map attempt_local1225944409_0004_m_000000_0 decomp: 1042 len: 1046 to MEMORY
2022-10-18 11:27:17,219 INFO  [localfetcher#3] reduce.InMemoryMapOutput (InMemoryMapOutput.java:doShuffle(94)) - Read 1042 bytes from map-output for attempt_local1225944409_0004_m_000000_0
2022-10-18 11:27:17,219 INFO  [localfetcher#3] reduce.MergeManagerImpl (MergeManagerImpl.java:closeInMemoryFile(323)) - closeInMemoryFile -> map-output of size: 1042, inMemoryMapOutputs.size() -> 1, commitMemory -> 0, usedMemory ->1042
2022-10-18 11:27:17,219 INFO  [EventFetcher for fetching Map Completion Events] reduce.EventFetcher (EventFetcher.java:run(76)) - EventFetcher is interrupted.. Returning
2022-10-18 11:27:17,220 INFO  [pool-14-thread-1] mapred.LocalJobRunner (LocalJobRunner.java:statusUpdate(634)) - 1 / 1 copied.
2022-10-18 11:27:17,220 INFO  [pool-14-thread-1] reduce.MergeManagerImpl (MergeManagerImpl.java:finalMerge(695)) - finalMerge called with 1 in-memory map-outputs and 0 on-disk map-outputs
2022-10-18 11:27:17,221 INFO  [pool-14-thread-1] mapred.Merger (Merger.java:merge(606)) - Merging 1 sorted segments
2022-10-18 11:27:17,221 INFO  [pool-14-thread-1] mapred.Merger (Merger.java:merge(705)) - Down to the last merge-pass, with 1 segments left of total size: 1032 bytes
2022-10-18 11:27:17,221 INFO  [pool-14-thread-1] reduce.MergeManagerImpl (MergeManagerImpl.java:finalMerge(762)) - Merged 1 segments, 1042 bytes to disk to satisfy reduce memory limit
2022-10-18 11:27:17,222 INFO  [pool-14-thread-1] reduce.MergeManagerImpl (MergeManagerImpl.java:finalMerge(792)) - Merging 1 files, 1046 bytes from disk
2022-10-18 11:27:17,222 INFO  [pool-14-thread-1] reduce.MergeManagerImpl (MergeManagerImpl.java:finalMerge(807)) - Merging 0 segments, 0 bytes from memory into reduce
2022-10-18 11:27:17,222 INFO  [pool-14-thread-1] mapred.Merger (Merger.java:merge(606)) - Merging 1 sorted segments
2022-10-18 11:27:17,222 INFO  [pool-14-thread-1] mapred.Merger (Merger.java:merge(705)) - Down to the last merge-pass, with 1 segments left of total size: 1032 bytes
2022-10-18 11:27:17,222 INFO  [pool-14-thread-1] mapred.LocalJobRunner (LocalJobRunner.java:statusUpdate(634)) - 1 / 1 copied.
2022-10-18 11:27:17,285 INFO  [pool-14-thread-1] mapred.Task (Task.java:done(1244)) - Task:attempt_local1225944409_0004_r_000000_0 is done. And is in the process of committing
2022-10-18 11:27:17,285 INFO  [pool-14-thread-1] mapred.LocalJobRunner (LocalJobRunner.java:statusUpdate(634)) - 1 / 1 copied.
2022-10-18 11:27:17,285 INFO  [pool-14-thread-1] mapred.Task (Task.java:commit(1421)) - Task attempt_local1225944409_0004_r_000000_0 is allowed to commit now
2022-10-18 11:27:17,298 INFO  [pool-14-thread-1] output.FileOutputCommitter (FileOutputCommitter.java:commitTask(606)) - Saved output of task 'attempt_local1225944409_0004_r_000000_0' to file:/home/vthamalla/project3/temp/f3
2022-10-18 11:27:17,298 INFO  [pool-14-thread-1] mapred.LocalJobRunner (LocalJobRunner.java:statusUpdate(634)) - reduce > reduce
2022-10-18 11:27:17,298 INFO  [pool-14-thread-1] mapred.Task (Task.java:sendDone(1380)) - Task 'attempt_local1225944409_0004_r_000000_0' done.
2022-10-18 11:27:17,298 INFO  [pool-14-thread-1] mapred.Task (Task.java:done(1276)) - Final Counters for attempt_local1225944409_0004_r_000000_0: Counters: 24
	File System Counters
		FILE: Number of bytes read=39114
		FILE: Number of bytes written=2222801
		FILE: Number of read operations=0
		FILE: Number of large read operations=0
		FILE: Number of write operations=0
	Map-Reduce Framework
		Combine input records=0
		Combine output records=0
		Reduce input groups=10
		Reduce shuffle bytes=1046
		Reduce input records=28
		Reduce output records=10
		Spilled Records=28
		Shuffled Maps =1
		Failed Shuffles=0
		Merged Map outputs=1
		GC time elapsed (ms)=0
		Total committed heap usage (bytes)=2147483648
	Shuffle Errors
		BAD_ID=0
		CONNECTION=0
		IO_ERROR=0
		WRONG_LENGTH=0
		WRONG_MAP=0
		WRONG_REDUCE=0
	File Output Format Counters 
		Bytes Written=607
2022-10-18 11:27:17,299 INFO  [pool-14-thread-1] mapred.LocalJobRunner (LocalJobRunner.java:run(353)) - Finishing task: attempt_local1225944409_0004_r_000000_0
2022-10-18 11:27:17,299 INFO  [Thread-21] mapred.LocalJobRunner (LocalJobRunner.java:runTasks(486)) - reduce task executor complete.
2022-10-18 11:27:18,111 INFO  [main] mapreduce.Job (Job.java:monitorAndPrintJob(1635)) - Job job_local1225944409_0004 running in uber mode : false
2022-10-18 11:27:18,111 INFO  [main] mapreduce.Job (Job.java:monitorAndPrintJob(1642)) -  map 100% reduce 100%
2022-10-18 11:27:18,111 INFO  [main] mapreduce.Job (Job.java:monitorAndPrintJob(1653)) - Job job_local1225944409_0004 completed successfully
2022-10-18 11:27:18,113 INFO  [main] mapreduce.Job (Job.java:monitorAndPrintJob(1660)) - Counters: 30
	File System Counters
		FILE: Number of bytes read=76104
		FILE: Number of bytes written=4443949
		FILE: Number of read operations=0
		FILE: Number of large read operations=0
		FILE: Number of write operations=0
	Map-Reduce Framework
		Map input records=10
		Map output records=28
		Map output bytes=984
		Map output materialized bytes=1046
		Input split bytes=115
		Combine input records=0
		Combine output records=0
		Reduce input groups=10
		Reduce shuffle bytes=1046
		Reduce input records=28
		Reduce output records=10
		Spilled Records=56
		Shuffled Maps =1
		Failed Shuffles=0
		Merged Map outputs=1
		GC time elapsed (ms)=0
		Total committed heap usage (bytes)=4294967296
	Shuffle Errors
		BAD_ID=0
		CONNECTION=0
		IO_ERROR=0
		WRONG_LENGTH=0
		WRONG_MAP=0
		WRONG_REDUCE=0
	File Input Format Counters 
		Bytes Read=607
	File Output Format Counters 
		Bytes Written=607
2022-10-18 11:27:18,122 WARN  [main] impl.MetricsSystemImpl (MetricsSystemImpl.java:init(151)) - JobTracker metrics system already initialized!
2022-10-18 11:27:18,124 WARN  [main] mapreduce.JobResourceUploader (JobResourceUploader.java:uploadResourcesInternal(149)) - Hadoop command-line option parsing not performed. Implement the Tool interface and execute your application with ToolRunner to remedy this.
2022-10-18 11:27:18,126 INFO  [main] input.FileInputFormat (FileInputFormat.java:listStatus(292)) - Total input files to process : 1
2022-10-18 11:27:18,127 INFO  [main] mapreduce.JobSubmitter (JobSubmitter.java:submitJobInternal(202)) - number of splits:1
2022-10-18 11:27:18,134 INFO  [main] mapreduce.JobSubmitter (JobSubmitter.java:printTokens(298)) - Submitting tokens for job: job_local978138751_0005
2022-10-18 11:27:18,135 INFO  [main] mapreduce.JobSubmitter (JobSubmitter.java:printTokens(299)) - Executing with tokens: []
2022-10-18 11:27:18,181 INFO  [main] mapreduce.Job (Job.java:submit(1569)) - The url to track the job: http://localhost:8080/
2022-10-18 11:27:18,181 INFO  [main] mapreduce.Job (Job.java:monitorAndPrintJob(1614)) - Running job: job_local978138751_0005
2022-10-18 11:27:18,181 INFO  [Thread-28] mapred.LocalJobRunner (LocalJobRunner.java:createOutputCommitter(501)) - OutputCommitter set in config null
2022-10-18 11:27:18,182 INFO  [Thread-28] output.FileOutputCommitter (FileOutputCommitter.java:<init>(141)) - File Output Committer Algorithm version is 2
2022-10-18 11:27:18,182 INFO  [Thread-28] output.FileOutputCommitter (FileOutputCommitter.java:<init>(156)) - FileOutputCommitter skip cleanup _temporary folders under output directory:false, ignore cleanup failures: false
2022-10-18 11:27:18,182 INFO  [Thread-28] mapred.LocalJobRunner (LocalJobRunner.java:createOutputCommitter(519)) - OutputCommitter is org.apache.hadoop.mapreduce.lib.output.FileOutputCommitter
2022-10-18 11:27:18,259 INFO  [Thread-28] mapred.LocalJobRunner (LocalJobRunner.java:runTasks(478)) - Waiting for map tasks
2022-10-18 11:27:18,259 INFO  [LocalJobRunner Map Task Executor #0] mapred.LocalJobRunner (LocalJobRunner.java:run(252)) - Starting task: attempt_local978138751_0005_m_000000_0
2022-10-18 11:27:18,260 INFO  [LocalJobRunner Map Task Executor #0] output.FileOutputCommitter (FileOutputCommitter.java:<init>(141)) - File Output Committer Algorithm version is 2
2022-10-18 11:27:18,260 INFO  [LocalJobRunner Map Task Executor #0] output.FileOutputCommitter (FileOutputCommitter.java:<init>(156)) - FileOutputCommitter skip cleanup _temporary folders under output directory:false, ignore cleanup failures: false
2022-10-18 11:27:18,260 INFO  [LocalJobRunner Map Task Executor #0] mapred.Task (Task.java:initialize(626)) -  Using ResourceCalculatorProcessTree : [ ]
2022-10-18 11:27:18,261 INFO  [LocalJobRunner Map Task Executor #0] mapred.MapTask (MapTask.java:runNewMapper(768)) - Processing split: file:/home/vthamalla/project3/temp/f3/part-r-00000:0+591
2022-10-18 11:27:18,272 INFO  [LocalJobRunner Map Task Executor #0] mapred.MapTask (MapTask.java:setEquator(1219)) - (EQUATOR) 0 kvi 26214396(104857584)
2022-10-18 11:27:18,272 INFO  [LocalJobRunner Map Task Executor #0] mapred.MapTask (MapTask.java:init(1012)) - mapreduce.task.io.sort.mb: 100
2022-10-18 11:27:18,272 INFO  [LocalJobRunner Map Task Executor #0] mapred.MapTask (MapTask.java:init(1013)) - soft limit at 83886080
2022-10-18 11:27:18,272 INFO  [LocalJobRunner Map Task Executor #0] mapred.MapTask (MapTask.java:init(1014)) - bufstart = 0; bufvoid = 104857600
2022-10-18 11:27:18,272 INFO  [LocalJobRunner Map Task Executor #0] mapred.MapTask (MapTask.java:init(1015)) - kvstart = 26214396; length = 6553600
2022-10-18 11:27:18,273 INFO  [LocalJobRunner Map Task Executor #0] mapred.MapTask (MapTask.java:createSortingCollector(409)) - Map output collector class = org.apache.hadoop.mapred.MapTask$MapOutputBuffer
2022-10-18 11:27:18,275 INFO  [LocalJobRunner Map Task Executor #0] mapred.LocalJobRunner (LocalJobRunner.java:statusUpdate(634)) - 
2022-10-18 11:27:18,275 INFO  [LocalJobRunner Map Task Executor #0] mapred.MapTask (MapTask.java:flush(1476)) - Starting flush of map output
2022-10-18 11:27:18,275 INFO  [LocalJobRunner Map Task Executor #0] mapred.MapTask (MapTask.java:flush(1498)) - Spilling map output
2022-10-18 11:27:18,275 INFO  [LocalJobRunner Map Task Executor #0] mapred.MapTask (MapTask.java:flush(1499)) - bufstart = 0; bufend = 984; bufvoid = 104857600
2022-10-18 11:27:18,275 INFO  [LocalJobRunner Map Task Executor #0] mapred.MapTask (MapTask.java:flush(1501)) - kvstart = 26214396(104857584); kvend = 26214288(104857152); length = 109/6553600
2022-10-18 11:27:18,276 INFO  [LocalJobRunner Map Task Executor #0] mapred.MapTask (MapTask.java:sortAndSpill(1696)) - Finished spill 0
2022-10-18 11:27:18,277 INFO  [LocalJobRunner Map Task Executor #0] mapred.Task (Task.java:done(1244)) - Task:attempt_local978138751_0005_m_000000_0 is done. And is in the process of committing
2022-10-18 11:27:18,278 INFO  [LocalJobRunner Map Task Executor #0] mapred.LocalJobRunner (LocalJobRunner.java:statusUpdate(634)) - map
2022-10-18 11:27:18,278 INFO  [LocalJobRunner Map Task Executor #0] mapred.Task (Task.java:sendDone(1380)) - Task 'attempt_local978138751_0005_m_000000_0' done.
2022-10-18 11:27:18,278 INFO  [LocalJobRunner Map Task Executor #0] mapred.Task (Task.java:done(1276)) - Final Counters for attempt_local978138751_0005_m_000000_0: Counters: 17
	File System Counters
		FILE: Number of bytes read=47439
		FILE: Number of bytes written=2776592
		FILE: Number of read operations=0
		FILE: Number of large read operations=0
		FILE: Number of write operations=0
	Map-Reduce Framework
		Map input records=10
		Map output records=28
		Map output bytes=984
		Map output materialized bytes=1046
		Input split bytes=115
		Combine input records=0
		Spilled Records=28
		Failed Shuffles=0
		Merged Map outputs=0
		GC time elapsed (ms)=0
		Total committed heap usage (bytes)=2147483648
	File Input Format Counters 
		Bytes Read=607
2022-10-18 11:27:18,278 INFO  [LocalJobRunner Map Task Executor #0] mapred.LocalJobRunner (LocalJobRunner.java:run(277)) - Finishing task: attempt_local978138751_0005_m_000000_0
2022-10-18 11:27:18,278 INFO  [Thread-28] mapred.LocalJobRunner (LocalJobRunner.java:runTasks(486)) - map task executor complete.
2022-10-18 11:27:18,279 INFO  [Thread-28] mapred.LocalJobRunner (LocalJobRunner.java:runTasks(478)) - Waiting for reduce tasks
2022-10-18 11:27:18,279 INFO  [pool-17-thread-1] mapred.LocalJobRunner (LocalJobRunner.java:run(330)) - Starting task: attempt_local978138751_0005_r_000000_0
2022-10-18 11:27:18,280 INFO  [pool-17-thread-1] output.FileOutputCommitter (FileOutputCommitter.java:<init>(141)) - File Output Committer Algorithm version is 2
2022-10-18 11:27:18,280 INFO  [pool-17-thread-1] output.FileOutputCommitter (FileOutputCommitter.java:<init>(156)) - FileOutputCommitter skip cleanup _temporary folders under output directory:false, ignore cleanup failures: false
2022-10-18 11:27:18,281 INFO  [pool-17-thread-1] mapred.Task (Task.java:initialize(626)) -  Using ResourceCalculatorProcessTree : [ ]
2022-10-18 11:27:18,281 INFO  [pool-17-thread-1] mapred.ReduceTask (ReduceTask.java:run(363)) - Using ShuffleConsumerPlugin: org.apache.hadoop.mapreduce.task.reduce.Shuffle@129108d4
2022-10-18 11:27:18,281 WARN  [pool-17-thread-1] impl.MetricsSystemImpl (MetricsSystemImpl.java:init(151)) - JobTracker metrics system already initialized!
2022-10-18 11:27:18,281 INFO  [pool-17-thread-1] reduce.MergeManagerImpl (MergeManagerImpl.java:<init>(198)) - The max number of bytes for a single in-memory shuffle cannot be larger than Integer.MAX_VALUE. Setting it to Integer.MAX_VALUE
2022-10-18 11:27:18,281 INFO  [pool-17-thread-1] reduce.MergeManagerImpl (MergeManagerImpl.java:<init>(208)) - MergerManager: memoryLimit=22525089792, maxSingleShuffleLimit=2147483647, mergeThreshold=14866560000, ioSortFactor=10, memToMemMergeOutputsThreshold=10
2022-10-18 11:27:18,294 INFO  [EventFetcher for fetching Map Completion Events] reduce.EventFetcher (EventFetcher.java:run(61)) - attempt_local978138751_0005_r_000000_0 Thread started: EventFetcher for fetching Map Completion Events
2022-10-18 11:27:18,295 INFO  [localfetcher#4] reduce.LocalFetcher (LocalFetcher.java:copyMapOutput(145)) - localfetcher#4 about to shuffle output of map attempt_local978138751_0005_m_000000_0 decomp: 1042 len: 1046 to MEMORY
2022-10-18 11:27:18,296 INFO  [localfetcher#4] reduce.InMemoryMapOutput (InMemoryMapOutput.java:doShuffle(94)) - Read 1042 bytes from map-output for attempt_local978138751_0005_m_000000_0
2022-10-18 11:27:18,296 INFO  [localfetcher#4] reduce.MergeManagerImpl (MergeManagerImpl.java:closeInMemoryFile(323)) - closeInMemoryFile -> map-output of size: 1042, inMemoryMapOutputs.size() -> 1, commitMemory -> 0, usedMemory ->1042
2022-10-18 11:27:18,296 INFO  [EventFetcher for fetching Map Completion Events] reduce.EventFetcher (EventFetcher.java:run(76)) - EventFetcher is interrupted.. Returning
2022-10-18 11:27:18,297 INFO  [pool-17-thread-1] mapred.LocalJobRunner (LocalJobRunner.java:statusUpdate(634)) - 1 / 1 copied.
2022-10-18 11:27:18,297 INFO  [pool-17-thread-1] reduce.MergeManagerImpl (MergeManagerImpl.java:finalMerge(695)) - finalMerge called with 1 in-memory map-outputs and 0 on-disk map-outputs
2022-10-18 11:27:18,298 INFO  [pool-17-thread-1] mapred.Merger (Merger.java:merge(606)) - Merging 1 sorted segments
2022-10-18 11:27:18,298 INFO  [pool-17-thread-1] mapred.Merger (Merger.java:merge(705)) - Down to the last merge-pass, with 1 segments left of total size: 1032 bytes
2022-10-18 11:27:18,298 INFO  [pool-17-thread-1] reduce.MergeManagerImpl (MergeManagerImpl.java:finalMerge(762)) - Merged 1 segments, 1042 bytes to disk to satisfy reduce memory limit
2022-10-18 11:27:18,299 INFO  [pool-17-thread-1] reduce.MergeManagerImpl (MergeManagerImpl.java:finalMerge(792)) - Merging 1 files, 1046 bytes from disk
2022-10-18 11:27:18,299 INFO  [pool-17-thread-1] reduce.MergeManagerImpl (MergeManagerImpl.java:finalMerge(807)) - Merging 0 segments, 0 bytes from memory into reduce
2022-10-18 11:27:18,299 INFO  [pool-17-thread-1] mapred.Merger (Merger.java:merge(606)) - Merging 1 sorted segments
2022-10-18 11:27:18,299 INFO  [pool-17-thread-1] mapred.Merger (Merger.java:merge(705)) - Down to the last merge-pass, with 1 segments left of total size: 1032 bytes
2022-10-18 11:27:18,299 INFO  [pool-17-thread-1] mapred.LocalJobRunner (LocalJobRunner.java:statusUpdate(634)) - 1 / 1 copied.
2022-10-18 11:27:18,365 INFO  [pool-17-thread-1] mapred.Task (Task.java:done(1244)) - Task:attempt_local978138751_0005_r_000000_0 is done. And is in the process of committing
2022-10-18 11:27:18,365 INFO  [pool-17-thread-1] mapred.LocalJobRunner (LocalJobRunner.java:statusUpdate(634)) - 1 / 1 copied.
2022-10-18 11:27:18,365 INFO  [pool-17-thread-1] mapred.Task (Task.java:commit(1421)) - Task attempt_local978138751_0005_r_000000_0 is allowed to commit now
2022-10-18 11:27:18,377 INFO  [pool-17-thread-1] output.FileOutputCommitter (FileOutputCommitter.java:commitTask(606)) - Saved output of task 'attempt_local978138751_0005_r_000000_0' to file:/home/vthamalla/project3/temp/f4
2022-10-18 11:27:18,377 INFO  [pool-17-thread-1] mapred.LocalJobRunner (LocalJobRunner.java:statusUpdate(634)) - reduce > reduce
2022-10-18 11:27:18,377 INFO  [pool-17-thread-1] mapred.Task (Task.java:sendDone(1380)) - Task 'attempt_local978138751_0005_r_000000_0' done.
2022-10-18 11:27:18,378 INFO  [pool-17-thread-1] mapred.Task (Task.java:done(1276)) - Final Counters for attempt_local978138751_0005_r_000000_0: Counters: 24
	File System Counters
		FILE: Number of bytes read=49563
		FILE: Number of bytes written=2778245
		FILE: Number of read operations=0
		FILE: Number of large read operations=0
		FILE: Number of write operations=0
	Map-Reduce Framework
		Combine input records=0
		Combine output records=0
		Reduce input groups=10
		Reduce shuffle bytes=1046
		Reduce input records=28
		Reduce output records=10
		Spilled Records=28
		Shuffled Maps =1
		Failed Shuffles=0
		Merged Map outputs=1
		GC time elapsed (ms)=12
		Total committed heap usage (bytes)=2147483648
	Shuffle Errors
		BAD_ID=0
		CONNECTION=0
		IO_ERROR=0
		WRONG_LENGTH=0
		WRONG_MAP=0
		WRONG_REDUCE=0
	File Output Format Counters 
		Bytes Written=607
2022-10-18 11:27:18,378 INFO  [pool-17-thread-1] mapred.LocalJobRunner (LocalJobRunner.java:run(353)) - Finishing task: attempt_local978138751_0005_r_000000_0
2022-10-18 11:27:18,378 INFO  [Thread-28] mapred.LocalJobRunner (LocalJobRunner.java:runTasks(486)) - reduce task executor complete.
2022-10-18 11:27:19,182 INFO  [main] mapreduce.Job (Job.java:monitorAndPrintJob(1635)) - Job job_local978138751_0005 running in uber mode : false
2022-10-18 11:27:19,182 INFO  [main] mapreduce.Job (Job.java:monitorAndPrintJob(1642)) -  map 100% reduce 100%
2022-10-18 11:27:19,182 INFO  [main] mapreduce.Job (Job.java:monitorAndPrintJob(1653)) - Job job_local978138751_0005 completed successfully
2022-10-18 11:27:19,185 INFO  [main] mapreduce.Job (Job.java:monitorAndPrintJob(1660)) - Counters: 30
	File System Counters
		FILE: Number of bytes read=97002
		FILE: Number of bytes written=5554837
		FILE: Number of read operations=0
		FILE: Number of large read operations=0
		FILE: Number of write operations=0
	Map-Reduce Framework
		Map input records=10
		Map output records=28
		Map output bytes=984
		Map output materialized bytes=1046
		Input split bytes=115
		Combine input records=0
		Combine output records=0
		Reduce input groups=10
		Reduce shuffle bytes=1046
		Reduce input records=28
		Reduce output records=10
		Spilled Records=56
		Shuffled Maps =1
		Failed Shuffles=0
		Merged Map outputs=1
		GC time elapsed (ms)=12
		Total committed heap usage (bytes)=4294967296
	Shuffle Errors
		BAD_ID=0
		CONNECTION=0
		IO_ERROR=0
		WRONG_LENGTH=0
		WRONG_MAP=0
		WRONG_REDUCE=0
	File Input Format Counters 
		Bytes Read=607
	File Output Format Counters 
		Bytes Written=607
2022-10-18 11:27:19,195 WARN  [main] impl.MetricsSystemImpl (MetricsSystemImpl.java:init(151)) - JobTracker metrics system already initialized!
2022-10-18 11:27:19,196 WARN  [main] mapreduce.JobResourceUploader (JobResourceUploader.java:uploadResourcesInternal(149)) - Hadoop command-line option parsing not performed. Implement the Tool interface and execute your application with ToolRunner to remedy this.
2022-10-18 11:27:19,199 INFO  [main] input.FileInputFormat (FileInputFormat.java:listStatus(292)) - Total input files to process : 1
2022-10-18 11:27:19,200 INFO  [main] mapreduce.JobSubmitter (JobSubmitter.java:submitJobInternal(202)) - number of splits:1
2022-10-18 11:27:19,206 INFO  [main] mapreduce.JobSubmitter (JobSubmitter.java:printTokens(298)) - Submitting tokens for job: job_local643537989_0006
2022-10-18 11:27:19,206 INFO  [main] mapreduce.JobSubmitter (JobSubmitter.java:printTokens(299)) - Executing with tokens: []
2022-10-18 11:27:19,243 INFO  [main] mapreduce.Job (Job.java:submit(1569)) - The url to track the job: http://localhost:8080/
2022-10-18 11:27:19,243 INFO  [Thread-35] mapred.LocalJobRunner (LocalJobRunner.java:createOutputCommitter(501)) - OutputCommitter set in config null
2022-10-18 11:27:19,243 INFO  [main] mapreduce.Job (Job.java:monitorAndPrintJob(1614)) - Running job: job_local643537989_0006
2022-10-18 11:27:19,243 INFO  [Thread-35] output.FileOutputCommitter (FileOutputCommitter.java:<init>(141)) - File Output Committer Algorithm version is 2
2022-10-18 11:27:19,243 INFO  [Thread-35] output.FileOutputCommitter (FileOutputCommitter.java:<init>(156)) - FileOutputCommitter skip cleanup _temporary folders under output directory:false, ignore cleanup failures: false
2022-10-18 11:27:19,244 INFO  [Thread-35] mapred.LocalJobRunner (LocalJobRunner.java:createOutputCommitter(519)) - OutputCommitter is org.apache.hadoop.mapreduce.lib.output.FileOutputCommitter
2022-10-18 11:27:19,327 INFO  [Thread-35] mapred.LocalJobRunner (LocalJobRunner.java:runTasks(478)) - Waiting for map tasks
2022-10-18 11:27:19,327 INFO  [LocalJobRunner Map Task Executor #0] mapred.LocalJobRunner (LocalJobRunner.java:run(252)) - Starting task: attempt_local643537989_0006_m_000000_0
2022-10-18 11:27:19,329 INFO  [LocalJobRunner Map Task Executor #0] output.FileOutputCommitter (FileOutputCommitter.java:<init>(141)) - File Output Committer Algorithm version is 2
2022-10-18 11:27:19,329 INFO  [LocalJobRunner Map Task Executor #0] output.FileOutputCommitter (FileOutputCommitter.java:<init>(156)) - FileOutputCommitter skip cleanup _temporary folders under output directory:false, ignore cleanup failures: false
2022-10-18 11:27:19,329 INFO  [LocalJobRunner Map Task Executor #0] mapred.Task (Task.java:initialize(626)) -  Using ResourceCalculatorProcessTree : [ ]
2022-10-18 11:27:19,330 INFO  [LocalJobRunner Map Task Executor #0] mapred.MapTask (MapTask.java:runNewMapper(768)) - Processing split: file:/home/vthamalla/project3/temp/f4/part-r-00000:0+591
2022-10-18 11:27:19,337 INFO  [LocalJobRunner Map Task Executor #0] mapred.MapTask (MapTask.java:setEquator(1219)) - (EQUATOR) 0 kvi 26214396(104857584)
2022-10-18 11:27:19,337 INFO  [LocalJobRunner Map Task Executor #0] mapred.MapTask (MapTask.java:init(1012)) - mapreduce.task.io.sort.mb: 100
2022-10-18 11:27:19,337 INFO  [LocalJobRunner Map Task Executor #0] mapred.MapTask (MapTask.java:init(1013)) - soft limit at 83886080
2022-10-18 11:27:19,337 INFO  [LocalJobRunner Map Task Executor #0] mapred.MapTask (MapTask.java:init(1014)) - bufstart = 0; bufvoid = 104857600
2022-10-18 11:27:19,337 INFO  [LocalJobRunner Map Task Executor #0] mapred.MapTask (MapTask.java:init(1015)) - kvstart = 26214396; length = 6553600
2022-10-18 11:27:19,338 INFO  [LocalJobRunner Map Task Executor #0] mapred.MapTask (MapTask.java:createSortingCollector(409)) - Map output collector class = org.apache.hadoop.mapred.MapTask$MapOutputBuffer
2022-10-18 11:27:19,340 INFO  [LocalJobRunner Map Task Executor #0] mapred.LocalJobRunner (LocalJobRunner.java:statusUpdate(634)) - 
2022-10-18 11:27:19,341 INFO  [LocalJobRunner Map Task Executor #0] mapred.MapTask (MapTask.java:flush(1476)) - Starting flush of map output
2022-10-18 11:27:19,341 INFO  [LocalJobRunner Map Task Executor #0] mapred.MapTask (MapTask.java:flush(1498)) - Spilling map output
2022-10-18 11:27:19,341 INFO  [LocalJobRunner Map Task Executor #0] mapred.MapTask (MapTask.java:flush(1499)) - bufstart = 0; bufend = 984; bufvoid = 104857600
2022-10-18 11:27:19,341 INFO  [LocalJobRunner Map Task Executor #0] mapred.MapTask (MapTask.java:flush(1501)) - kvstart = 26214396(104857584); kvend = 26214288(104857152); length = 109/6553600
2022-10-18 11:27:19,342 INFO  [LocalJobRunner Map Task Executor #0] mapred.MapTask (MapTask.java:sortAndSpill(1696)) - Finished spill 0
2022-10-18 11:27:19,342 INFO  [LocalJobRunner Map Task Executor #0] mapred.Task (Task.java:done(1244)) - Task:attempt_local643537989_0006_m_000000_0 is done. And is in the process of committing
2022-10-18 11:27:19,343 INFO  [LocalJobRunner Map Task Executor #0] mapred.LocalJobRunner (LocalJobRunner.java:statusUpdate(634)) - map
2022-10-18 11:27:19,343 INFO  [LocalJobRunner Map Task Executor #0] mapred.Task (Task.java:sendDone(1380)) - Task 'attempt_local643537989_0006_m_000000_0' done.
2022-10-18 11:27:19,344 INFO  [LocalJobRunner Map Task Executor #0] mapred.Task (Task.java:done(1276)) - Final Counters for attempt_local643537989_0006_m_000000_0: Counters: 17
	File System Counters
		FILE: Number of bytes read=57888
		FILE: Number of bytes written=3332036
		FILE: Number of read operations=0
		FILE: Number of large read operations=0
		FILE: Number of write operations=0
	Map-Reduce Framework
		Map input records=10
		Map output records=28
		Map output bytes=984
		Map output materialized bytes=1046
		Input split bytes=115
		Combine input records=0
		Spilled Records=28
		Failed Shuffles=0
		Merged Map outputs=0
		GC time elapsed (ms)=0
		Total committed heap usage (bytes)=2147483648
	File Input Format Counters 
		Bytes Read=607
2022-10-18 11:27:19,344 INFO  [LocalJobRunner Map Task Executor #0] mapred.LocalJobRunner (LocalJobRunner.java:run(277)) - Finishing task: attempt_local643537989_0006_m_000000_0
2022-10-18 11:27:19,344 INFO  [Thread-35] mapred.LocalJobRunner (LocalJobRunner.java:runTasks(486)) - map task executor complete.
2022-10-18 11:27:19,345 INFO  [Thread-35] mapred.LocalJobRunner (LocalJobRunner.java:runTasks(478)) - Waiting for reduce tasks
2022-10-18 11:27:19,345 INFO  [pool-20-thread-1] mapred.LocalJobRunner (LocalJobRunner.java:run(330)) - Starting task: attempt_local643537989_0006_r_000000_0
2022-10-18 11:27:19,346 INFO  [pool-20-thread-1] output.FileOutputCommitter (FileOutputCommitter.java:<init>(141)) - File Output Committer Algorithm version is 2
2022-10-18 11:27:19,346 INFO  [pool-20-thread-1] output.FileOutputCommitter (FileOutputCommitter.java:<init>(156)) - FileOutputCommitter skip cleanup _temporary folders under output directory:false, ignore cleanup failures: false
2022-10-18 11:27:19,346 INFO  [pool-20-thread-1] mapred.Task (Task.java:initialize(626)) -  Using ResourceCalculatorProcessTree : [ ]
2022-10-18 11:27:19,346 INFO  [pool-20-thread-1] mapred.ReduceTask (ReduceTask.java:run(363)) - Using ShuffleConsumerPlugin: org.apache.hadoop.mapreduce.task.reduce.Shuffle@443eac87
2022-10-18 11:27:19,346 WARN  [pool-20-thread-1] impl.MetricsSystemImpl (MetricsSystemImpl.java:init(151)) - JobTracker metrics system already initialized!
2022-10-18 11:27:19,347 INFO  [pool-20-thread-1] reduce.MergeManagerImpl (MergeManagerImpl.java:<init>(198)) - The max number of bytes for a single in-memory shuffle cannot be larger than Integer.MAX_VALUE. Setting it to Integer.MAX_VALUE
2022-10-18 11:27:19,347 INFO  [pool-20-thread-1] reduce.MergeManagerImpl (MergeManagerImpl.java:<init>(208)) - MergerManager: memoryLimit=22525089792, maxSingleShuffleLimit=2147483647, mergeThreshold=14866560000, ioSortFactor=10, memToMemMergeOutputsThreshold=10
2022-10-18 11:27:19,348 INFO  [EventFetcher for fetching Map Completion Events] reduce.EventFetcher (EventFetcher.java:run(61)) - attempt_local643537989_0006_r_000000_0 Thread started: EventFetcher for fetching Map Completion Events
2022-10-18 11:27:19,349 INFO  [localfetcher#5] reduce.LocalFetcher (LocalFetcher.java:copyMapOutput(145)) - localfetcher#5 about to shuffle output of map attempt_local643537989_0006_m_000000_0 decomp: 1042 len: 1046 to MEMORY
2022-10-18 11:27:19,349 INFO  [localfetcher#5] reduce.InMemoryMapOutput (InMemoryMapOutput.java:doShuffle(94)) - Read 1042 bytes from map-output for attempt_local643537989_0006_m_000000_0
2022-10-18 11:27:19,349 INFO  [localfetcher#5] reduce.MergeManagerImpl (MergeManagerImpl.java:closeInMemoryFile(323)) - closeInMemoryFile -> map-output of size: 1042, inMemoryMapOutputs.size() -> 1, commitMemory -> 0, usedMemory ->1042
2022-10-18 11:27:19,349 INFO  [EventFetcher for fetching Map Completion Events] reduce.EventFetcher (EventFetcher.java:run(76)) - EventFetcher is interrupted.. Returning
2022-10-18 11:27:19,350 INFO  [pool-20-thread-1] mapred.LocalJobRunner (LocalJobRunner.java:statusUpdate(634)) - 1 / 1 copied.
2022-10-18 11:27:19,350 INFO  [pool-20-thread-1] reduce.MergeManagerImpl (MergeManagerImpl.java:finalMerge(695)) - finalMerge called with 1 in-memory map-outputs and 0 on-disk map-outputs
2022-10-18 11:27:19,351 INFO  [pool-20-thread-1] mapred.Merger (Merger.java:merge(606)) - Merging 1 sorted segments
2022-10-18 11:27:19,351 INFO  [pool-20-thread-1] mapred.Merger (Merger.java:merge(705)) - Down to the last merge-pass, with 1 segments left of total size: 1032 bytes
2022-10-18 11:27:19,351 INFO  [pool-20-thread-1] reduce.MergeManagerImpl (MergeManagerImpl.java:finalMerge(762)) - Merged 1 segments, 1042 bytes to disk to satisfy reduce memory limit
2022-10-18 11:27:19,351 INFO  [pool-20-thread-1] reduce.MergeManagerImpl (MergeManagerImpl.java:finalMerge(792)) - Merging 1 files, 1046 bytes from disk
2022-10-18 11:27:19,351 INFO  [pool-20-thread-1] reduce.MergeManagerImpl (MergeManagerImpl.java:finalMerge(807)) - Merging 0 segments, 0 bytes from memory into reduce
2022-10-18 11:27:19,352 INFO  [pool-20-thread-1] mapred.Merger (Merger.java:merge(606)) - Merging 1 sorted segments
2022-10-18 11:27:19,352 INFO  [pool-20-thread-1] mapred.Merger (Merger.java:merge(705)) - Down to the last merge-pass, with 1 segments left of total size: 1032 bytes
2022-10-18 11:27:19,352 INFO  [pool-20-thread-1] mapred.LocalJobRunner (LocalJobRunner.java:statusUpdate(634)) - 1 / 1 copied.
2022-10-18 11:27:19,416 INFO  [pool-20-thread-1] mapred.Task (Task.java:done(1244)) - Task:attempt_local643537989_0006_r_000000_0 is done. And is in the process of committing
2022-10-18 11:27:19,416 INFO  [pool-20-thread-1] mapred.LocalJobRunner (LocalJobRunner.java:statusUpdate(634)) - 1 / 1 copied.
2022-10-18 11:27:19,416 INFO  [pool-20-thread-1] mapred.Task (Task.java:commit(1421)) - Task attempt_local643537989_0006_r_000000_0 is allowed to commit now
2022-10-18 11:27:19,432 INFO  [pool-20-thread-1] output.FileOutputCommitter (FileOutputCommitter.java:commitTask(606)) - Saved output of task 'attempt_local643537989_0006_r_000000_0' to file:/home/vthamalla/project3/temp/f5
2022-10-18 11:27:19,432 INFO  [pool-20-thread-1] mapred.LocalJobRunner (LocalJobRunner.java:statusUpdate(634)) - reduce > reduce
2022-10-18 11:27:19,432 INFO  [pool-20-thread-1] mapred.Task (Task.java:sendDone(1380)) - Task 'attempt_local643537989_0006_r_000000_0' done.
2022-10-18 11:27:19,432 INFO  [pool-20-thread-1] mapred.Task (Task.java:done(1276)) - Final Counters for attempt_local643537989_0006_r_000000_0: Counters: 24
	File System Counters
		FILE: Number of bytes read=60012
		FILE: Number of bytes written=3333689
		FILE: Number of read operations=0
		FILE: Number of large read operations=0
		FILE: Number of write operations=0
	Map-Reduce Framework
		Combine input records=0
		Combine output records=0
		Reduce input groups=10
		Reduce shuffle bytes=1046
		Reduce input records=28
		Reduce output records=10
		Spilled Records=28
		Shuffled Maps =1
		Failed Shuffles=0
		Merged Map outputs=1
		GC time elapsed (ms)=0
		Total committed heap usage (bytes)=2147483648
	Shuffle Errors
		BAD_ID=0
		CONNECTION=0
		IO_ERROR=0
		WRONG_LENGTH=0
		WRONG_MAP=0
		WRONG_REDUCE=0
	File Output Format Counters 
		Bytes Written=607
2022-10-18 11:27:19,432 INFO  [pool-20-thread-1] mapred.LocalJobRunner (LocalJobRunner.java:run(353)) - Finishing task: attempt_local643537989_0006_r_000000_0
2022-10-18 11:27:19,433 INFO  [Thread-35] mapred.LocalJobRunner (LocalJobRunner.java:runTasks(486)) - reduce task executor complete.
2022-10-18 11:27:20,243 INFO  [main] mapreduce.Job (Job.java:monitorAndPrintJob(1635)) - Job job_local643537989_0006 running in uber mode : false
2022-10-18 11:27:20,244 INFO  [main] mapreduce.Job (Job.java:monitorAndPrintJob(1642)) -  map 100% reduce 100%
2022-10-18 11:27:20,244 INFO  [main] mapreduce.Job (Job.java:monitorAndPrintJob(1653)) - Job job_local643537989_0006 completed successfully
2022-10-18 11:27:20,246 INFO  [main] mapreduce.Job (Job.java:monitorAndPrintJob(1660)) - Counters: 30
	File System Counters
		FILE: Number of bytes read=117900
		FILE: Number of bytes written=6665725
		FILE: Number of read operations=0
		FILE: Number of large read operations=0
		FILE: Number of write operations=0
	Map-Reduce Framework
		Map input records=10
		Map output records=28
		Map output bytes=984
		Map output materialized bytes=1046
		Input split bytes=115
		Combine input records=0
		Combine output records=0
		Reduce input groups=10
		Reduce shuffle bytes=1046
		Reduce input records=28
		Reduce output records=10
		Spilled Records=56
		Shuffled Maps =1
		Failed Shuffles=0
		Merged Map outputs=1
		GC time elapsed (ms)=0
		Total committed heap usage (bytes)=4294967296
	Shuffle Errors
		BAD_ID=0
		CONNECTION=0
		IO_ERROR=0
		WRONG_LENGTH=0
		WRONG_MAP=0
		WRONG_REDUCE=0
	File Input Format Counters 
		Bytes Read=607
	File Output Format Counters 
		Bytes Written=607
2022-10-18 11:27:20,257 WARN  [main] impl.MetricsSystemImpl (MetricsSystemImpl.java:init(151)) - JobTracker metrics system already initialized!
2022-10-18 11:27:20,258 WARN  [main] mapreduce.JobResourceUploader (JobResourceUploader.java:uploadResourcesInternal(149)) - Hadoop command-line option parsing not performed. Implement the Tool interface and execute your application with ToolRunner to remedy this.
2022-10-18 11:27:20,260 INFO  [main] input.FileInputFormat (FileInputFormat.java:listStatus(292)) - Total input files to process : 1
2022-10-18 11:27:20,261 INFO  [main] mapreduce.JobSubmitter (JobSubmitter.java:submitJobInternal(202)) - number of splits:1
2022-10-18 11:27:20,267 INFO  [main] mapreduce.JobSubmitter (JobSubmitter.java:printTokens(298)) - Submitting tokens for job: job_local40987364_0007
2022-10-18 11:27:20,267 INFO  [main] mapreduce.JobSubmitter (JobSubmitter.java:printTokens(299)) - Executing with tokens: []
2022-10-18 11:27:20,304 INFO  [main] mapreduce.Job (Job.java:submit(1569)) - The url to track the job: http://localhost:8080/
2022-10-18 11:27:20,304 INFO  [main] mapreduce.Job (Job.java:monitorAndPrintJob(1614)) - Running job: job_local40987364_0007
2022-10-18 11:27:20,304 INFO  [Thread-42] mapred.LocalJobRunner (LocalJobRunner.java:createOutputCommitter(501)) - OutputCommitter set in config null
2022-10-18 11:27:20,304 INFO  [Thread-42] output.FileOutputCommitter (FileOutputCommitter.java:<init>(141)) - File Output Committer Algorithm version is 2
2022-10-18 11:27:20,304 INFO  [Thread-42] output.FileOutputCommitter (FileOutputCommitter.java:<init>(156)) - FileOutputCommitter skip cleanup _temporary folders under output directory:false, ignore cleanup failures: false
2022-10-18 11:27:20,305 INFO  [Thread-42] mapred.LocalJobRunner (LocalJobRunner.java:createOutputCommitter(519)) - OutputCommitter is org.apache.hadoop.mapreduce.lib.output.FileOutputCommitter
2022-10-18 11:27:20,384 INFO  [Thread-42] mapred.LocalJobRunner (LocalJobRunner.java:runTasks(478)) - Waiting for map tasks
2022-10-18 11:27:20,384 INFO  [LocalJobRunner Map Task Executor #0] mapred.LocalJobRunner (LocalJobRunner.java:run(252)) - Starting task: attempt_local40987364_0007_m_000000_0
2022-10-18 11:27:20,386 INFO  [LocalJobRunner Map Task Executor #0] output.FileOutputCommitter (FileOutputCommitter.java:<init>(141)) - File Output Committer Algorithm version is 2
2022-10-18 11:27:20,386 INFO  [LocalJobRunner Map Task Executor #0] output.FileOutputCommitter (FileOutputCommitter.java:<init>(156)) - FileOutputCommitter skip cleanup _temporary folders under output directory:false, ignore cleanup failures: false
2022-10-18 11:27:20,386 INFO  [LocalJobRunner Map Task Executor #0] mapred.Task (Task.java:initialize(626)) -  Using ResourceCalculatorProcessTree : [ ]
2022-10-18 11:27:20,387 INFO  [LocalJobRunner Map Task Executor #0] mapred.MapTask (MapTask.java:runNewMapper(768)) - Processing split: file:/home/vthamalla/project3/temp/f5/part-r-00000:0+591
2022-10-18 11:27:20,394 INFO  [LocalJobRunner Map Task Executor #0] mapred.MapTask (MapTask.java:setEquator(1219)) - (EQUATOR) 0 kvi 26214396(104857584)
2022-10-18 11:27:20,395 INFO  [LocalJobRunner Map Task Executor #0] mapred.MapTask (MapTask.java:init(1012)) - mapreduce.task.io.sort.mb: 100
2022-10-18 11:27:20,395 INFO  [LocalJobRunner Map Task Executor #0] mapred.MapTask (MapTask.java:init(1013)) - soft limit at 83886080
2022-10-18 11:27:20,395 INFO  [LocalJobRunner Map Task Executor #0] mapred.MapTask (MapTask.java:init(1014)) - bufstart = 0; bufvoid = 104857600
2022-10-18 11:27:20,395 INFO  [LocalJobRunner Map Task Executor #0] mapred.MapTask (MapTask.java:init(1015)) - kvstart = 26214396; length = 6553600
2022-10-18 11:27:20,396 INFO  [LocalJobRunner Map Task Executor #0] mapred.MapTask (MapTask.java:createSortingCollector(409)) - Map output collector class = org.apache.hadoop.mapred.MapTask$MapOutputBuffer
2022-10-18 11:27:20,398 INFO  [LocalJobRunner Map Task Executor #0] mapred.LocalJobRunner (LocalJobRunner.java:statusUpdate(634)) - 
2022-10-18 11:27:20,398 INFO  [LocalJobRunner Map Task Executor #0] mapred.MapTask (MapTask.java:flush(1476)) - Starting flush of map output
2022-10-18 11:27:20,398 INFO  [LocalJobRunner Map Task Executor #0] mapred.MapTask (MapTask.java:flush(1498)) - Spilling map output
2022-10-18 11:27:20,398 INFO  [LocalJobRunner Map Task Executor #0] mapred.MapTask (MapTask.java:flush(1499)) - bufstart = 0; bufend = 120; bufvoid = 104857600
2022-10-18 11:27:20,398 INFO  [LocalJobRunner Map Task Executor #0] mapred.MapTask (MapTask.java:flush(1501)) - kvstart = 26214396(104857584); kvend = 26214360(104857440); length = 37/6553600
2022-10-18 11:27:20,399 INFO  [LocalJobRunner Map Task Executor #0] mapred.MapTask (MapTask.java:sortAndSpill(1696)) - Finished spill 0
2022-10-18 11:27:20,400 INFO  [LocalJobRunner Map Task Executor #0] mapred.Task (Task.java:done(1244)) - Task:attempt_local40987364_0007_m_000000_0 is done. And is in the process of committing
2022-10-18 11:27:20,401 INFO  [LocalJobRunner Map Task Executor #0] mapred.LocalJobRunner (LocalJobRunner.java:statusUpdate(634)) - map
2022-10-18 11:27:20,401 INFO  [LocalJobRunner Map Task Executor #0] mapred.Task (Task.java:sendDone(1380)) - Task 'attempt_local40987364_0007_m_000000_0' done.
2022-10-18 11:27:20,401 INFO  [LocalJobRunner Map Task Executor #0] mapred.Task (Task.java:done(1276)) - Final Counters for attempt_local40987364_0007_m_000000_0: Counters: 17
	File System Counters
		FILE: Number of bytes read=68337
		FILE: Number of bytes written=3883152
		FILE: Number of read operations=0
		FILE: Number of large read operations=0
		FILE: Number of write operations=0
	Map-Reduce Framework
		Map input records=10
		Map output records=10
		Map output bytes=120
		Map output materialized bytes=146
		Input split bytes=115
		Combine input records=0
		Spilled Records=10
		Failed Shuffles=0
		Merged Map outputs=0
		GC time elapsed (ms)=0
		Total committed heap usage (bytes)=2147483648
	File Input Format Counters 
		Bytes Read=607
2022-10-18 11:27:20,401 INFO  [LocalJobRunner Map Task Executor #0] mapred.LocalJobRunner (LocalJobRunner.java:run(277)) - Finishing task: attempt_local40987364_0007_m_000000_0
2022-10-18 11:27:20,401 INFO  [Thread-42] mapred.LocalJobRunner (LocalJobRunner.java:runTasks(486)) - map task executor complete.
2022-10-18 11:27:20,402 INFO  [Thread-42] mapred.LocalJobRunner (LocalJobRunner.java:runTasks(478)) - Waiting for reduce tasks
2022-10-18 11:27:20,402 INFO  [pool-23-thread-1] mapred.LocalJobRunner (LocalJobRunner.java:run(330)) - Starting task: attempt_local40987364_0007_r_000000_0
2022-10-18 11:27:20,403 INFO  [pool-23-thread-1] output.FileOutputCommitter (FileOutputCommitter.java:<init>(141)) - File Output Committer Algorithm version is 2
2022-10-18 11:27:20,403 INFO  [pool-23-thread-1] output.FileOutputCommitter (FileOutputCommitter.java:<init>(156)) - FileOutputCommitter skip cleanup _temporary folders under output directory:false, ignore cleanup failures: false
2022-10-18 11:27:20,403 INFO  [pool-23-thread-1] mapred.Task (Task.java:initialize(626)) -  Using ResourceCalculatorProcessTree : [ ]
2022-10-18 11:27:20,404 INFO  [pool-23-thread-1] mapred.ReduceTask (ReduceTask.java:run(363)) - Using ShuffleConsumerPlugin: org.apache.hadoop.mapreduce.task.reduce.Shuffle@31906855
2022-10-18 11:27:20,404 WARN  [pool-23-thread-1] impl.MetricsSystemImpl (MetricsSystemImpl.java:init(151)) - JobTracker metrics system already initialized!
2022-10-18 11:27:20,405 INFO  [pool-23-thread-1] reduce.MergeManagerImpl (MergeManagerImpl.java:<init>(198)) - The max number of bytes for a single in-memory shuffle cannot be larger than Integer.MAX_VALUE. Setting it to Integer.MAX_VALUE
2022-10-18 11:27:20,405 INFO  [pool-23-thread-1] reduce.MergeManagerImpl (MergeManagerImpl.java:<init>(208)) - MergerManager: memoryLimit=22525089792, maxSingleShuffleLimit=2147483647, mergeThreshold=14866560000, ioSortFactor=10, memToMemMergeOutputsThreshold=10
2022-10-18 11:27:20,405 INFO  [EventFetcher for fetching Map Completion Events] reduce.EventFetcher (EventFetcher.java:run(61)) - attempt_local40987364_0007_r_000000_0 Thread started: EventFetcher for fetching Map Completion Events
2022-10-18 11:27:20,406 INFO  [localfetcher#6] reduce.LocalFetcher (LocalFetcher.java:copyMapOutput(145)) - localfetcher#6 about to shuffle output of map attempt_local40987364_0007_m_000000_0 decomp: 142 len: 146 to MEMORY
2022-10-18 11:27:20,406 INFO  [localfetcher#6] reduce.InMemoryMapOutput (InMemoryMapOutput.java:doShuffle(94)) - Read 142 bytes from map-output for attempt_local40987364_0007_m_000000_0
2022-10-18 11:27:20,406 INFO  [localfetcher#6] reduce.MergeManagerImpl (MergeManagerImpl.java:closeInMemoryFile(323)) - closeInMemoryFile -> map-output of size: 142, inMemoryMapOutputs.size() -> 1, commitMemory -> 0, usedMemory ->142
2022-10-18 11:27:20,407 INFO  [EventFetcher for fetching Map Completion Events] reduce.EventFetcher (EventFetcher.java:run(76)) - EventFetcher is interrupted.. Returning
2022-10-18 11:27:20,407 INFO  [pool-23-thread-1] mapred.LocalJobRunner (LocalJobRunner.java:statusUpdate(634)) - 1 / 1 copied.
2022-10-18 11:27:20,407 INFO  [pool-23-thread-1] reduce.MergeManagerImpl (MergeManagerImpl.java:finalMerge(695)) - finalMerge called with 1 in-memory map-outputs and 0 on-disk map-outputs
2022-10-18 11:27:20,408 INFO  [pool-23-thread-1] mapred.Merger (Merger.java:merge(606)) - Merging 1 sorted segments
2022-10-18 11:27:20,408 INFO  [pool-23-thread-1] mapred.Merger (Merger.java:merge(705)) - Down to the last merge-pass, with 1 segments left of total size: 132 bytes
2022-10-18 11:27:20,408 INFO  [pool-23-thread-1] reduce.MergeManagerImpl (MergeManagerImpl.java:finalMerge(762)) - Merged 1 segments, 142 bytes to disk to satisfy reduce memory limit
2022-10-18 11:27:20,409 INFO  [pool-23-thread-1] reduce.MergeManagerImpl (MergeManagerImpl.java:finalMerge(792)) - Merging 1 files, 146 bytes from disk
2022-10-18 11:27:20,409 INFO  [pool-23-thread-1] reduce.MergeManagerImpl (MergeManagerImpl.java:finalMerge(807)) - Merging 0 segments, 0 bytes from memory into reduce
2022-10-18 11:27:20,409 INFO  [pool-23-thread-1] mapred.Merger (Merger.java:merge(606)) - Merging 1 sorted segments
2022-10-18 11:27:20,409 INFO  [pool-23-thread-1] mapred.Merger (Merger.java:merge(705)) - Down to the last merge-pass, with 1 segments left of total size: 132 bytes
2022-10-18 11:27:20,409 INFO  [pool-23-thread-1] mapred.LocalJobRunner (LocalJobRunner.java:statusUpdate(634)) - 1 / 1 copied.
2022-10-18 11:27:20,464 INFO  [pool-23-thread-1] mapred.Task (Task.java:done(1244)) - Task:attempt_local40987364_0007_r_000000_0 is done. And is in the process of committing
2022-10-18 11:27:20,464 INFO  [pool-23-thread-1] mapred.LocalJobRunner (LocalJobRunner.java:statusUpdate(634)) - 1 / 1 copied.
2022-10-18 11:27:20,464 INFO  [pool-23-thread-1] mapred.Task (Task.java:commit(1421)) - Task attempt_local40987364_0007_r_000000_0 is allowed to commit now
2022-10-18 11:27:20,477 INFO  [pool-23-thread-1] output.FileOutputCommitter (FileOutputCommitter.java:commitTask(606)) - Saved output of task 'attempt_local40987364_0007_r_000000_0' to file:/home/vthamalla/project3/output
2022-10-18 11:27:20,477 INFO  [pool-23-thread-1] mapred.LocalJobRunner (LocalJobRunner.java:statusUpdate(634)) - reduce > reduce
2022-10-18 11:27:20,478 INFO  [pool-23-thread-1] mapred.Task (Task.java:sendDone(1380)) - Task 'attempt_local40987364_0007_r_000000_0' done.
2022-10-18 11:27:20,478 INFO  [pool-23-thread-1] mapred.Task (Task.java:done(1276)) - Final Counters for attempt_local40987364_0007_r_000000_0: Counters: 24
	File System Counters
		FILE: Number of bytes read=68661
		FILE: Number of bytes written=3883318
		FILE: Number of read operations=0
		FILE: Number of large read operations=0
		FILE: Number of write operations=0
	Map-Reduce Framework
		Combine input records=0
		Combine output records=0
		Reduce input groups=2
		Reduce shuffle bytes=146
		Reduce input records=10
		Reduce output records=2
		Spilled Records=10
		Shuffled Maps =1
		Failed Shuffles=0
		Merged Map outputs=1
		GC time elapsed (ms)=0
		Total committed heap usage (bytes)=2147483648
	Shuffle Errors
		BAD_ID=0
		CONNECTION=0
		IO_ERROR=0
		WRONG_LENGTH=0
		WRONG_MAP=0
		WRONG_REDUCE=0
	File Output Format Counters 
		Bytes Written=20
2022-10-18 11:27:20,478 INFO  [pool-23-thread-1] mapred.LocalJobRunner (LocalJobRunner.java:run(353)) - Finishing task: attempt_local40987364_0007_r_000000_0
2022-10-18 11:27:20,478 INFO  [Thread-42] mapred.LocalJobRunner (LocalJobRunner.java:runTasks(486)) - reduce task executor complete.
2022-10-18 11:27:21,304 INFO  [main] mapreduce.Job (Job.java:monitorAndPrintJob(1635)) - Job job_local40987364_0007 running in uber mode : false
2022-10-18 11:27:21,305 INFO  [main] mapreduce.Job (Job.java:monitorAndPrintJob(1642)) -  map 100% reduce 100%
2022-10-18 11:27:21,305 INFO  [main] mapreduce.Job (Job.java:monitorAndPrintJob(1653)) - Job job_local40987364_0007 completed successfully
2022-10-18 11:27:21,307 INFO  [main] mapreduce.Job (Job.java:monitorAndPrintJob(1660)) - Counters: 30
	File System Counters
		FILE: Number of bytes read=136998
		FILE: Number of bytes written=7766470
		FILE: Number of read operations=0
		FILE: Number of large read operations=0
		FILE: Number of write operations=0
	Map-Reduce Framework
		Map input records=10
		Map output records=10
		Map output bytes=120
		Map output materialized bytes=146
		Input split bytes=115
		Combine input records=0
		Combine output records=0
		Reduce input groups=2
		Reduce shuffle bytes=146
		Reduce input records=10
		Reduce output records=2
		Spilled Records=20
		Shuffled Maps =1
		Failed Shuffles=0
		Merged Map outputs=1
		GC time elapsed (ms)=0
		Total committed heap usage (bytes)=4294967296
	Shuffle Errors
		BAD_ID=0
		CONNECTION=0
		IO_ERROR=0
		WRONG_LENGTH=0
		WRONG_MAP=0
		WRONG_REDUCE=0
	File Input Format Counters 
		Bytes Read=607
	File Output Format Counters 
		Bytes Written=20
